Parameters for this run are:  {'A': 0.32455739091877106, 'ETA': 0.00089, 'DEBYE_LENGTH_WALL': 0.16227869545938553, 'gfactor': 1.0, 'n_steps': 200, 'REPULSION_STRENGTH_WALL': 0.0, 'dt': 0.01, 'scheme': 'PC', 'M': array([ 0.00015394,  0.00015394,  0.00015394,  0.00015394,  0.00015394,
        0.00015394,  0.00015394,  0.00015394,  0.00015394,  0.00015394,
        0.00015394,  0.00015394,  0.00015394,  0.00015394,  0.00015394]), 'KT': 0.0}
dz =  2.0
Nrods =  1
Nblobs =  15
1 1.2362942999e-14
1 1.58284759424e-18
At step 0 out of 200
1 2.98263010695e-18
1 3.09404950992e-18
1 1.17432120364e-18
1 2.05200586757e-18
1 1.45510099813e-18
1 1.91454530306e-18
1 4.62117648491e-18
1 1.0976746352e-18
1 2.0844382497e-18
1 2.05939082727e-18
1 8.8034800593e-19
1 2.8580500801e-18
1 4.3459195965e-18
1 1.90574237559e-18
1 9.82677774584e-19
1 1.17638405195e-18
1 6.59127039465e-19
1 2.61392836028e-18
1 1.84993837464e-18
1 2.32973056329e-18
At step 10 out of 200
1 1.7280065418e-18
1 1.90091055918e-18
1 8.33056428214e-19
1 1.19831531849e-18
1 2.11763800729e-18
1 4.16530305622e-18
1 1.40478799316e-18
1 7.76859459985e-19
1 1.64943165936e-18
1 2.46784268945e-18
1 1.68741563119e-18
1 1.14852330972e-18
1 1.81386148704e-18
1 9.47490822425e-19
1 1.52991978414e-18
1 4.39267373068e-18
1 2.42464069852e-18
1 2.78110391898e-18
1 4.81896465385e-18
1 3.34510579547e-18
At step 20 out of 200
1 2.41640830167e-18
1 3.45239362307e-18
1 1.75563629869e-18
1 3.15643476442e-18
1 1.58548161943e-18
1 2.21147515016e-18
1 1.02120791856e-18
1 3.83804004155e-18
1 1.9464212698e-18
1 1.17860178328e-18
1 2.18196186251e-18
1 2.25759679176e-18
1 3.39882697441e-18
1 1.28382733877e-18
1 4.59820576281e-18
1 4.24427130487e-18
1 2.43733159744e-18
1 3.21648712893e-18
1 3.56014566394e-18
1 1.88873225388e-18
At step 30 out of 200
1 9.58151974883e-19
1 2.05426929852e-18
1 1.85087443883e-18
1 1.7097142901e-18
1 1.9074657508e-18
1 1.67888834764e-18
1 1.29143030865e-18
1 1.3430755632e-18
1 1.79232237889e-18
1 3.24157162484e-18
1 2.99561824897e-18
1 3.21959863246e-18
1 1.20164335564e-18
1 3.28491079483e-18
1 1.811412295e-18
1 1.77290113435e-18
1 1.5528244481e-18
1 2.82807558992e-18
1 3.24676814229e-18
1 2.27030281456e-18
At step 40 out of 200
1 1.13933084414e-18
1 1.28139363831e-18
1 4.56922429022e-18
1 1.79187296236e-18
1 1.24147371282e-18
1 2.91281911323e-18
1 1.22296766894e-18
1 4.43694303143e-18
1 9.22283543723e-19
1 4.34047300906e-18
1 1.06224703226e-18
1 2.62766654146e-18
1 7.16705750072e-19
1 1.96192265425e-18
1 1.86430693009e-18
1 2.26195032052e-18
1 1.54239027527e-18
1 2.44462362639e-18
1 2.20249365433e-18
1 2.46287280535e-18
At step 50 out of 200
1 2.37935186328e-18
1 8.11667795247e-19
1 1.97982743688e-18
1 2.31939095603e-18
1 2.05256939422e-18
1 4.36917266689e-18
1 2.66636490738e-18
1 1.56936767743e-18
1 7.31720930643e-19
1 2.0371401463e-18
1 1.97382695533e-18
1 1.72493765421e-18
1 2.019568907e-18
1 1.63681534363e-18
1 2.28299591082e-18
1 2.1377060913e-18
1 2.02290938193e-18
1 3.77606093121e-18
1 2.59325884617e-18
1 2.39426936594e-18
At step 60 out of 200
1 4.53544512853e-18
1 1.68080996265e-18
1 4.89634728714e-18
1 1.38800426046e-18
1 1.46043442205e-18
1 2.22714418179e-18
1 2.45549014477e-18
1 1.33275774675e-18
1 2.75006017804e-18
1 1.77811552424e-18
1 1.90151339153e-18
1 9.87544922305e-19
1 1.23274837369e-18
1 1.10606630358e-18
1 1.19302879795e-18
1 2.00032096179e-18
1 2.22271665153e-18
1 1.29390745734e-18
1 2.75264662974e-18
1 1.57201553519e-18
At step 70 out of 200
1 4.66612633296e-18
1 4.79009481729e-18
1 4.06389984325e-18
1 4.03071099033e-18
1 1.97682320449e-18
1 2.68345679798e-18
1 2.39938541306e-18
1 4.58401984733e-18
1 2.81022614761e-18
1 1.85219931769e-18
1 9.56348031494e-19
1 1.1579575804e-18
1 3.52936778317e-18
1 1.48929921818e-18
1 3.33577074038e-18
1 2.60163225546e-18
1 1.79450684304e-18
1 2.43571097241e-18
1 2.05983734194e-18
1 3.38706726316e-18
At step 80 out of 200
1 3.87278069186e-18
1 2.76591635573e-18
1 1.85110655085e-18
1 1.16455168499e-18
1 2.09104456201e-18
1 3.24896184482e-18
1 2.02779503938e-18
1 1.37380172259e-18
1 2.58159034066e-18
1 1.37657687236e-18
1 2.53436336458e-18
1 1.67833914507e-18
1 1.15836617638e-18
1 1.52630977549e-18
1 2.04001656582e-18
1 3.18363878457e-18
1 2.38875461209e-18
1 2.66787560131e-18
1 2.97075394095e-18
1 2.17950723404e-18
At step 90 out of 200
1 1.20570944349e-18
1 2.03501796453e-18
1 4.16605901533e-18
1 2.18168782486e-18
1 1.24983943053e-18
1 8.47573949523e-19
1 1.48633404738e-18
1 2.10779261527e-18
1 3.26673081213e-18
1 5.48722295247e-18
1 2.7726735208e-18
1 1.13960552264e-18
1 2.07181537659e-18
1 3.36906444271e-18
1 4.09922380008e-18
1 2.19998498405e-18
1 2.03270322786e-18
1 1.47809709889e-18
1 1.90818535882e-18
1 2.32343665764e-18
At step 100 out of 200
1 5.85329928303e-18
1 1.58623935494e-18
1 1.48579787205e-18
1 2.59885339561e-18
1 2.03005336967e-18
1 1.47874612796e-18
1 1.05012912503e-18
1 1.58384778909e-18
1 2.54971017183e-18
1 1.28057060149e-18
1 2.77197308975e-18
1 2.56673107918e-18
1 2.21129738092e-18
1 1.7222725902e-18
1 2.66986436078e-18
1 2.07593337985e-18
1 2.31302816781e-18
1 1.49088582149e-18
1 1.06266910284e-18
1 1.9621134256e-18
At step 110 out of 200
1 1.6228455574e-18
1 2.00198001088e-18
1 1.27917130845e-18
1 2.21361985313e-18
1 1.57936612845e-18
1 3.98283882885e-18
1 2.34182549596e-18
1 1.73269434977e-18
1 2.1356767432e-18
1 3.38279460816e-18
1 2.52818383017e-18
1 4.05889516904e-18
1 7.92046921254e-19
1 1.0305421325e-18
1 1.64572911762e-18
1 1.9916869901e-18
1 1.99474135085e-18
1 2.11463668719e-18
1 4.00667114394e-18
1 3.27137685777e-18
At step 120 out of 200
1 3.65503915972e-18
1 2.00326615182e-18
1 1.4382207122e-18
1 1.7105305584e-18
1 3.14835441404e-18
1 1.66510397219e-18
1 9.97132360701e-19
1 2.51077742971e-18
1 2.66010982647e-18
1 1.76735955436e-18
1 2.81796225125e-18
1 1.42430595808e-18
1 1.65182000883e-18
1 4.96726894528e-18
1 2.04583616052e-18
1 3.04804920474e-18
1 1.68490377988e-18
1 2.63254014018e-18
1 3.03091249549e-18
1 2.17072864542e-18
At step 130 out of 200
1 1.26958089239e-18
1 1.34251184934e-18
1 2.96533240267e-18
1 2.9398574156e-18
1 2.08589119542e-18
1 2.00757824825e-18
1 2.99347601755e-18
1 3.05008399975e-18
1 3.49750874945e-18
1 1.92876805206e-18
1 1.33623455108e-18
1 2.84114053664e-18
1 1.71922332608e-18
1 4.0837845127e-18
1 2.84551122805e-18
1 4.53291457205e-18
1 1.84242904198e-18
1 1.72446317855e-18
1 2.02245902591e-18
1 2.74653148997e-18
At step 140 out of 200
1 2.84501752203e-18
1 2.49985037166e-18
1 9.90146347013e-19
1 2.02331375947e-18
1 3.08750373503e-18
1 2.27322297721e-18
1 2.0196344741e-18
1 1.97150969619e-18
1 2.70685782137e-18
1 2.09889925101e-18
1 2.1894424972e-18
1 4.51485516279e-18
1 2.88335564331e-18
1 2.07615615434e-18
1 2.04089121904e-18
1 2.21876679864e-18
1 6.55734704194e-19
1 4.47923076456e-18
1 1.78051425034e-18
1 1.71770490946e-18
At step 150 out of 200
1 2.71249209677e-18
1 1.18930186265e-18
1 3.24858164565e-18
1 3.82567756478e-18
1 2.89109817316e-18
1 3.32508553435e-18
1 3.26262436328e-18
1 2.34129759337e-18
1 1.55174521939e-18
1 3.79334618438e-18
1 2.71010558684e-18
1 2.77727425609e-18
1 1.27081292587e-18
1 1.80113804516e-18
1 2.98820856188e-18
1 2.76967587425e-18
1 2.68830719068e-18
1 3.70274219009e-18
1 1.41726239045e-18
1 2.06239307442e-18
At step 160 out of 200
1 4.93898271339e-18
1 9.69020106094e-19
1 6.98299298604e-19
1 1.89129693059e-18
1 1.85799965691e-18
1 1.57264677567e-18
1 2.43371347804e-18
1 7.19974026391e-18
1 1.72677542207e-18
1 4.2017498565e-18
1 5.07429609619e-18
1 2.11080497259e-18
1 4.04310176684e-18
1 1.94675338495e-18
1 5.43625150382e-19
1 1.66329553995e-18
1 8.06185018056e-19
1 2.66417533209e-18
1 1.71483821513e-18
1 4.8113178896e-18
At step 170 out of 200
1 1.18006196528e-18
1 2.83179678925e-18
1 1.91248896352e-18
1 1.6780512645e-18
1 4.56502867961e-18
1 3.01116832658e-18
1 2.13859214673e-18
1 2.8526170914e-18
1 1.85841628592e-18
1 1.11305971232e-18
1 2.93879118937e-18
1 2.2842481886e-18
1 1.05549514491e-18
1 1.93277168094e-18
1 2.32900024176e-18
1 1.96578206365e-18
1 3.40609844372e-18
1 1.51527508014e-18
1 4.39970058476e-18
1 4.30307656703e-18
At step 180 out of 200
1 2.66987173258e-18
1 3.05342689741e-18
1 1.29899091872e-18
1 3.13706517514e-18
1 9.08973553214e-19
1 1.07705792822e-18
1 2.7524843647e-18
1 4.67331361374e-18
1 3.36375250165e-18
1 1.04734484069e-18
1 2.80417429892e-18
1 1.21578437125e-18
1 2.58950757162e-18
1 1.35778658216e-18
1 1.53761210872e-18
1 3.5860449674e-18
1 3.10469628765e-18
1 1.93679179396e-18
1 7.75073521751e-19
1 1.29565755e-18
At step 190 out of 200
1 2.13702265881e-18
1 1.83942190269e-18
1 1.80723803914e-18
1 4.40218174299e-18
1 1.73830113095e-18
1 1.54976400376e-18
1 1.88597149417e-18
1 2.18978224605e-18
1 1.85613123682e-18
1 2.78101826941e-18
1 1.6139643394e-18
1 4.23889645321e-18
1 4.60360946355e-18
1 6.60390093093e-19
1 1.19769155148e-18
1 2.42969034395e-18
1 1.42484032239e-18
1 2.41603089564e-18
Finished timestepping. Total Time: 19.50 seconds.
Integrator Rejection rate: 0.0
