Parameters for this run are:  {'A': 0.32455739091877106, 'ETA': 0.00089, 'DEBYE_LENGTH_WALL': 0.16227869545938553, 'gfactor': 1.0, 'n_steps': 400, 'REPULSION_STRENGTH_WALL': 0.0, 'dt': 0.005, 'scheme': 'PC', 'M': array([ 0.00015394,  0.00015394,  0.00015394,  0.00015394,  0.00015394,
        0.00015394,  0.00015394,  0.00015394,  0.00015394,  0.00015394,
        0.00015394,  0.00015394,  0.00015394,  0.00015394,  0.00015394]), 'KT': 0.0}
dz =  2.0
Nrods =  1
Nblobs =  15
1 1.2362942999e-14
1 2.94440732944e-18
At step 0 out of 400
1 4.95071980345e-19
1 2.06103092922e-18
1 1.4005280401e-18
1 1.62246086652e-18
1 1.30623507211e-18
1 9.47594677621e-19
1 1.55900803194e-18
1 1.36600018259e-18
1 1.04923923737e-18
1 1.8588421047e-18
1 6.81644470022e-19
1 1.02175467954e-18
1 1.33099677604e-18
1 1.49058593672e-18
1 9.2814383214e-19
1 3.91826315534e-19
1 1.16691481157e-18
1 7.60882857892e-19
1 1.72741505066e-18
1 7.13256878581e-19
1 9.45614166054e-19
1 7.74624522732e-19
1 1.22753510521e-18
1 1.24982681904e-18
1 2.29788196227e-18
1 9.19923643862e-19
1 3.33252600936e-19
1 9.57192853262e-19
1 4.06665311778e-19
1 1.78912771718e-18
1 6.35378307992e-19
1 9.33684726446e-19
1 2.07559731944e-18
1 9.82122882661e-19
1 1.47199630952e-18
1 3.86798702317e-19
1 1.19436228653e-18
1 1.08883016022e-18
1 1.02176735327e-18
1 1.76616058319e-18
At step 20 out of 400
1 2.8284837397e-18
1 6.61691576647e-19
1 1.21059111463e-18
1 1.11354569808e-18
1 1.33307549547e-18
1 9.3403694734e-19
1 1.08450306111e-18
1 2.79421894379e-18
1 1.01062429499e-18
1 6.62212373374e-19
1 6.76097741176e-19
1 5.72814142344e-19
1 1.29203209587e-18
1 9.86329691273e-19
1 1.4762922373e-18
1 6.85545030897e-19
1 1.61553218234e-18
1 3.24420129336e-19
1 2.14522788489e-18
1 5.95661086413e-19
1 1.33469682206e-18
1 6.65407248907e-19
1 4.67300216193e-19
1 1.35919195873e-18
1 2.05091772699e-18
1 1.34256951757e-18
1 1.99161983263e-18
1 1.93203192324e-18
1 2.30930205901e-18
1 1.2380027171e-18
1 1.03757908865e-18
1 9.77920445647e-19
1 1.07999440833e-18
1 6.60365326413e-19
1 1.71596925438e-18
1 1.1725322907e-18
1 1.1024842044e-18
1 1.44463316177e-18
1 1.01919167733e-18
1 5.92265652544e-19
At step 40 out of 400
1 8.56522174349e-19
1 1.07815281647e-18
1 5.72971946105e-19
1 8.54461606847e-19
1 7.14310243376e-19
1 1.61576800103e-18
1 8.76292295457e-19
1 1.25710576764e-18
1 5.8187853701e-19
1 9.80578514419e-19
1 1.09187038338e-18
1 2.71806261535e-18
1 5.79665620984e-19
1 1.98450479713e-18
1 8.84900760878e-19
1 7.81330985392e-19
1 1.03794521852e-18
1 8.39417251784e-19
1 9.80647596688e-19
1 1.23145932613e-18
1 8.43071282496e-19
1 2.2353002461e-18
1 1.0066980185e-18
1 1.17502423105e-18
1 1.43771734497e-18
1 1.23845018788e-18
1 7.47856862211e-19
1 1.81487735224e-18
1 1.68585867457e-18
1 1.01788927955e-18
1 1.06228798125e-18
1 1.02340297602e-18
1 7.95999221897e-19
1 1.32667785895e-18
1 1.05569231767e-18
1 4.2626319344e-19
1 2.0524998169e-18
1 2.14059578191e-18
1 6.08362765956e-19
1 1.15146402813e-18
At step 60 out of 400
1 5.69518260757e-19
1 8.40836449533e-19
1 1.08954283963e-18
1 7.2754260065e-19
1 1.14198700237e-18
1 1.794858839e-18
1 4.46616352235e-19
1 5.53120693813e-19
1 9.81804862174e-19
1 8.93462482687e-19
1 1.10502476957e-18
1 1.25796275318e-18
1 5.38083782248e-19
1 1.00442581639e-18
1 8.43402234634e-19
1 6.65089557465e-19
1 7.08686677171e-19
1 8.25763519874e-19
1 3.95446680998e-19
1 6.87029448134e-19
1 3.91685423936e-19
1 5.20366593904e-19
1 4.62875955158e-19
1 2.05189409917e-18
1 1.31299992896e-18
1 1.19574754202e-18
1 2.34148915551e-18
1 7.88431743874e-19
1 1.57615017144e-18
1 9.29491811863e-19
1 1.27576670669e-18
1 7.26548777458e-19
1 4.32724740268e-19
1 1.79641482908e-18
1 8.75534658313e-19
1 5.46994088192e-19
1 1.02357440069e-18
1 1.33589596679e-18
1 1.54634845407e-18
1 2.81269817956e-18
At step 80 out of 400
1 1.02233319432e-18
1 8.60646970456e-19
1 5.51975500185e-19
1 5.72575706407e-19
1 1.07520122853e-18
1 5.97075296043e-19
1 2.708672292e-18
1 8.33943893365e-19
1 1.74920456198e-18
1 6.64217843285e-19
1 2.00197708911e-18
1 9.86572023778e-19
1 1.25307341687e-18
1 1.05639324283e-18
1 3.69133421421e-19
1 5.00810504419e-19
1 9.25824634222e-19
1 1.50401798519e-18
1 1.58972319808e-18
1 5.88865800127e-19
1 1.24095633615e-18
1 5.74505616244e-19
1 3.0238679851e-18
1 1.54631783417e-18
1 1.28926957234e-18
1 1.29432182109e-18
1 1.63086933149e-18
1 7.59584693114e-19
1 1.41361857806e-18
1 1.3440312811e-18
1 8.17437228167e-19
1 5.63005562743e-19
1 1.76413411192e-18
1 1.46062569523e-18
1 1.43992678997e-18
1 8.41345004062e-19
1 1.86582187778e-18
1 6.82090024628e-19
1 1.6336381226e-18
1 1.22161296835e-18
At step 100 out of 400
1 8.37670916259e-19
1 9.43817260626e-19
1 1.58281922593e-18
1 2.19698328453e-18
1 7.54895197196e-19
1 5.0988976356e-19
1 5.79156106525e-19
1 1.5672881916e-18
1 5.12000260445e-19
1 9.22827594095e-19
1 1.53194264656e-18
1 1.15878825692e-18
1 1.24017982307e-18
1 1.25553970846e-18
1 1.16378176778e-18
1 8.71656636959e-19
1 1.09602781937e-18
1 1.91508709007e-18
1 1.31420297708e-18
1 1.46093604661e-18
1 1.51051725459e-18
1 1.0242321337e-18
1 1.18360343844e-18
1 1.36978777963e-18
1 1.72298214928e-18
1 1.84898842432e-18
1 1.15734830486e-18
1 7.77011576115e-19
1 4.38744647643e-19
1 1.63706040468e-18
1 5.88197904065e-19
1 1.19919156899e-18
1 6.38750267144e-19
1 2.1092143985e-18
1 1.67023510764e-18
1 1.78252855069e-18
1 6.77743089865e-19
1 1.54051133596e-18
1 1.05513091436e-18
1 1.37734745907e-18
At step 120 out of 400
1 1.33098743893e-18
1 8.23782812484e-19
1 1.60520316855e-18
1 7.10983526997e-19
1 9.38888116581e-19
1 1.439864802e-18
1 1.48647543525e-18
1 4.83817295074e-19
1 1.6261137314e-18
1 8.66633786292e-19
1 1.1774279948e-18
1 8.1325297829e-19
1 1.25982283864e-18
1 1.05223729349e-18
1 5.15228661835e-19
1 6.14640045128e-19
1 1.06224874549e-18
1 1.13774890214e-18
1 2.02763567911e-18
1 5.48328227752e-19
1 1.75686242138e-18
1 9.85710889251e-19
1 1.35683016464e-18
1 1.00812093137e-18
1 1.39896654923e-18
1 4.96661968199e-19
1 1.43551788623e-18
1 1.13807018561e-18
1 1.19708764395e-18
1 9.92156236522e-19
1 1.94954681279e-18
1 9.38687002575e-19
1 1.8058296481e-18
1 4.46335139769e-19
1 3.61391411804e-19
1 6.30602336711e-19
1 3.76795859198e-19
1 1.33527651458e-18
1 1.03311185576e-18
1 1.24001801712e-18
At step 140 out of 400
1 1.67141695266e-18
1 6.16577095083e-19
1 1.03253494127e-18
1 1.21876069328e-18
1 7.99902348879e-19
1 1.44428548758e-18
1 6.01602430774e-19
1 1.78802929722e-18
1 1.82435239668e-18
1 1.47220865861e-18
1 1.77680458907e-18
1 5.2408822171e-19
1 1.19159156095e-18
1 8.03160870259e-19
1 5.36388137198e-19
1 1.28058671396e-18
1 1.14871235722e-18
1 1.35416194088e-18
1 1.82434117632e-18
1 8.69487013622e-19
1 5.05432088628e-19
1 1.97081493255e-18
1 1.22227331479e-18
1 1.01349189685e-18
1 1.39338776406e-18
1 8.89844337929e-19
1 1.00277009697e-18
1 2.22599564595e-18
1 7.15851619693e-19
1 1.54039291366e-18
1 1.01833235839e-18
1 1.09221617689e-18
1 1.42221795436e-18
1 1.79027862452e-18
1 6.10885239382e-19
1 1.03169162474e-18
1 6.77443396827e-19
1 6.08587209688e-19
1 1.22406729658e-18
1 6.02790701902e-19
At step 160 out of 400
1 3.87404882382e-19
1 1.31977104824e-18
1 1.02985499055e-18
1 1.2549669897e-18
1 8.160638362e-19
1 7.46169560383e-19
1 7.0133568835e-19
1 9.00498094838e-19
1 7.90490040156e-19
1 1.15500289708e-18
1 6.8115297126e-19
1 1.09926423289e-18
1 1.24828964001e-18
1 1.66690268736e-18
1 1.7749270237e-18
1 1.37343877015e-18
1 7.71678998368e-19
1 3.29125686174e-19
1 5.88438060015e-19
1 7.00352693772e-19
1 1.26763138021e-18
1 1.15709580762e-18
1 6.22255391977e-19
1 2.61718436707e-18
1 5.96307624911e-19
1 6.23804258127e-19
1 7.37593519625e-19
1 1.21377277869e-18
1 6.77128680338e-19
1 9.4288432699e-19
1 1.01487876391e-18
1 1.6694634969e-18
1 1.98117891407e-18
1 8.9140820549e-19
1 2.51129807716e-18
1 6.55860779359e-19
1 5.35392754553e-19
1 8.51795329735e-19
1 2.25201474267e-18
1 1.49666211875e-18
At step 180 out of 400
1 1.30954603318e-18
1 6.43800976537e-19
1 1.06965967604e-18
1 1.19881594957e-18
1 1.4250268388e-18
1 1.80404890391e-18
1 1.17119896804e-18
1 1.53548236442e-18
1 9.7773083328e-19
1 9.60499073757e-19
1 7.3591500628e-19
1 5.72938139693e-19
1 1.86694038163e-18
1 1.60199908007e-18
1 7.34926688175e-19
1 5.69140113911e-19
1 2.11529690277e-18
1 1.28736977784e-18
1 5.80584298563e-19
1 1.45363498686e-18
1 1.5744177476e-18
1 7.9521115299e-19
1 1.14406204995e-18
1 8.36509895814e-19
1 4.92619610473e-19
1 9.19556433141e-19
1 7.14030718572e-19
1 1.08253081106e-18
1 5.84335846097e-19
1 1.24022871754e-18
1 6.38873962604e-19
1 1.22348387673e-18
1 9.02006919677e-19
1 3.00906673993e-19
1 1.08925086457e-18
1 4.06082306815e-19
1 1.17292273694e-18
1 7.55921411144e-19
1 3.06859898848e-18
1 9.73946126865e-19
At step 200 out of 400
1 7.99499765163e-19
1 1.11973522156e-18
1 9.03277188616e-19
1 1.7204348657e-18
1 1.44777873686e-18
1 4.3955039334e-19
1 6.12897810996e-19
1 1.50689040507e-18
1 1.88189518809e-18
1 1.04371779762e-18
1 7.08540093778e-19
1 5.98022908526e-19
1 2.80774103141e-18
1 1.57544186905e-18
1 8.94994493459e-19
1 3.22185551553e-18
1 2.68242369394e-19
1 1.54301282032e-18
1 1.67667430025e-18
1 1.15101098274e-18
1 9.99527982213e-19
1 2.04950454723e-18
1 1.96183023906e-18
1 1.07994629102e-18
1 1.50673391425e-18
1 1.59177648807e-18
1 3.33184758659e-19
1 8.88712634786e-19
1 4.34123329332e-19
1 5.82733958753e-19
1 1.01223856448e-18
1 1.85457533995e-18
1 1.40386187809e-18
1 5.55669621335e-19
1 1.49113147342e-18
1 1.50044450512e-18
1 8.77380764547e-19
1 8.24181399075e-19
1 6.50428174979e-19
1 1.20051395876e-18
At step 220 out of 400
1 1.72240465906e-18
1 5.95141665143e-19
1 1.63585548957e-18
1 9.24572605495e-19
1 7.11611861253e-19
1 1.82478554795e-18
1 2.20021561974e-18
1 1.59456733706e-18
1 1.13328049261e-18
1 6.43203849527e-19
1 7.81083668084e-19
1 1.29517097114e-18
1 1.01842341734e-18
1 4.49478624288e-19
1 1.91525877883e-18
1 9.97582459606e-19
1 1.3050534351e-18
1 2.09379105884e-18
1 1.11808442792e-18
1 2.05237404393e-18
1 1.68487652557e-18
1 9.52236276357e-19
1 2.36894536786e-18
1 1.15143192807e-18
1 7.52862845543e-19
1 6.44144280594e-19
1 6.67581505064e-19
1 1.28158425356e-18
1 2.68040289409e-18
1 9.26030599462e-19
1 7.07973507765e-19
1 1.662908981e-18
1 6.80405865233e-19
1 1.47506995742e-18
1 1.04133817139e-18
1 2.51939962736e-18
1 4.73650071456e-19
1 1.5852866177e-18
1 1.799943763e-18
1 8.25450991717e-19
At step 240 out of 400
1 1.02642515628e-18
1 2.79765720611e-18
1 8.82283142323e-19
1 1.30083549239e-18
1 6.00372027143e-19
1 2.12445476012e-18
1 9.31989642033e-19
1 2.17951340678e-18
1 4.09989738781e-19
1 1.39059968515e-18
1 1.11391729254e-18
1 7.4959908329e-19
1 1.87211583857e-18
1 5.18391057406e-19
1 5.79662106529e-19
1 8.63439492751e-19
1 1.80241305977e-18
1 9.20465289237e-19
1 1.12706877745e-18
1 5.53705668521e-19
1 9.65663414163e-19
1 1.68751723054e-18
1 1.1400476261e-18
1 1.32990464308e-18
1 1.03471625981e-18
1 5.72593987746e-19
1 6.54997178947e-19
1 1.46172467848e-18
1 7.74300925106e-19
1 1.31667540669e-18
1 7.81208260396e-19
1 9.97206700705e-19
1 8.11565917299e-19
1 4.77779219834e-19
1 1.17929890724e-18
1 9.51684698172e-19
1 1.47205307407e-18
1 8.2967274065e-19
1 1.4116222541e-18
1 7.69730846645e-19
At step 260 out of 400
1 8.76005437623e-19
1 1.14669605323e-18
1 5.79812573342e-19
1 7.5316958318e-19
1 1.08344544011e-18
1 2.79254323594e-18
1 2.41660486819e-18
1 8.70134652994e-19
1 1.20380781474e-18
1 1.68994214736e-18
1 1.22728752025e-18
1 9.34302093349e-19
1 1.29922217332e-18
1 6.74301155067e-19
1 7.72145643e-19
1 1.20413683259e-18
1 1.91915018599e-18
1 1.20045772741e-18
1 1.64749973665e-18
1 9.12338388951e-19
1 1.77295173881e-18
1 1.45644851546e-18
1 1.23041134257e-18
1 2.26102070734e-18
1 8.0732322744e-19
1 1.30563314773e-18
1 3.17920463878e-19
1 1.36609712568e-18
1 1.55232523092e-18
1 7.89181819185e-19
1 9.90541796068e-19
1 1.32638626368e-18
1 1.31360204363e-18
1 1.44903021784e-18
1 6.89786584413e-19
1 5.3020037087e-19
1 5.27326334588e-19
1 1.1839466041e-18
1 6.21848079073e-19
1 4.31295744814e-19
At step 280 out of 400
1 4.54673787232e-19
1 1.69283470306e-18
1 1.10116249953e-18
1 1.07863017293e-18
1 1.4311451116e-18
1 1.70051253067e-18
1 1.11066733903e-18
1 1.37112170615e-18
1 1.2754748806e-18
1 1.85076411797e-18
1 9.37340102883e-19
1 5.15258445636e-19
1 1.89735046966e-18
1 1.38655482999e-18
1 9.20266270518e-19
1 1.86803540416e-18
1 6.37480208507e-19
1 7.82534568717e-19
1 9.24150209485e-19
1 1.21279922134e-18
1 5.8908640284e-19
1 7.92926869274e-19
1 3.22335003919e-18
1 8.16853872118e-19
1 9.19673826876e-19
1 1.3736347352e-18
1 3.91619809991e-19
1 3.83131361501e-19
1 7.72665252682e-19
1 5.64320021953e-19
1 1.80009707468e-18
1 1.01930297085e-18
1 1.67773652274e-18
1 3.95744126797e-19
1 4.62221286377e-19
1 1.44377285597e-18
1 1.07113999614e-18
1 1.29487207268e-18
1 1.31465158001e-18
1 2.10867276123e-18
At step 300 out of 400
1 1.32074816428e-18
1 9.11925067887e-19
1 1.785962233e-18
1 9.14544210113e-19
1 8.0312069206e-19
1 1.7670410083e-18
1 8.50347604224e-19
1 1.37795312568e-18
1 1.68793966118e-18
1 9.99079574118e-19
1 1.33385208245e-18
1 2.17686489078e-18
1 1.53397299836e-18
1 9.83445614012e-19
1 1.44951805363e-18
1 1.07006600239e-18
1 2.17137361061e-19
1 1.14325827193e-18
1 1.18703469451e-18
1 1.22269678662e-18
1 1.1347359032e-18
1 9.7050131131e-19
1 8.44716597381e-19
1 9.34806143608e-19
1 1.36772575164e-18
1 6.35099514706e-19
1 1.44769460109e-18
1 1.6395015937e-18
1 8.88017425155e-19
1 1.19199184727e-18
1 7.70541394965e-19
1 1.36389288967e-18
1 2.70907881098e-18
1 3.43225284862e-19
1 1.15639423073e-18
1 1.28551287538e-18
1 1.17993497953e-18
1 1.01421315444e-18
1 1.26912590575e-18
1 6.50505547284e-19
At step 320 out of 400
1 1.04326594975e-18
1 1.54441888417e-18
1 1.24573726056e-18
1 2.777208572e-18
1 1.61463669567e-18
1 8.93955740586e-19
1 2.08480442792e-18
1 3.9327600028e-19
1 9.36397436423e-19
1 6.68652277363e-19
1 1.05387659106e-18
1 5.99957338118e-19
1 6.23769062959e-19
1 1.81710533396e-18
1 8.31274343606e-19
1 1.22046860829e-18
1 3.46077915502e-19
1 7.23643827447e-19
1 1.51064942408e-18
1 1.84532981244e-18
1 1.80488712604e-18
1 6.81910841374e-19
1 1.14243597914e-18
1 7.44954831752e-19
1 1.34020323511e-18
1 1.39398006497e-18
1 5.29327958676e-19
1 1.4570393113e-18
1 1.52759553791e-18
1 3.41406121458e-19
1 5.18707616535e-19
1 1.17422719742e-18
1 5.66030367729e-19
1 3.8989245035e-19
1 2.42461292207e-18
1 3.75545747535e-19
1 1.68554515279e-18
1 7.29400471134e-19
1 1.13732130312e-18
1 2.84451824785e-18
At step 340 out of 400
1 3.91275596796e-19
1 6.03294091883e-19
1 1.03007029844e-18
1 1.830280547e-18
1 1.17347645684e-18
1 1.61030523151e-18
1 3.0095745333e-19
1 1.10202191068e-18
1 1.71897610128e-18
1 9.61724641805e-19
1 2.01949050564e-18
1 2.29876138436e-18
1 7.69842374054e-19
1 4.2896351522e-19
1 2.16799740554e-18
1 1.88462811303e-18
1 1.64698800217e-18
1 4.29798626816e-19
1 2.18239085496e-18
1 1.17962404733e-18
1 9.84111406979e-19
1 1.74306037274e-18
1 6.05250863326e-19
1 1.51873424951e-18
1 1.43066735914e-18
1 7.57795851753e-19
1 6.36834003927e-19
1 4.8026706447e-19
1 1.03319866562e-18
1 1.14606555753e-18
1 7.38613676641e-19
1 1.10259782062e-18
1 9.56867613267e-19
1 1.12113628002e-18
1 6.22088179268e-19
1 4.6310631481e-19
1 1.06100621011e-18
1 1.16645901852e-18
1 1.27072723987e-18
1 6.59233988026e-19
At step 360 out of 400
1 9.61623332395e-19
1 8.96493775521e-19
1 1.35092497402e-18
1 7.03733604652e-19
1 9.63412075993e-19
1 1.38059352579e-18
1 1.27804991028e-18
1 1.58658145372e-18
1 2.13803280252e-18
1 4.01313238594e-19
1 1.11328567255e-18
1 6.8150053432e-19
1 9.01679834961e-19
1 7.05431195646e-19
1 2.06545319584e-18
1 1.46184244434e-18
1 9.2668371482e-19
1 7.34859434206e-19
1 1.80204128832e-18
1 8.85058184202e-19
1 2.56101468582e-18
1 9.12460889054e-19
1 5.47452044205e-19
1 1.16444304828e-18
1 2.57906066685e-19
1 2.70399197992e-18
1 1.20669081519e-18
1 1.79990883563e-18
1 1.34859037671e-18
1 6.13823245955e-19
1 6.42454308955e-19
1 2.24205269076e-19
1 1.65412367297e-18
1 5.0646433531e-19
1 1.52648150843e-18
1 1.93410351162e-18
1 1.09106779766e-18
1 6.21439882429e-19
1 1.07028139064e-18
1 1.13067182415e-18
At step 380 out of 400
1 9.78696405291e-19
1 2.11005521651e-18
1 8.21814280617e-19
1 1.62190574406e-18
1 1.98065380877e-18
1 1.10543416544e-18
1 2.50828825779e-18
1 1.19385304598e-18
1 4.45510170138e-19
1 2.62750435889e-18
1 1.31040130639e-18
1 1.46897931664e-18
1 1.0314476254e-18
1 2.04959512934e-18
1 1.22494035781e-18
1 1.66261376066e-18
1 1.0780108937e-18
1 1.04340576388e-18
1 1.41348079644e-18
1 1.01051418014e-18
1 7.30183271252e-19
1 1.27465108291e-18
1 2.7098348232e-18
1 9.47357471029e-19
1 9.33793510252e-19
1 2.1180475969e-18
1 1.19633190861e-18
1 7.71862427934e-19
1 1.0199911528e-18
1 7.53497366111e-19
1 9.15831305836e-19
1 1.00983714596e-18
1 1.06025334321e-18
1 6.43928446426e-19
1 1.77263811722e-18
1 1.00895442328e-18
1 9.40939634571e-19
1 5.96233680067e-19
Finished timestepping. Total Time: 7.88 minutes.
Integrator Rejection rate: 0.0
