Parameters for this run are:  {'A': 0.32455739091877106, 'ETA': 0.00089, 'DEBYE_LENGTH_WALL': 0.16227869545938553, 'gfactor': 1.0, 'n_steps': 1600, 'REPULSION_STRENGTH_WALL': 0.0, 'dt': 0.00125, 'scheme': 'EULER', 'M': array([ 0.00015394,  0.00015394,  0.00015394,  0.00015394,  0.00015394,
        0.00015394,  0.00015394,  0.00015394,  0.00015394,  0.00015394,
        0.00015394,  0.00015394,  0.00015394,  0.00015394,  0.00015394]), 'KT': 0.0}
dz =  2.0
Nrods =  1
Nblobs =  15
1 1.2362942999e-14
At step 0 out of 1600
1 6.68987178127e-19
1 3.79939224754e-19
1 8.87018838761e-19
1 6.68162304495e-19
1 7.65261059461e-19
1 7.18502864936e-19
1 1.45230493613e-18
1 4.91158476609e-19
1 3.18323559298e-19
1 4.2129776562e-19
1 3.50601819369e-19
1 5.24380629042e-19
1 5.86916618264e-19
1 8.23871609616e-19
1 5.25936582768e-19
1 3.14659135035e-19
1 3.90823484655e-19
1 2.96105412228e-19
1 5.53220102619e-19
1 4.3243747018e-19
1 5.21307241405e-19
1 2.70863143596e-19
1 8.74654667002e-19
1 5.67505517574e-19
1 4.75393756038e-19
1 3.69268891801e-19
1 7.89609063246e-19
1 6.5305487924e-19
1 4.76475802975e-19
1 7.26612498726e-19
1 4.57958348311e-19
1 7.86457025225e-19
1 1.09151664699e-18
1 4.35729901755e-19
1 1.84134471468e-19
1 8.40493089106e-19
1 2.39997256434e-19
1 5.44193803029e-19
1 1.49987426799e-19
1 3.9022470891e-19
1 3.65987255513e-19
1 2.27298446456e-19
1 4.92942748159e-19
1 8.1038466936e-19
1 4.36951304644e-19
1 1.17054387603e-18
1 3.94422690374e-19
1 2.63029044552e-19
1 3.18637595886e-19
1 6.5000578958e-19
1 8.00329041236e-19
1 5.97761978616e-19
1 6.41665110583e-19
1 4.41420659314e-19
1 5.08945552369e-19
1 3.24885114492e-19
1 5.9499602715e-19
1 7.02702410125e-19
1 6.17179430931e-19
1 2.50984914798e-19
1 4.67393728799e-19
1 9.65027200367e-19
1 2.56835448901e-19
1 1.35291921581e-18
1 1.01374971195e-18
1 8.58772556172e-19
1 5.82020124417e-19
1 5.02191256917e-19
1 2.38307812218e-19
1 8.90194911204e-19
1 4.16422415692e-19
1 4.99835455264e-19
1 1.42877573817e-19
1 1.88248356093e-19
1 3.52996343729e-19
1 9.12967072973e-19
1 2.68771811899e-19
1 5.15453035816e-19
1 3.58909963336e-19
1 3.0132804339e-19
At step 80 out of 1600
1 7.44412581172e-19
1 4.02894655849e-19
1 4.44620865566e-19
1 4.75508260151e-19
1 5.13402383881e-19
1 7.18651176885e-19
1 4.25627577526e-19
1 4.95664484244e-19
1 5.19807957464e-19
1 9.18296161062e-19
1 4.62314655908e-19
1 4.49113127878e-19
1 7.02355142659e-19
1 5.84850565053e-19
1 6.17039387761e-19
1 7.76826693965e-19
1 3.38266367181e-19
1 6.50274095079e-19
1 6.55757027909e-19
1 8.58009695085e-19
1 4.46240957292e-19
1 5.88822211096e-19
1 3.22243122876e-19
1 6.76568773326e-19
1 7.10114368833e-19
1 5.64614227109e-19
1 4.1964176485e-19
1 3.17824235542e-19
1 6.67488820393e-19
1 5.57509194458e-19
1 2.02653706138e-19
1 8.02610832538e-19
1 8.46366698747e-19
1 1.12097638028e-18
1 1.12312752641e-18
1 9.36147513563e-19
1 4.20069274314e-19
1 4.75790741783e-19
1 5.00233898987e-19
1 1.27858030078e-18
1 1.85153021589e-19
1 5.05336826927e-19
1 3.76865811841e-19
1 4.40572628466e-19
1 4.87117664812e-19
1 9.66205419505e-19
1 6.53829516635e-19
1 6.15845845397e-19
1 5.47828771077e-19
1 5.95553693012e-19
1 2.81998583667e-19
1 7.07072550717e-19
1 5.73833639973e-19
1 3.75861627474e-19
1 9.24228527609e-19
1 6.47082991631e-19
1 3.87313787848e-19
1 4.68678773169e-19
1 5.29663593533e-19
1 3.02569375825e-19
1 5.18843624817e-19
1 2.99948307246e-19
1 3.68124822676e-19
1 5.8324404464e-19
1 1.21417800691e-18
1 6.56099679367e-19
1 3.51360398277e-19
1 8.93522807097e-19
1 1.19541078399e-18
1 9.0482805758e-19
1 4.70903433324e-19
1 5.60827943495e-19
1 3.87037201307e-19
1 3.83676222712e-19
1 3.62707537672e-19
1 1.05604859401e-18
1 2.85082708076e-19
1 4.14572650521e-19
1 1.03062332889e-18
1 4.6022902751e-19
At step 160 out of 1600
1 5.47288901865e-19
1 6.21543310425e-19
1 8.76924937303e-19
1 6.41160363157e-19
1 2.9513426613e-19
1 5.58771226409e-19
1 3.25450324132e-19
1 2.09824518332e-19
1 4.53514761361e-19
1 6.04071804018e-19
1 5.95089217149e-19
1 5.68723735191e-19
1 5.7505995478e-19
1 7.49787893328e-19
1 3.9431956012e-19
1 2.08280937496e-19
1 5.53275680589e-19
1 8.88250533977e-19
1 7.63254060778e-19
1 4.85112129069e-19
1 4.41831615941e-19
1 8.82329375349e-19
1 6.79193877315e-19
1 4.4632553393e-19
1 1.51689013654e-18
1 3.65581256808e-19
1 5.31590724729e-19
1 1.02290679955e-18
1 4.22102069716e-19
1 7.98687808571e-19
1 4.43126270429e-19
1 3.74389849463e-19
1 6.7166253197e-19
1 7.89837253017e-19
1 1.99613335182e-19
1 4.20164941871e-19
1 1.80746967398e-19
1 7.49142437736e-19
1 2.81904824834e-19
1 4.8213477713e-19
1 2.5965611203e-19
1 5.05770808829e-19
1 7.61292724709e-19
1 9.2573187023e-19
1 4.82643222629e-19
1 4.96747198329e-19
1 4.12602527786e-19
1 2.9404858426e-19
1 4.26418997422e-19
1 4.38269108753e-19
1 2.51370450136e-19
1 4.12521899405e-19
1 7.29398571641e-19
1 3.92012362621e-19
1 8.04977619522e-19
1 8.99409712016e-19
1 5.21184372315e-19
1 4.90925589285e-19
1 5.42001503606e-19
1 4.04322684188e-19
1 6.20822140521e-19
1 3.13641465931e-19
1 6.68104845286e-19
1 2.14502305899e-19
1 5.71882313271e-19
1 7.49180648549e-19
1 3.10078503681e-19
1 1.05749658397e-18
1 9.9632961648e-19
1 6.12160898784e-19
1 5.33808937185e-19
1 4.72952076011e-19
1 6.14180449133e-19
1 3.83499161994e-19
1 1.02946801792e-18
1 2.26206702196e-19
1 4.42744366115e-19
1 5.96225551473e-19
1 1.3642001925e-19
1 5.31144703277e-19
At step 240 out of 1600
1 1.98269156845e-19
1 3.87462704624e-19
1 9.92450555773e-19
1 7.58761623203e-19
1 5.06579631992e-19
1 5.55008265249e-19
1 6.6391396369e-19
1 3.5814832312e-19
1 4.2591693639e-19
1 4.22201616004e-19
1 3.65266868329e-19
1 5.44616462178e-19
1 4.7092012796e-19
1 8.14125016643e-19
1 5.70848961487e-19
1 7.29629701414e-19
1 7.9670036665e-19
1 3.00259623992e-19
1 2.46633952454e-19
1 5.1382742695e-19
1 1.13352503843e-18
1 3.07010064689e-19
1 4.35855522333e-19
1 1.59030920078e-18
1 1.56922725451e-19
1 1.00785100295e-18
1 1.80237219693e-19
1 3.43268025835e-19
1 1.2528425106e-18
1 5.08030673058e-19
1 3.39449848051e-19
1 6.89533010179e-19
1 6.41995847824e-19
1 4.15553207624e-19
1 4.07025686985e-19
1 2.33647222586e-19
1 3.69407290015e-19
1 1.71029845453e-18
1 7.89947959439e-19
1 1.00184945659e-18
1 2.68446067756e-19
1 2.61448758239e-19
1 2.80601285803e-19
1 4.36173569741e-19
1 6.21388518981e-19
1 9.94533457153e-19
1 3.83742003882e-19
1 7.28160838337e-19
1 2.75867707014e-19
1 6.87271514758e-19
1 6.38506859253e-19
1 3.0206589728e-19
1 6.47522006612e-19
1 3.03034964902e-19
1 2.78843185826e-19
1 3.39208379174e-19
1 1.2154600688e-18
1 8.98886628539e-19
1 4.26027137702e-19
1 9.69445921947e-19
1 4.33831998749e-19
1 5.96434485608e-19
1 3.88116163854e-19
1 7.91208700829e-19
1 6.22674519468e-19
1 5.61555103483e-19
1 4.01759055337e-19
1 6.10909122086e-19
1 1.93239764626e-19
1 1.73363034816e-19
1 8.54414390771e-19
1 5.46490238822e-19
1 2.76859133388e-19
1 6.08285241739e-19
1 4.52613870978e-19
1 7.88295412587e-19
1 8.97835311983e-19
1 5.94300724336e-19
1 3.72818652046e-19
1 7.65504129172e-19
At step 320 out of 1600
1 7.95261679618e-19
1 5.07446613471e-19
1 6.40091086831e-19
1 4.35026642695e-19
1 7.29084004072e-19
1 5.45551916927e-19
1 2.41136836713e-19
1 4.29436013445e-19
1 4.22122653916e-19
1 5.5940624803e-19
1 5.12358147935e-19
1 4.05393624021e-19
1 4.88743382563e-19
1 3.05945259668e-19
1 4.87955532463e-19
1 3.82845708652e-19
1 5.61800935684e-19
1 5.48880366954e-19
1 5.39926846806e-19
1 1.00689917874e-18
1 7.04962335543e-19
1 1.4587359838e-19
1 6.87729801989e-19
1 4.3323038478e-19
1 2.46217008671e-19
1 2.41627369727e-19
1 4.64727632505e-19
1 3.83896127248e-19
1 2.16884680106e-19
1 6.86465394741e-19
1 3.41917858492e-19
1 4.99919474721e-19
1 3.12607078911e-19
1 4.06852861499e-19
1 5.82109933941e-19
1 5.02482973701e-19
1 5.12953579786e-19
1 8.11847913096e-19
1 5.98475470951e-19
1 9.42398307267e-19
1 6.82380910601e-19
1 6.22207756164e-19
1 6.86696302929e-19
1 6.37792863564e-19
1 1.01620005241e-18
1 8.31700295613e-19
1 7.42423516722e-19
1 2.92345445757e-19
1 7.47642709533e-19
1 4.1703426019e-19
1 4.63283647525e-19
1 2.72321544739e-19
1 3.10483594951e-19
1 2.50672254141e-19
1 4.73786906778e-19
1 4.79746794083e-19
1 6.86928752697e-19
1 7.99687862781e-19
1 8.37962176007e-19
1 8.5486405055e-19
1 2.55539653493e-19
1 6.67291124349e-19
1 3.95472697685e-19
1 4.45211185227e-19
1 8.9749147317e-19
1 6.59226647147e-19
1 7.54818798624e-19
1 7.82543271065e-19
1 3.58471771512e-19
1 5.12659759672e-19
1 4.76566000379e-19
1 3.44425644995e-19
1 3.88596447326e-19
1 2.73884930161e-19
1 5.04257178758e-19
1 2.81971233554e-19
1 4.56481064603e-19
1 4.82422411095e-19
1 4.61444633638e-19
1 2.77321485352e-19
At step 400 out of 1600
1 4.14830912216e-19
1 3.25130551593e-19
1 6.64643795873e-19
1 3.96802789291e-19
1 1.74533853268e-19
1 5.56505216907e-19
1 6.52323733327e-19
1 2.22057872491e-19
1 1.2206327079e-19
1 6.61075211806e-19
1 6.73885591561e-19
1 6.15633959756e-19
1 1.1669355978e-18
1 2.79494853901e-19
1 4.64464317879e-19
1 2.93608813738e-19
1 2.31181889414e-19
1 7.91151340248e-19
1 5.90768376376e-19
1 6.60730782133e-19
1 8.75459526018e-19
1 6.69396610445e-19
1 4.11346626838e-19
1 3.92701756563e-19
1 3.8479175747e-19
1 9.93864454856e-19
1 8.73388510722e-19
1 3.2797696461e-19
1 5.44578331167e-19
1 3.9774193184e-19
1 4.69775187177e-19
1 7.61985680261e-19
1 2.14764113937e-19
1 3.8954413058e-19
1 2.10344769344e-19
1 3.95751460854e-19
1 4.14201395172e-19
1 7.6533105e-19
1 1.10593028565e-18
1 6.38050715688e-19
1 4.87011085524e-19
1 5.11492320063e-19
1 1.38915955013e-19
1 1.63949892096e-19
1 5.99892207929e-19
1 3.29606333959e-19
1 9.21301807462e-19
1 3.29152929172e-19
1 7.77269405709e-19
1 7.12465025772e-19
1 5.95498318408e-19
1 7.54423806842e-19
1 7.8797857055e-19
1 2.96253906196e-19
1 3.12703763222e-19
1 1.15722307456e-18
1 4.88129053764e-19
1 6.00187982227e-19
1 5.62749737439e-19
1 1.45897241641e-18
1 8.50908662659e-19
1 5.33280260091e-19
1 1.0604840029e-18
1 6.34172317072e-19
1 7.33770694721e-19
1 6.97498912254e-19
1 2.42744452165e-19
1 3.6008815286e-19
1 6.32885472561e-19
1 1.08421364299e-18
1 4.71172404191e-19
1 7.61094680173e-19
1 5.96019954535e-19
1 4.56490249127e-19
1 5.96223507173e-19
1 4.49261744647e-19
1 7.89574721452e-19
1 6.0050622251e-19
1 3.86919567368e-19
1 8.7502622084e-19
At step 480 out of 1600
1 1.17882853133e-18
1 7.50852762225e-19
1 6.50439138813e-19
1 1.20366048699e-18
1 3.08114062821e-19
1 1.06242235359e-18
1 5.61681438993e-19
1 1.67492459602e-19
1 2.53644504093e-19
1 8.90034503791e-19
1 3.98983069073e-19
1 3.91743205372e-19
1 3.94051380521e-19
1 6.74317929193e-19
1 4.49541962734e-19
1 8.21407607812e-19
1 6.03435071092e-19
1 3.83007324896e-19
1 3.83299488825e-19
1 2.33790413488e-19
1 5.22833492361e-19
1 4.60077356866e-19
1 4.51907663132e-19
1 4.15220376206e-19
1 6.97152496367e-19
1 7.91558994411e-19
1 4.94924259622e-19
1 3.19237074633e-19
1 7.25207305038e-19
1 9.39639310702e-19
1 5.33456552465e-19
1 7.87000480385e-19
1 3.21029846974e-19
1 3.39796085941e-19
1 3.95484234728e-19
1 7.53109755646e-19
1 7.98968375083e-19
1 1.6258895357e-19
1 6.69145342199e-19
1 3.72737153672e-19
1 1.24757313847e-18
1 2.82692090841e-19
1 4.09780630739e-19
1 1.41297615928e-18
1 8.12513579348e-19
1 8.88733972255e-19
1 9.44471911642e-19
1 7.84093090584e-19
1 1.07407454348e-18
1 1.09748765185e-18
1 4.56731135765e-19
1 4.85653074578e-19
1 3.22349712801e-19
1 2.07315178049e-19
1 2.01108553054e-19
1 2.19447220257e-19
1 1.29300978466e-18
1 3.83265394101e-19
1 5.68377286845e-19
1 3.72981764655e-19
1 6.2383752006e-19
1 6.94250982491e-19
1 2.18971014644e-19
1 5.13319000592e-19
1 4.7803392981e-19
1 1.03562893363e-18
1 4.65077972046e-19
1 5.05091606283e-19
1 1.35285048849e-18
1 8.96163554285e-19
1 6.07309538871e-19
1 6.36114653606e-19
1 6.87034239203e-19
1 4.49344055408e-19
1 6.0479724136e-19
1 5.57598404742e-19
1 7.3716578692e-19
1 8.64227246614e-19
1 3.32928146467e-19
1 9.45965670592e-19
At step 560 out of 1600
1 8.31133195002e-19
1 4.06107172144e-19
1 7.24595258037e-19
1 1.17556770999e-18
1 1.3470700734e-18
1 3.52263728492e-19
1 4.75744020222e-19
1 5.129463777e-19
1 4.54036216353e-19
1 8.35230144483e-19
1 4.35366783909e-19
1 4.50211612579e-19
1 4.92362408825e-19
1 9.26741579694e-19
1 2.55604846906e-19
1 7.72621354254e-19
1 1.22157093114e-18
1 3.4262632782e-19
1 9.20962678889e-19
1 2.73461196464e-19
1 4.04005545426e-19
1 4.7195848244e-19
1 4.10068433278e-19
1 7.83125687542e-19
1 5.14906085434e-19
1 8.57786610081e-19
1 4.0789783593e-19
1 5.55895524434e-19
1 8.70314295103e-19
1 8.39548164765e-19
1 2.55695057997e-19
1 5.62667655499e-19
1 1.04699829201e-18
1 4.40841172625e-19
1 8.14007679311e-19
1 6.51071378691e-19
1 7.64956751923e-19
1 6.59187579047e-19
1 7.99892789428e-19
1 6.77326929759e-19
1 6.94509547379e-19
1 2.78212703195e-19
1 5.8848130184e-19
1 4.3903800973e-19
1 5.41674297486e-19
1 4.40502001372e-19
1 2.12281547345e-19
1 5.56375241421e-19
1 5.83267289423e-19
1 2.63498602839e-19
1 1.70400001285e-19
1 4.95454946111e-19
1 4.32669952413e-19
1 6.27909726027e-19
1 5.81223409647e-19
1 2.72740746178e-19
1 5.35431523345e-19
1 8.26213116033e-19
1 4.54998271413e-19
1 8.23347837007e-19
1 3.45964532495e-19
1 4.61571088438e-19
1 4.99241236094e-19
1 7.6748105228e-19
1 2.84925779881e-19
1 1.76185261527e-19
1 6.55838783027e-19
1 5.6539546331e-19
1 4.03769670037e-19
1 6.99008868255e-19
1 5.11518978408e-19
1 5.73796742774e-19
1 9.80374914694e-19
1 9.22113302166e-19
1 3.21301322825e-19
1 2.85403425934e-19
1 1.34706487147e-18
1 4.38686229503e-19
1 3.55386513965e-19
1 3.38920906972e-19
At step 640 out of 1600
1 2.57178886166e-19
1 3.72761947753e-19
1 1.18061070953e-18
1 2.40134550513e-19
1 1.56115027763e-19
1 8.65443552618e-20
1 5.09553452827e-19
1 6.71513124468e-19
1 1.02558346538e-18
1 9.91758272861e-19
1 4.7707995687e-19
1 5.11440972775e-19
1 3.50724201753e-19
1 6.08513405857e-19
1 1.20105058604e-18
1 1.74038391444e-18
1 5.50704126861e-19
1 5.45169204484e-19
1 4.9226304156e-19
1 4.35064419327e-19
1 7.78004628369e-19
1 3.26371929979e-19
1 4.01991265403e-19
1 5.6519448144e-19
1 8.50650192102e-19
1 6.41150941013e-19
1 1.17225770686e-18
1 4.83688022085e-19
1 4.46904301341e-19
1 5.51755408278e-19
1 7.55490222631e-19
1 3.30888444391e-19
1 7.0394897208e-19
1 4.90416522814e-19
1 8.39452975299e-19
1 1.00110523134e-18
1 4.73164842606e-19
1 4.17708538412e-19
1 5.31504895675e-19
1 1.13903547949e-18
1 3.49826347058e-19
1 3.67668316321e-19
1 1.19248387228e-18
1 7.43344016277e-19
1 4.21778383553e-19
1 2.23720630912e-19
1 8.15280558141e-19
1 4.63083334597e-19
1 7.68019469727e-19
1 8.59187188143e-19
1 6.49777361373e-19
1 5.30768662116e-19
1 2.86873780831e-19
1 3.72038089174e-19
1 3.74853031914e-19
1 5.97264635855e-19
1 7.43460680499e-19
1 4.67925787659e-19
1 1.92162297587e-19
1 4.35858530112e-19
1 3.23872965667e-19
1 7.9294108584e-19
1 3.01046793279e-19
1 8.18598739925e-19
1 5.27049371192e-19
1 2.84956860748e-19
1 5.56283400007e-19
1 4.49090345265e-19
1 5.07021686077e-19
1 5.61027838011e-19
1 7.73916157634e-19
1 7.20770863991e-19
1 7.23064768408e-19
1 7.50155628906e-19
1 7.18523389037e-19
1 8.63402889501e-19
1 5.26453211756e-19
1 5.06020512563e-19
1 3.35409906689e-19
1 7.70381220756e-19
At step 720 out of 1600
1 5.44205010919e-19
1 1.50334594096e-18
1 4.61036544196e-19
1 8.2712917008e-19
1 1.6925674953e-18
1 3.35908356607e-19
1 6.42063957173e-19
1 4.38331047784e-19
1 5.77896185414e-19
1 4.63256912321e-19
1 5.41587202591e-19
1 3.10099788883e-19
1 4.34632849248e-19
1 5.88899802023e-19
1 8.50067154861e-19
1 8.18511783088e-19
1 9.1014762759e-19
1 5.64002274475e-19
1 7.25715330929e-19
1 6.13413671108e-19
1 4.05225081251e-19
1 2.15840162115e-19
1 2.1457010255e-19
1 5.44825407043e-19
1 4.64941843852e-19
1 8.17985882265e-19
1 5.49214107979e-19
1 1.3505855611e-18
1 5.68837701854e-19
1 8.6501922113e-19
1 5.44566348248e-19
1 7.21719788123e-19
1 4.42958964821e-19
1 5.21068564302e-19
1 1.20705375796e-18
1 1.02954845852e-18
1 3.02430062848e-19
1 5.0683569729e-19
1 4.03654926163e-19
1 6.9057095692e-19
1 7.92848159073e-19
1 7.79917660752e-19
1 4.47712633194e-19
1 6.33773522936e-19
1 2.68419566625e-19
1 5.55212523484e-19
1 2.79016607248e-19
1 2.43480406528e-19
1 1.50332493769e-18
1 4.07665987577e-19
1 3.97338233775e-19
1 3.9842271329e-19
1 4.36956150591e-19
1 7.09469396078e-19
1 1.49690903547e-19
1 3.58170427401e-19
1 2.90595503471e-19
1 4.44209885204e-19
1 5.29893072757e-19
1 3.37523168681e-19
1 5.68592981649e-19
1 3.58905022609e-19
1 2.85101782067e-19
1 9.99398461177e-19
1 3.81285928185e-19
1 1.37092965499e-18
1 4.32549033242e-19
1 7.18442628255e-19
1 1.5525885519e-18
1 6.91537897302e-19
1 2.05141951406e-19
1 6.31345597173e-19
1 5.98291685483e-19
1 5.87558511603e-19
1 1.56748111441e-18
1 7.00785447556e-19
1 5.65001454966e-19
1 5.35224848228e-19
1 8.75615812853e-19
1 5.14054241838e-19
At step 800 out of 1600
1 6.29441741271e-19
1 4.76825412845e-19
1 3.07926288859e-19
1 2.22762803233e-19
1 6.0712433681e-19
1 8.3985984461e-19
1 6.58325358116e-19
1 1.93801643971e-19
1 6.60886182062e-19
1 7.36748726254e-19
1 7.22576393544e-19
1 4.89118139375e-19
1 1.02013012235e-18
1 2.96775632722e-19
1 4.59973340505e-19
1 4.22883056434e-19
1 3.7908798345e-19
1 2.39993660846e-19
1 2.31951049953e-19
1 4.63573590133e-19
1 6.67548911514e-19
1 3.56053080954e-19
1 8.91245776097e-19
1 7.6471258277e-19
1 2.58134284657e-19
1 2.00381296608e-19
1 5.8799427178e-19
1 8.01275609987e-19
1 5.62198383419e-19
1 2.64084969116e-19
1 3.90519258467e-19
1 3.38985577494e-19
1 1.77317813108e-19
1 4.84355399446e-19
1 4.18006152682e-19
1 8.36375989862e-19
1 2.99082976399e-19
1 1.0608190829e-18
1 8.09946132473e-19
1 2.65149374559e-19
1 7.89906927119e-19
1 4.85916390836e-19
1 5.31981183234e-19
1 4.25685929264e-19
1 8.74608092003e-19
1 7.37440545706e-19
1 3.16808226232e-19
1 4.56748032895e-19
1 3.48894130471e-19
1 4.21949275087e-19
1 3.56880327938e-19
1 6.59138575156e-19
1 5.11728122514e-19
1 1.10048663899e-18
1 4.27116397916e-19
1 4.54821153306e-19
1 7.39092872815e-19
1 3.89660053213e-19
1 3.58529806451e-19
1 8.20518586155e-19
1 5.81858466188e-19
1 3.19251690819e-19
1 2.89750589388e-19
1 7.1248783866e-19
1 6.4259730392e-19
1 5.04641425786e-19
1 8.35036883258e-19
1 9.28502983073e-19
1 4.00599005899e-19
1 5.91226942864e-19
1 5.50708859834e-19
1 1.009194504e-18
1 3.70986721504e-19
1 7.14566174666e-19
1 5.5127248438e-19
1 8.32578277864e-19
1 4.50801132654e-19
1 7.44795564928e-19
1 1.24328227475e-18
1 4.96516353577e-19
At step 880 out of 1600
1 3.23995632313e-19
1 2.49487168745e-19
1 6.05777600606e-19
1 6.00554003212e-19
1 6.84162145914e-19
1 6.20672906902e-19
1 3.85401260023e-19
1 4.29709595351e-19
1 3.17479463184e-19
1 8.04458139941e-19
1 5.61355499653e-19
1 1.07949866038e-18
1 7.20364639188e-19
1 4.22218115189e-19
1 1.16528610353e-18
1 3.43691243848e-19
1 5.74784786742e-19
1 6.75264423109e-19
1 6.36034554052e-19
1 2.61847951701e-19
1 7.45635142308e-19
1 5.66910492003e-19
1 3.1116357648e-19
1 5.36366828912e-19
1 8.78287373896e-19
1 3.2843017924e-19
1 2.22666884061e-19
1 6.90992809928e-19
1 9.3857302143e-19
1 4.52203955121e-19
1 2.1954628588e-19
1 6.16162912582e-19
1 1.61998968398e-18
1 5.13820830712e-19
1 3.62857398136e-19
1 9.3100117752e-19
1 7.42107120566e-19
1 1.63615595961e-19
1 7.66277256365e-19
1 5.74709286004e-19
1 4.20390237856e-19
1 7.96887212604e-19
1 4.47472022695e-19
1 3.16252458073e-19
1 5.12168862252e-19
1 4.09143984444e-19
1 4.46880202543e-19
1 9.07199304726e-19
1 7.62366685134e-19
1 4.7823364796e-19
1 5.83376339256e-19
1 1.03610791104e-18
1 4.70191217769e-19
1 6.93638755574e-19
1 5.58292835775e-19
1 5.82531481232e-19
1 6.93580733773e-19
1 5.87936625768e-19
1 5.4868297212e-19
1 5.92444344519e-19
1 3.40157162837e-19
1 5.95248310813e-19
1 1.04506424985e-18
1 1.01618915519e-18
1 7.5898013776e-19
1 4.12747108741e-19
1 6.11201213761e-19
1 3.98381137229e-19
1 3.69488409893e-19
1 6.03308924357e-19
1 2.4781675395e-19
1 9.82953054695e-19
1 5.00103053791e-19
1 9.34116446265e-19
1 4.73360824811e-19
1 4.69481416588e-19
1 3.13173984719e-19
1 5.04913555763e-19
1 6.65911634825e-19
1 6.5413202414e-19
At step 960 out of 1600
1 7.97138808658e-19
1 6.94264974173e-19
1 1.96355558375e-19
1 2.2976560101e-19
1 4.9937244691e-19
1 5.55833865476e-19
1 1.04762703932e-18
1 5.32003752139e-19
1 3.05343456696e-19
1 3.46027140085e-19
1 7.39044370204e-19
1 4.82513948596e-19
1 7.57547567091e-19
1 6.81683554001e-19
1 4.5374939386e-19
1 5.53210780388e-19
1 3.16240675959e-19
1 1.23404484151e-18
1 6.65759572653e-19
1 2.95825050068e-19
1 6.89256778421e-19
1 9.75226059275e-19
1 9.63820263921e-19
1 6.8949807975e-19
1 7.83648131579e-19
1 5.12446409756e-19
1 8.24489319601e-19
1 3.13429543507e-19
1 4.5812937982e-19
1 6.69344243343e-19
1 2.65508974662e-19
1 4.59677647048e-19
1 3.54529361688e-19
1 5.44904175115e-19
1 4.67674471554e-19
1 6.02994415972e-19
1 1.9776040044e-19
1 5.02716881745e-19
1 5.1243616468e-19
1 7.09040457184e-19
1 6.06531443507e-19
1 3.45487309378e-19
1 4.97863616175e-19
1 7.01652908036e-19
1 6.25018202339e-19
1 6.62866187084e-19
1 4.78885725816e-19
1 4.94086932565e-19
1 6.08155343784e-19
1 6.89130940737e-19
1 6.075230275e-19
1 4.02145609382e-19
1 2.44752386692e-19
1 6.60715241869e-19
1 9.42159054084e-19
1 4.76580972722e-19
1 5.84365645865e-19
1 3.84106920419e-19
1 4.95869655455e-19
1 3.27083976583e-19
1 1.82412237821e-19
1 3.13386497869e-19
1 4.22731423523e-19
1 2.73500153407e-19
1 4.30377723168e-19
1 1.28017726652e-18
1 8.20033398787e-19
1 8.33882773712e-19
1 7.41057406642e-19
1 9.30164165914e-19
1 6.41826951913e-19
1 6.11263150094e-19
1 4.54305760457e-19
1 4.80212623136e-19
1 5.29821649222e-19
1 1.41517315265e-18
1 7.4352650003e-19
1 5.92927344564e-19
1 5.01406078342e-19
1 5.78664349889e-19
At step 1040 out of 1600
1 8.39770884575e-19
1 2.78384380134e-19
1 8.32230936071e-19
1 3.57278920501e-19
1 7.23245601134e-19
1 3.281974626e-19
1 5.05502106796e-19
1 3.21396536577e-19
1 8.84822546419e-19
1 5.39256248267e-19
1 8.41632049509e-19
1 8.14739945697e-19
1 1.59060901973e-19
1 8.80123469776e-19
1 7.1392623765e-19
1 2.84029758648e-19
1 6.17435280533e-19
1 2.42943329316e-19
1 4.36985417973e-19
1 6.63551205001e-19
1 5.12499143185e-19
1 4.46698490067e-19
1 1.58724382827e-19
1 6.60133156363e-19
1 2.60297186058e-19
1 5.13625369557e-19
1 4.58056692058e-19
1 1.72972781397e-18
1 1.04895441193e-18
1 2.65289061522e-19
1 6.72848233129e-19
1 5.03116591156e-19
1 9.02488309117e-19
1 5.9325829746e-19
1 2.03706625162e-19
1 5.35190423363e-19
1 3.65023864619e-19
1 5.7209430226e-19
1 1.03205995104e-18
1 1.76396097843e-18
1 5.6377482897e-19
1 1.66383827566e-19
1 4.83082934847e-19
1 7.0375354188e-19
1 6.50914717024e-19
1 7.6865839261e-19
1 4.40765127725e-19
1 2.33278094446e-19
1 4.07402041697e-19
1 4.33298373355e-19
1 2.11728583883e-19
1 1.52201202373e-18
1 4.70761118262e-19
1 4.85076104087e-19
1 5.16564113137e-19
1 5.62838577828e-19
1 3.59528395529e-19
1 5.5771031129e-19
1 6.15870834946e-19
1 3.96489634477e-19
1 6.03977465864e-19
1 3.45615558232e-19
1 2.24234353871e-19
1 5.06493397543e-19
1 2.85714249455e-19
1 4.11023468007e-19
1 4.48525921208e-19
1 3.76485508951e-19
1 4.24234764781e-19
1 6.53809897747e-19
1 5.22322077885e-19
1 1.09875683235e-18
1 7.73015330314e-19
1 6.53777738245e-19
1 4.49726874236e-19
1 8.02484765032e-19
1 5.06647010978e-19
1 6.7206727932e-19
1 1.04804192054e-18
1 7.50882601679e-19
At step 1120 out of 1600
1 7.82017693162e-19
1 3.56286220229e-19
1 4.51106518706e-19
1 1.07557793114e-18
1 6.03863341474e-19
1 6.69333970567e-19
1 5.88912822469e-19
1 5.35098610031e-19
1 5.48360608835e-19
1 2.64106276e-19
1 3.23796281996e-19
1 8.50385411976e-19
1 4.29494139908e-19
1 1.12317321476e-18
1 3.95964526724e-19
1 7.18991876988e-19
1 2.29153618911e-19
1 4.40593095055e-19
1 4.36077308799e-19
1 9.10902462008e-19
1 7.28690808762e-19
1 7.76610715552e-19
1 2.49126532117e-19
1 1.62951543488e-19
1 1.46239985412e-19
1 5.00746690676e-19
1 9.92769581001e-19
1 8.05530184866e-19
1 5.53188885853e-19
1 2.0348742968e-19
1 4.48495210229e-19
1 6.30713976814e-19
1 8.38530627288e-19
1 7.49995301677e-19
1 6.97022591337e-19
1 1.03533244766e-18
1 4.08449891691e-19
1 3.25182207493e-19
1 7.42387534384e-19
1 3.18992421811e-19
1 3.45868431081e-19
1 4.51448775584e-19
1 3.66608022412e-19
1 3.17343405467e-19
1 1.45455216465e-19
1 4.88113861655e-19
1 6.71797868832e-19
1 4.2328332612e-19
1 3.75810122349e-19
1 3.23549679631e-19
1 1.16026596067e-18
1 6.52875790323e-19
1 3.37353085251e-19
1 7.21230438085e-19
1 5.46238614391e-19
1 7.23290457529e-19
1 1.08457322588e-18
1 8.45309421668e-19
1 3.56484527528e-19
1 6.49574583315e-19
1 7.45887303251e-19
1 4.70744297674e-19
1 1.81543062487e-19
1 3.87335791222e-19
1 5.51554929824e-19
1 6.34497006248e-19
1 8.64715891056e-19
1 7.12505436932e-19
1 7.38574998659e-19
1 4.41283194319e-19
1 4.06418836634e-19
1 5.60317617002e-19
1 4.74576088475e-19
1 5.62360630022e-19
1 1.01989847316e-18
1 4.26091798509e-19
1 7.99598061133e-19
1 6.16750372546e-19
1 7.8907434636e-19
1 7.92543037554e-19
At step 1200 out of 1600
1 7.55122797846e-19
1 3.75567885684e-19
1 5.86372243175e-19
1 2.60135898128e-19
1 2.84356877298e-19
1 3.16861149619e-19
1 5.06184302758e-19
1 4.45583746057e-19
1 1.00001300638e-18
1 6.83394676198e-19
1 7.69766588141e-19
1 7.17610942489e-19
1 1.07588513473e-18
1 3.48607558691e-19
1 8.67839179888e-19
1 3.10140519243e-19
1 3.0009705229e-19
1 4.4287129952e-19
1 4.62323911494e-19
1 3.17990116823e-19
1 4.47773684392e-19
1 6.53793019978e-19
1 3.03595050106e-19
1 4.76380413779e-19
1 6.13105921421e-19
1 1.11779307498e-18
1 5.32709521908e-19
1 7.66489959295e-19
1 8.93506092751e-19
1 2.24275029428e-19
1 2.2211991086e-19
1 6.39058574455e-19
1 8.61294839756e-19
1 3.76485185708e-19
1 9.51248087338e-19
1 1.3612833981e-18
1 1.09777601176e-18
1 4.59423451483e-19
1 7.66818766445e-19
1 7.1082251117e-19
1 2.7781464481e-19
1 1.04493590534e-18
1 2.3244444967e-19
1 2.11700492119e-19
1 6.54010306888e-19
1 4.81099565613e-19
1 7.41683531488e-19
1 6.32408448347e-19
1 5.07540401226e-19
1 3.99643021517e-19
1 3.58252333606e-19
1 4.95095101294e-19
1 3.43194731681e-19
1 9.9657875762e-19
1 4.83799099773e-19
1 5.42067110965e-19
1 4.29442400776e-19
1 5.54565168164e-19
1 8.68470243295e-19
1 5.21129437604e-19
1 6.5431739447e-19
1 1.32510685632e-18
1 5.24858628038e-19
1 2.46424991692e-19
1 6.57108181487e-19
1 6.79551751607e-19
1 6.07703020189e-19
1 3.437350446e-19
1 8.3788044339e-19
1 4.69832924489e-19
1 3.81097644558e-19
1 5.8035453029e-19
1 5.91330645923e-19
1 5.08445393771e-19
1 4.48172276517e-19
1 5.57621166977e-19
1 5.02664174992e-19
1 5.3181867723e-19
1 2.61646895472e-19
1 2.20268065009e-19
At step 1280 out of 1600
1 5.80034895583e-19
1 2.0773412247e-19
1 7.51438161038e-19
1 6.95467853704e-19
1 2.52907506282e-19
1 4.54099718267e-19
1 3.36695710719e-19
1 2.65896342161e-19
1 4.87444132005e-19
1 8.3527244158e-19
1 3.44219166185e-19
1 4.15884905913e-19
1 6.17122651154e-19
1 7.09289177778e-19
1 5.90357368414e-19
1 6.12374387089e-19
1 3.02426549873e-19
1 6.01355413401e-19
1 7.08405262641e-19
1 2.14218546918e-19
1 6.35771835412e-19
1 2.45612996293e-19
1 1.02865878826e-18
1 4.84100389011e-19
1 5.64402058552e-19
1 3.36932886358e-19
1 6.27971673304e-19
1 3.15934751092e-19
1 3.69725161051e-19
1 6.51239365381e-19
1 1.14887201701e-19
1 4.23357518203e-19
1 6.02653749771e-19
1 5.01360633628e-19
1 7.7989854688e-19
1 1.32404796952e-18
1 6.18266449912e-19
1 3.93084092142e-19
1 3.15126561752e-19
1 9.50442305411e-19
1 2.88723334639e-19
1 9.34458212539e-19
1 5.08060242873e-19
1 6.01282485534e-19
1 1.50139279131e-18
1 4.15277092064e-19
1 8.30822087063e-19
1 5.32366068168e-19
1 2.52134077776e-19
1 1.30598647668e-18
1 5.59421698787e-19
1 3.01938136262e-19
1 7.53995908774e-19
1 4.47638308734e-19
1 1.0294627846e-18
1 8.29477920687e-19
1 1.13376594605e-18
1 6.03778196981e-19
1 5.64383024642e-19
1 9.26096868492e-19
1 6.52398006729e-19
1 4.11578311643e-19
1 5.52154124036e-19
1 5.08724933603e-19
1 8.41750669988e-19
1 8.02321536474e-19
1 3.15398257025e-19
1 6.98047243099e-19
1 3.21488982855e-19
1 3.57741208298e-19
1 8.39162059287e-19
1 4.92125984669e-19
1 4.69134194524e-19
1 7.96641257013e-19
1 3.37143906477e-19
1 6.18825474335e-19
1 6.69201406289e-19
1 3.61225285518e-19
1 2.80678990812e-19
1 5.51528656433e-19
At step 1360 out of 1600
1 6.13024921748e-19
1 5.77637470796e-19
1 1.94416653273e-19
1 6.4783595816e-19
1 8.23060877825e-19
1 3.87999686046e-19
1 5.19331873445e-19
1 2.93053462565e-19
1 7.39147002848e-19
1 1.21865577265e-18
1 1.06180355909e-18
1 8.24499700796e-19
1 5.70870504402e-19
1 5.09392935308e-19
1 4.87042183876e-19
1 6.47231643046e-19
1 2.93150854456e-19
1 3.21159437454e-19
1 2.01833830603e-19
1 7.2963799567e-19
1 2.49301226238e-19
1 1.0379611119e-18
1 4.10745385978e-19
1 6.43211946046e-19
1 4.5743929222e-19
1 3.80480528978e-19
1 3.18726876021e-19
1 4.84635518508e-19
1 4.79470783614e-19
1 5.20280215014e-19
1 8.71575675924e-19
1 9.34269970728e-19
1 7.43599126534e-19
1 4.02463704152e-19
1 8.13479397223e-19
1 1.00770804762e-18
1 5.94263230158e-19
1 2.14316449908e-19
1 5.36095381421e-19
1 3.06085159269e-19
1 4.64091246888e-19
1 6.41897695123e-19
1 8.58735082886e-19
1 1.25336259367e-18
1 9.70346875481e-19
1 6.63950444989e-19
1 1.01225568931e-18
1 5.62409655349e-19
1 1.07588876811e-18
1 3.60159349245e-19
1 6.06057657341e-19
1 1.1085857525e-18
1 6.05531490039e-19
1 3.56102011648e-19
1 5.32432262399e-19
1 4.27080734241e-19
1 3.3000621806e-19
1 8.86522633668e-19
1 6.37640376193e-19
1 5.92452783804e-19
1 2.25225093073e-19
1 8.98128195347e-19
1 4.92596277283e-19
1 7.82868699115e-19
1 4.29617039942e-19
1 2.92985675539e-19
1 1.02483357607e-18
1 2.00447908579e-19
1 5.77230506966e-19
1 4.72119632512e-19
1 4.43960352916e-19
1 4.52322768214e-19
1 7.09394035061e-19
1 3.73155457281e-19
1 9.23021878985e-19
1 9.78433421989e-19
1 3.30021600648e-19
1 3.38923622305e-19
1 4.14575208938e-19
1 2.26345366625e-19
At step 1440 out of 1600
1 4.42019934858e-19
1 3.12585840385e-19
1 3.48814836939e-19
1 3.030380315e-19
1 6.26946163831e-19
1 5.91875887769e-19
1 4.07476719888e-19
1 5.99452739063e-19
1 1.93773203767e-18
1 8.55403562578e-19
1 5.03758066214e-19
1 5.65712855538e-19
1 9.21164456848e-19
1 1.65541966769e-19
1 3.69984293226e-19
1 6.16092588084e-19
1 2.67863121566e-19
1 6.56974549158e-19
1 1.90691453392e-19
1 7.59837583892e-19
1 5.15598601044e-19
1 1.06242742574e-18
1 3.03732953142e-19
1 3.59606438954e-19
1 4.10193438126e-19
1 7.30176643457e-19
1 8.90711103164e-19
1 5.60863916408e-19
1 5.26439059548e-19
1 7.34154699291e-19
1 5.64268818788e-19
1 4.20065301007e-19
1 2.34027394256e-19
1 7.02640401554e-19
1 5.67678788259e-19
1 3.20713063556e-19
1 3.37925885159e-19
1 5.15100171225e-19
1 6.48327722563e-19
1 5.00079447218e-19
1 1.92277395739e-19
1 6.393516406e-19
1 3.56404440329e-19
1 9.26711743996e-20
1 6.78520313418e-19
1 6.63619288252e-19
1 8.06767027455e-19
1 4.97973923526e-19
1 6.58991668035e-19
1 1.04852339074e-18
1 5.35383493211e-19
1 2.79181843937e-19
1 8.67385119125e-19
1 3.32599614645e-19
1 7.12247486669e-19
1 2.22198276453e-19
1 4.01235698897e-19
1 6.26140009118e-19
1 2.91421252702e-19
1 1.1010920048e-18
1 8.38604860121e-19
1 5.51568585361e-19
1 9.93911395492e-19
1 3.25627878404e-19
1 7.0213717124e-19
1 7.56894483361e-19
1 5.47728926769e-19
1 8.37370666802e-19
1 5.62798759792e-19
1 5.2863978549e-19
1 8.39276966532e-19
1 2.62028260352e-19
1 7.15192421006e-19
1 5.56005000207e-19
1 5.80460977849e-19
1 9.46417959621e-19
1 6.28833738407e-19
1 8.7313881797e-19
1 4.227047898e-19
1 6.97397139623e-19
At step 1520 out of 1600
1 4.39691484229e-19
1 4.05157729206e-19
1 4.65832113118e-19
1 5.67470362642e-19
1 3.49655212154e-19
1 4.85898540293e-19
1 1.65811262162e-18
1 7.62423031683e-19
1 4.6850500681e-19
1 2.93342369841e-19
1 6.34685549864e-19
1 5.75156666164e-19
1 4.25270964448e-19
1 3.17583678921e-19
1 4.20342125048e-19
1 2.21294673084e-19
1 1.23319386224e-18
1 7.33364538475e-19
1 8.67255749118e-19
1 4.63030058202e-19
1 3.25784514317e-19
1 7.93957240406e-19
1 6.77056370683e-19
1 8.1623949844e-19
1 6.20717928248e-19
1 1.61873260977e-18
1 6.12911110058e-19
1 3.80033660677e-19
1 1.21527297051e-18
1 6.75312961493e-19
1 3.29996552853e-19
1 6.96861666504e-19
1 7.28417414661e-19
1 4.37685536137e-19
1 7.17668972901e-19
1 4.67922114462e-19
1 2.89511612785e-19
1 2.31713651085e-19
1 4.0854243929e-19
1 5.88673606639e-19
1 5.30486879619e-19
1 8.27206728669e-19
1 5.08406218631e-19
1 3.29045674311e-19
1 4.15382499223e-19
1 8.04261484135e-19
1 1.30062054959e-18
1 2.37938756805e-19
1 3.86964221069e-19
1 4.48996386258e-19
1 5.38784945877e-19
1 8.68038420172e-19
1 2.64007878517e-19
1 4.78574375643e-19
1 3.25445077186e-19
1 4.5334711519e-19
1 1.30116471995e-18
1 5.54625242934e-19
1 5.76258162368e-19
1 6.86993856776e-19
1 2.63250720333e-19
1 1.12025486932e-18
1 8.08304012664e-19
1 3.70388884948e-19
1 4.14561733826e-19
1 1.16399278175e-18
1 3.0875283068e-19
1 9.44149242945e-19
1 5.93885598397e-19
1 8.38892741888e-19
1 3.76313229266e-19
1 4.52899416463e-19
1 6.75181356841e-19
1 4.72295200465e-19
1 2.37795893286e-19
1 6.47995007736e-19
1 3.7873141929e-19
1 3.7284231517e-19
1 8.35918793098e-19
Finished timestepping. Total Time: 1.37 minutes.
Integrator Rejection rate: 0.0
