Parameters for this run are:  {'A': 0.32455739091877106, 'ETA': 0.00089, 'DEBYE_LENGTH_WALL': 0.16227869545938553, 'gfactor': 1.0, 'n_steps': 400, 'REPULSION_STRENGTH_WALL': 0.0, 'dt': 0.005, 'scheme': 'EULER', 'M': array([ 0.00015394,  0.00015394,  0.00015394,  0.00015394,  0.00015394,
        0.00015394,  0.00015394,  0.00015394,  0.00015394,  0.00015394,
        0.00015394,  0.00015394,  0.00015394,  0.00015394,  0.00015394]), 'KT': 0.0}
dz =  2.0
Nrods =  1
Nblobs =  15
1 1.2362942999e-14
At step 0 out of 400
1 1.58284759424e-18
1 3.7460186433e-18
1 2.50506999699e-18
1 2.79171664664e-18
1 2.11951937645e-18
1 4.19459396233e-18
1 1.25072456493e-18
1 1.73838502747e-18
1 2.75822482485e-18
1 3.06473517612e-18
1 1.44257760491e-18
1 1.18868519164e-18
1 1.33844167675e-18
1 2.28631650863e-18
1 2.52685048408e-18
1 1.09166037089e-18
1 2.15729526091e-18
1 2.03857842796e-18
1 2.63567560811e-18
1 1.67709334336e-18
At step 20 out of 400
1 2.17504520827e-18
1 2.75167744728e-18
1 1.35363559087e-18
1 2.55334707929e-18
1 1.24245256423e-18
1 1.75295005206e-18
1 2.57697645774e-18
1 2.74302797634e-18
1 1.52496237275e-18
1 1.77871426554e-18
1 3.14977273369e-18
1 6.61328725713e-19
1 2.59568968407e-18
1 2.64394781016e-18
1 1.57124969918e-18
1 7.94000242467e-19
1 1.10382295576e-18
1 3.90250332064e-18
1 1.31259894355e-18
1 1.58798637929e-18
At step 40 out of 400
1 2.73986137416e-18
1 1.04572624016e-18
1 2.21629470082e-18
1 1.58066600198e-18
1 1.13061708483e-18
1 2.08024145963e-18
1 2.45249417103e-18
1 8.53864482499e-19
1 2.41252217935e-18
1 3.85744378335e-18
1 3.10218460128e-18
1 1.338371796e-18
1 6.92401899078e-19
1 1.12959893385e-18
1 4.01845155616e-18
1 1.45659984955e-18
1 1.17450713856e-18
1 3.79253248396e-18
1 2.6441202687e-18
1 1.43996042708e-18
At step 60 out of 400
1 2.63597073416e-18
1 1.50561734366e-18
1 1.87523614848e-18
1 7.89012355712e-19
1 1.91801902552e-18
1 1.83753635281e-18
1 1.97709531604e-18
1 2.32443943113e-18
1 3.45227220449e-18
1 3.56726599746e-18
1 2.51817399167e-18
1 1.5477056413e-18
1 1.56026975003e-18
1 5.38693892771e-18
1 1.16483361288e-18
1 8.97299623239e-19
1 1.50643234483e-18
1 2.38994490505e-18
1 1.71927107888e-18
1 6.9697048478e-18
At step 80 out of 400
1 2.08325086097e-18
1 3.30911965212e-18
1 3.41653089758e-18
1 3.47806515237e-18
1 2.05389294613e-18
1 9.27662456964e-19
1 1.20330529388e-18
1 1.5481244367e-18
1 2.00976729026e-18
1 2.71334578777e-18
1 2.20594379677e-18
1 1.21865227556e-18
1 3.21016481454e-18
1 1.98849990874e-18
1 1.38705026079e-18
1 2.4201816306e-18
1 3.09760683e-18
1 1.12438518573e-18
1 1.66705383672e-18
1 3.63139280253e-18
At step 100 out of 400
1 3.575822635e-18
1 2.98383837019e-18
1 3.70746248356e-18
1 1.3413050806e-18
1 3.10048937739e-18
1 3.17965796642e-18
1 2.94282816636e-18
1 1.8790663243e-18
1 2.81046143741e-18
1 3.02499979438e-18
1 4.93522872426e-18
1 1.18766901301e-18
1 1.48596295758e-18
1 2.29942799693e-18
1 7.51753887872e-18
1 1.46207585487e-18
1 1.69976513624e-18
1 1.08461828364e-18
1 1.78814245952e-18
1 7.84697960368e-19
At step 120 out of 400
1 1.02965665614e-18
1 3.80588842686e-18
1 1.8858941509e-18
1 2.49112813624e-18
1 1.67197200189e-18
1 1.81164698277e-18
1 1.49794861102e-18
1 3.16236377258e-18
1 2.40268226524e-18
1 2.33207919913e-18
1 1.58567139817e-18
1 1.24297520367e-18
1 1.45951180524e-18
1 1.61854146027e-18
1 2.20881745118e-18
1 2.34811581761e-18
1 1.91697682629e-18
1 8.03157137064e-19
1 1.11141691915e-18
1 2.36273311592e-18
At step 140 out of 400
1 2.32962840914e-18
1 2.07687289724e-18
1 9.64558905244e-19
1 2.33161920752e-18
1 1.15927714192e-18
1 2.81675333738e-18
1 8.37300916418e-19
1 1.78723314091e-18
1 2.07617896509e-18
1 3.49085748971e-18
1 1.07369329982e-18
1 8.53728886016e-19
1 1.46049971737e-18
1 8.37537528449e-19
1 1.90863924229e-18
1 2.30950933538e-18
1 2.96497980461e-18
1 2.35619345478e-18
1 1.32201273563e-18
1 1.84518149034e-18
At step 160 out of 400
1 2.16164746386e-18
1 1.65152617313e-18
1 1.20202455425e-18
1 3.33325466977e-18
1 1.06101742526e-18
1 1.63130409861e-18
1 1.78788270516e-18
1 5.24858199543e-18
1 2.31366051948e-18
1 2.79516554379e-18
1 3.20104886875e-18
1 8.77074762656e-19
1 3.5234125459e-18
1 2.35835317787e-18
1 3.32779195008e-18
1 2.53689225615e-18
1 2.47778790583e-18
1 1.67402359263e-18
1 4.03954491064e-18
1 4.32159386441e-18
At step 180 out of 400
1 3.11888356326e-18
1 1.86796964665e-18
1 1.94203486852e-18
1 1.69483240658e-18
1 3.67338537141e-18
1 2.57715563705e-18
1 3.16384542376e-18
1 1.03515593147e-18
1 1.48669981668e-18
1 2.88177001255e-18
1 2.22889469789e-18
1 9.40940363905e-19
1 1.63574952317e-18
1 8.06155740608e-19
1 2.1449915101e-18
1 2.55511955283e-18
1 1.98918614639e-18
1 2.00950106603e-18
1 3.16702463678e-18
1 7.51165215987e-19
At step 200 out of 400
1 1.29180020906e-18
1 1.02716645211e-18
1 1.2371977072e-18
1 1.1010780845e-18
1 3.18161789677e-19
1 1.76314939238e-18
1 1.36235658736e-18
1 3.39264781581e-18
1 2.57004039686e-18
1 2.12979674408e-18
1 1.89192293021e-18
1 3.64442012048e-18
1 1.81285775149e-18
1 1.35848704529e-18
1 2.56135599833e-18
1 3.57423197477e-18
1 1.9005050155e-18
1 2.44778459936e-18
1 2.88602332354e-18
1 3.45282587102e-18
At step 220 out of 400
1 2.0528259729e-18
1 2.18702374254e-18
1 2.93909706007e-18
1 9.28900463592e-19
1 4.02218895126e-18
1 2.78510169291e-18
1 2.6700668062e-18
1 1.88827790419e-18
1 1.29612856231e-18
1 3.67444321212e-18
1 1.70592823375e-18
1 2.90977355379e-18
1 1.47543342116e-18
1 3.0850595905e-18
1 6.33776719615e-19
1 2.4013592167e-18
1 2.75280728583e-18
1 2.96555607279e-18
1 3.70902524541e-18
1 3.12574278846e-18
At step 240 out of 400
1 1.18822270087e-18
1 8.75974745787e-19
1 1.62580589924e-18
1 1.87281198775e-18
1 2.4992236359e-18
1 2.72316724496e-18
1 2.1911756559e-18
1 2.89049264726e-18
1 1.10782505063e-18
1 2.81545428304e-18
1 3.10493197165e-18
1 3.72481722142e-18
1 1.54876027087e-18
1 2.9955824899e-18
1 9.08850226442e-19
1 8.79571385985e-19
1 1.80565852678e-18
1 1.59051697202e-18
1 2.40716400376e-18
1 2.6756257258e-18
At step 260 out of 400
1 2.2875101701e-18
1 1.4573947482e-18
1 1.69311345945e-18
1 8.43860310504e-19
1 1.85513617683e-18
1 1.48388484428e-18
1 3.88747035118e-18
1 1.49179811482e-18
1 2.47274602991e-18
1 1.86256800887e-18
1 2.26352724664e-18
1 2.93014163227e-18
1 6.62626578027e-19
1 2.43436985202e-18
1 2.94914707306e-18
1 2.24063185334e-18
1 8.48019623523e-19
1 1.34989752885e-18
1 2.14436557825e-18
1 1.81674647676e-18
At step 280 out of 400
1 4.38294195322e-18
1 2.63395774488e-18
1 6.68764119314e-19
1 2.08331129025e-18
1 3.38526676637e-18
1 1.91452180204e-18
1 2.24856335736e-18
1 1.65093396563e-18
1 2.81362481394e-18
1 1.47516209433e-18
1 3.95646145697e-19
1 2.79235192877e-18
1 1.10014627269e-18
1 1.51326396877e-18
1 3.3223235948e-18
1 2.69924380495e-18
1 1.29891366673e-18
1 1.9474548867e-18
1 3.19149782017e-18
1 3.07061342436e-18
At step 300 out of 400
1 5.82275844455e-18
1 2.45044499234e-18
1 2.09176612098e-18
1 5.73225261312e-18
1 1.75394552282e-18
1 2.99585892425e-18
1 1.27495216174e-18
1 2.1107594838e-18
1 1.23689762639e-18
1 2.74009290578e-18
1 8.19148276857e-19
1 1.60069046957e-18
1 2.9139743023e-18
1 1.71480965132e-18
1 1.34080395691e-18
1 1.58874323156e-18
1 2.83811655342e-18
1 1.20038680816e-18
1 1.91101776515e-18
1 2.4389546114e-18
At step 320 out of 400
1 2.21920871041e-18
1 2.3526844279e-18
1 1.26705698105e-18
1 3.72819216792e-18
1 2.25193436595e-18
1 2.01209198113e-18
1 2.6834080724e-18
1 3.16664621689e-18
1 1.82749159229e-18
1 1.87584273281e-18
1 3.4085754419e-18
1 1.43638547273e-18
1 2.27164950668e-18
1 2.34666305824e-18
1 1.53102774818e-18
1 2.21169397336e-18
1 1.51028974852e-18
1 2.13709250179e-18
1 1.68207696019e-18
1 3.77200798099e-18
At step 340 out of 400
1 2.75227331906e-18
1 2.2614948458e-18
1 8.55909810655e-19
1 1.69114467401e-18
1 1.32324073983e-18
1 3.11146938565e-18
1 3.18893969052e-18
1 1.60696326703e-18
1 2.86897941168e-18
1 3.41377423036e-18
1 2.24848189481e-18
1 4.17943782138e-18
1 1.53759216565e-18
1 1.96039739535e-18
1 1.44208381315e-18
1 1.59351412279e-18
1 9.65455424724e-19
1 2.05558378949e-18
1 1.34660811745e-18
1 1.89873893504e-18
At step 360 out of 400
1 1.84713972333e-18
1 2.82162126417e-18
1 2.1520524133e-18
1 7.77383985856e-19
1 1.02337053596e-18
1 1.40033614626e-18
1 6.97193899291e-18
1 2.93546399547e-18
1 5.26988010367e-18
1 1.61776481246e-18
1 2.31137978647e-18
1 5.83578549233e-18
1 2.42419465436e-18
1 2.1010686915e-18
1 2.10643912396e-18
1 5.34507072536e-18
1 1.45313625485e-18
1 8.93810608914e-19
1 4.67124291128e-18
1 2.13293396229e-18
At step 380 out of 400
1 1.43624056594e-18
1 1.30341260523e-18
1 1.76764121739e-18
1 1.35606540769e-18
1 1.65593493406e-18
1 3.01886174825e-18
1 2.40801325986e-18
1 5.56196208514e-18
1 6.40960309174e-18
1 2.3785568819e-18
1 1.71599690205e-18
1 1.94448329206e-18
1 2.73373967592e-18
1 2.41093120183e-18
1 1.33761045464e-18
1 2.37507296689e-18
1 1.21360336699e-18
1 3.52784194627e-18
1 1.36446646735e-18
Finished timestepping. Total Time: 20.68 seconds.
Integrator Rejection rate: 0.0
