Parameters for this run are:  {'A': 0.32455739091877106, 'ETA': 0.00089, 'DEBYE_LENGTH_WALL': 0.16227869545938553, 'gfactor': 1.0, 'n_steps': 200, 'REPULSION_STRENGTH_WALL': 0.0, 'dt': 0.01, 'scheme': 'EULER', 'M': array([ 0.00015394,  0.00015394,  0.00015394,  0.00015394,  0.00015394,
        0.00015394,  0.00015394,  0.00015394,  0.00015394,  0.00015394,
        0.00015394,  0.00015394,  0.00015394,  0.00015394,  0.00015394]), 'KT': 0.0}
dz =  2.0
Nrods =  1
Nblobs =  15
1 1.2362942999e-14
At step 0 out of 200
1 2.89500034581e-18
1 3.41179888852e-18
1 8.20480550162e-18
1 4.91301146938e-18
1 4.80888362722e-18
1 6.30112780833e-18
1 3.0700305781e-18
1 8.07995325876e-18
1 7.67159535423e-18
1 6.63554380602e-18
At step 10 out of 200
1 3.38438897636e-18
1 5.27654183528e-18
1 8.92542726449e-18
1 4.49910770062e-18
1 5.51904964188e-18
1 4.64319135782e-18
1 3.00655335208e-18
1 6.3646461655e-18
1 4.4053068574e-18
1 1.66939749059e-18
At step 20 out of 200
1 1.29534401585e-18
1 9.95958839043e-18
1 5.26995767653e-18
1 3.78596432033e-18
1 2.28648366452e-18
1 4.40062655628e-18
1 5.29874445212e-18
1 3.58556527971e-18
1 4.10799202992e-18
1 2.86787378118e-18
At step 30 out of 200
1 2.23738785201e-18
1 6.01765834879e-18
1 3.62804635747e-18
1 2.0033790286e-18
1 3.05324999423e-18
1 3.63800989814e-18
1 4.89582672712e-18
1 2.7960207131e-18
1 4.73111525803e-18
1 1.406087635e-18
At step 40 out of 200
1 2.86313670476e-18
1 3.61752186567e-18
1 4.03460645491e-18
1 2.43377770164e-18
1 6.0464762018e-18
1 1.46855300407e-18
1 6.99190845767e-18
1 6.16668534477e-18
1 3.62965619259e-18
1 5.86228391881e-18
At step 50 out of 200
1 5.51899043157e-18
1 6.2560122028e-18
1 2.96708990297e-18
1 9.59816163599e-18
1 6.76517098858e-18
1 3.72235341748e-18
1 2.5300511032e-18
1 5.13089621727e-18
1 2.0854462802e-18
1 3.07456897921e-18
At step 60 out of 200
1 5.16014527451e-18
1 2.61986755557e-18
1 4.07384404269e-18
1 3.49868049586e-18
1 4.86572348258e-18
1 4.75438948337e-18
1 3.62620996001e-18
1 4.18554130639e-18
1 7.12819986441e-18
1 6.03578614565e-18
At step 70 out of 200
1 5.05414517165e-18
1 8.00904137716e-19
1 5.29223225691e-18
1 3.40504934894e-18
1 3.31510130122e-18
1 7.20487818797e-18
1 7.18709795871e-18
1 2.64594487115e-18
1 4.97143827389e-18
1 3.51623817434e-18
At step 80 out of 200
1 5.89636623625e-18
1 4.60863665681e-18
1 5.38867649245e-18
1 6.05097572988e-18
1 6.60712021557e-18
1 3.42342738524e-18
1 2.38879717935e-18
1 2.74266735518e-18
1 4.04236004547e-18
1 4.82694158242e-18
At step 90 out of 200
1 4.10054759477e-18
1 3.59092980239e-18
1 2.11711339048e-18
1 2.21823409948e-18
1 3.75062201725e-18
1 3.54068094774e-18
1 4.48844732838e-18
1 5.34991301779e-18
1 5.81006344664e-18
1 5.44555073103e-18
At step 100 out of 200
