Parameters for this run are:  {'A': 0.32455739091877106, 'ETA': 0.00089, 'DEBYE_LENGTH_WALL': 0.16227869545938553, 'gfactor': 1.0, 'n_steps': 800, 'REPULSION_STRENGTH_WALL': 0.0, 'dt': 0.0025, 'scheme': 'PC', 'M': array([ 0.00015394,  0.00015394,  0.00015394,  0.00015394,  0.00015394,
        0.00015394,  0.00015394,  0.00015394,  0.00015394,  0.00015394,
        0.00015394,  0.00015394,  0.00015394,  0.00015394,  0.00015394]), 'KT': 0.0}
dz =  2.0
Nrods =  1
Nblobs =  15
1 1.2362942999e-14
1 6.68987178127e-19
At step 0 out of 800
1 4.89465234803e-19
1 5.31838743012e-19
1 2.96615067443e-19
1 1.26378372519e-18
1 5.29292069533e-19
1 5.05470632357e-19
1 4.48424328894e-19
1 1.4620963676e-19
1 3.7256891399e-19
1 7.80254547323e-19
1 2.91943291437e-19
1 9.02118562206e-19
1 9.02631306468e-19
1 3.99633190073e-19
1 1.01518420196e-18
1 5.4941573206e-19
1 7.30249774254e-19
1 8.3252322863e-19
1 6.95153073511e-19
1 3.56147359659e-19
1 1.46737885273e-18
1 4.57225841706e-19
1 7.64420288656e-19
1 3.15039075472e-19
1 3.24459515394e-19
1 5.51986804814e-19
1 6.27852041774e-19
1 9.05166260853e-19
1 2.83187160221e-19
1 3.0137950149e-19
1 3.83309602945e-19
1 1.46570384398e-18
1 8.23454587911e-19
1 2.92619618187e-19
1 7.24426150663e-19
1 5.99967479686e-19
1 5.76758281019e-19
1 8.32130085968e-19
1 9.39604773717e-19
1 8.04047741408e-19
1 7.69766480968e-19
1 9.06278518815e-19
1 8.54431998478e-19
1 3.51358218361e-19
1 3.57039848824e-19
1 2.68305350437e-19
1 3.68125117655e-19
1 5.79832567175e-19
1 9.06033716165e-19
1 3.77196565069e-19
1 5.20427684096e-19
1 7.12999505532e-19
1 7.15848030987e-19
1 6.19531099085e-19
1 7.39413606701e-19
1 1.8674231256e-19
1 2.56719951299e-19
1 6.64026413186e-19
1 4.7629583935e-19
1 8.43074967355e-19
1 3.4161223192e-19
1 3.58579467434e-19
1 7.26244706004e-19
1 1.98775216105e-19
1 3.31480187378e-19
1 3.99076100661e-19
1 1.4438040651e-18
1 4.15964219993e-19
1 1.9149597975e-19
1 5.07101284858e-19
1 3.68361642124e-19
1 1.07167234528e-18
1 6.04312442342e-19
1 3.27933261191e-19
1 3.89334633247e-19
1 4.52178646397e-19
1 5.04987571705e-19
1 9.7660076946e-19
1 1.66438936952e-19
1 8.25417397186e-19
At step 40 out of 800
1 4.63546442704e-19
1 6.77386874162e-19
1 5.8365062251e-19
1 3.89421376933e-19
1 5.84677134443e-19
1 3.83739976075e-19
1 5.17297365476e-19
1 6.37643062743e-19
1 7.39694486835e-19
1 3.78800208068e-19
1 7.3222395211e-19
1 1.11664528977e-18
1 8.02599301116e-19
1 7.9673136915e-19
1 6.08001186003e-19
1 3.68377236129e-19
1 3.90371841026e-19
1 8.30436080022e-19
1 4.60515746774e-19
1 3.69113010802e-19
1 2.3736907148e-19
1 1.0384840384e-18
1 3.28631056626e-19
1 3.51607928127e-19
1 1.21747409376e-18
1 2.90795867834e-19
1 6.23833589121e-19
1 6.05260302877e-19
1 3.45347794821e-19
1 8.63429581291e-19
1 7.09976813893e-19
1 3.10872838271e-19
1 8.09233986648e-19
1 4.23385456895e-19
1 1.08823108692e-18
1 2.51882981118e-19
1 5.72609874921e-19
1 5.01776738783e-19
1 3.99965308832e-19
1 3.93592016149e-19
1 4.13891189147e-19
1 7.27839623867e-19
1 4.22176626171e-19
1 1.53835894516e-19
1 3.10886741547e-19
1 5.49378604394e-19
1 3.76380551498e-19
1 3.84775071746e-19
1 8.00041314553e-19
1 1.96361559391e-19
1 8.29668536921e-19
1 4.65627854776e-19
1 4.38720213816e-19
1 4.31044735563e-19
1 3.44078486327e-19
1 7.27699021758e-19
1 8.61282055441e-19
1 3.93274235663e-19
1 5.24977033526e-19
1 3.03270022363e-19
1 6.24695274528e-19
1 8.94506311936e-19
1 4.48494152207e-19
1 3.48609838895e-19
1 9.11893296428e-19
1 6.58546640772e-19
1 7.62529876704e-19
1 4.01621144229e-19
1 3.40207098371e-19
1 7.82735378545e-19
1 3.17076068769e-19
1 1.10742663423e-18
1 6.09240305118e-19
1 4.22438300691e-19
1 4.37512502506e-19
1 3.77288034098e-19
1 2.34661431605e-19
1 4.75130473796e-19
1 4.22948747925e-19
1 7.61609620016e-19
At step 80 out of 800
1 6.12397521938e-19
1 4.68890935354e-19
1 9.32933750707e-19
1 3.30413273924e-19
1 2.42728629401e-19
1 3.8409206177e-19
1 5.48878350815e-19
1 3.51780339655e-19
1 1.24466072888e-18
1 6.3361315131e-19
1 5.64862104224e-19
1 6.03183588549e-19
1 5.90760490254e-19
1 6.3142090133e-19
1 5.22855522402e-19
1 6.31570577716e-19
1 8.87594400907e-19
1 7.91871483107e-19
1 8.91757536356e-19
1 5.22138548006e-19
1 5.71488603231e-19
1 3.02697343938e-19
1 6.53409700726e-19
1 3.89261541201e-19
1 3.94764141123e-19
1 5.43596232098e-19
1 7.69296242494e-19
1 3.89937506857e-19
1 5.35658462519e-19
1 2.73869636677e-19
1 5.3520563472e-19
1 3.08495242053e-19
1 4.28627005932e-19
1 4.56646891393e-19
1 9.54164409312e-19
1 4.8512870474e-19
1 5.82827884873e-19
1 3.34179029519e-19
1 1.89049700564e-19
1 4.28132093839e-19
1 6.61735810903e-19
1 3.20906025384e-19
1 3.6946441344e-19
1 2.19435727608e-19
1 3.9851770449e-19
1 3.25623805626e-19
1 4.88606170619e-19
1 3.37788702091e-19
1 5.91428644817e-19
1 8.13499759063e-19
1 7.46709726518e-19
1 2.13299746237e-19
1 6.02209017112e-19
1 4.41433645621e-19
1 1.2900306103e-18
1 4.92148471563e-19
1 3.15596374794e-19
1 3.10640382107e-19
1 1.27502784254e-18
1 2.58103754763e-19
1 5.40728423514e-19
1 7.82475406008e-19
1 9.43000160778e-19
1 6.83448060626e-19
1 1.3741982922e-18
1 6.34929768433e-19
1 7.11699012464e-19
1 4.64597175729e-19
1 7.8792496407e-19
1 6.62253302331e-19
1 2.87883005588e-19
1 3.78069278664e-19
1 6.34651823371e-19
1 8.91024591338e-19
1 5.4702559874e-19
1 5.98917263813e-19
1 3.65049213142e-19
1 7.46532994748e-19
1 2.31358262609e-19
1 2.36145281942e-19
At step 120 out of 800
1 3.10159531723e-19
1 7.24651146715e-19
1 6.97372560495e-19
1 1.24011194023e-18
1 4.37475847281e-19
1 7.6374108486e-19
1 3.0053885806e-19
1 1.25321743478e-18
1 3.88831981259e-19
1 3.92237476517e-19
1 7.40252923771e-19
1 2.8732631911e-19
1 7.60050179127e-19
1 5.50992959171e-19
1 8.08102986656e-19
1 9.01862112328e-19
1 4.65728452443e-19
1 4.90421769632e-19
1 7.29857922271e-19
1 7.55333556288e-19
1 4.26506618828e-19
1 3.47931872878e-19
1 4.7623602023e-19
1 2.51633002846e-19
1 6.86833968756e-19
1 3.42707055414e-19
1 1.09424247046e-18
1 7.93308152666e-19
1 4.42503407985e-19
1 4.9632746673e-19
1 3.0502359998e-19
1 1.6906657533e-18
1 3.56211403776e-19
1 3.0022293538e-19
1 1.12784615696e-18
1 4.98980116666e-19
1 2.45495638782e-19
1 7.36115785879e-19
1 3.35557657783e-19
1 4.59798158933e-19
1 1.26261118673e-18
1 3.14633060301e-19
1 8.07353431e-19
1 2.75713766728e-19
1 1.51942888822e-18
1 5.20009365418e-19
1 7.57441674907e-19
1 3.73639587197e-19
1 5.18660290783e-19
1 9.79733300879e-20
1 8.51134370127e-19
1 4.43183366245e-19
1 3.18971501678e-19
1 3.23609831774e-19
1 7.4242729574e-19
1 9.81834402955e-19
1 3.88360520129e-19
1 3.99872443014e-19
1 5.98325313762e-19
1 4.81720690925e-19
1 7.45858605324e-19
1 1.52283352042e-18
1 3.86467761076e-19
1 8.85310516691e-19
1 6.73360780265e-19
1 2.56885496358e-19
1 7.19971284786e-19
1 8.2212371252e-19
1 9.46381145268e-19
1 1.01983377565e-18
1 6.53272335546e-19
1 5.16274752626e-19
1 3.93882069196e-19
1 3.11605289137e-19
1 5.43261925827e-19
1 4.70044182249e-19
1 4.36491256081e-19
1 4.82998891556e-19
1 2.85586242135e-19
1 2.50552217736e-19
At step 160 out of 800
1 2.75563594971e-19
1 3.40348495059e-19
1 7.65964830557e-19
1 1.24041641129e-19
1 3.99116652227e-19
1 4.61424518778e-19
1 4.15154509962e-19
1 5.52708332632e-19
1 2.93876585656e-19
1 7.69993574867e-19
1 9.82522247543e-19
1 3.11104219492e-19
1 3.80908735105e-19
1 3.09135225878e-19
1 7.03737302675e-19
1 8.95229843316e-19
1 1.0260158862e-18
1 5.48435112399e-19
1 4.07465260012e-19
1 4.32246120806e-19
1 2.96262731284e-19
1 5.74131229195e-19
1 3.84467085294e-19
1 2.41261252943e-19
1 6.85446082638e-19
1 7.74844946332e-19
1 2.55288896808e-19
1 8.50656134407e-19
1 5.93255634995e-19
1 3.94418841152e-19
1 5.11655965115e-19
1 4.21964171739e-19
1 1.94387038461e-19
1 4.46395471691e-19
1 4.64731791936e-19
1 7.14841060591e-19
1 1.18788314047e-18
1 3.41707795962e-19
1 1.16026599379e-18
1 4.09913589814e-19
1 3.22356424716e-19
1 6.83534348287e-19
1 4.45318398624e-19
1 5.18490955287e-19
1 4.59657929932e-19
1 3.79000117073e-19
1 1.47003647622e-19
1 1.51794200134e-18
1 5.79993082222e-19
1 4.08705747136e-19
1 3.72367293211e-19
1 7.21474458021e-19
1 1.00335242475e-18
1 8.50622291789e-19
1 1.98170205752e-19
1 5.59729439688e-19
1 5.82932027924e-19
1 3.80258953229e-19
1 8.2688600996e-19
1 6.77651541491e-19
1 8.07591502576e-19
1 4.04306537374e-19
1 1.66987575722e-19
1 4.42077908942e-19
1 7.21492391685e-19
1 6.64091658563e-19
1 4.02179128036e-19
1 8.52996555263e-19
1 3.11687511253e-19
1 1.13388638773e-18
1 2.49546472669e-19
1 6.10338198184e-19
1 9.19455993471e-19
1 6.36203347085e-19
1 3.17311498631e-19
1 3.02471236235e-19
1 6.91361831534e-19
1 7.13582179793e-19
1 1.73074320769e-19
1 7.95670240022e-19
At step 200 out of 800
1 6.96305154614e-19
1 5.40665871779e-19
1 6.15211893077e-19
1 1.07836418886e-18
1 5.56709413423e-19
1 3.13826787348e-19
1 7.41102428816e-19
1 3.65866163487e-19
1 1.18568228018e-18
1 4.65434157747e-19
1 5.09803589223e-19
1 5.10421222238e-19
1 5.67555637771e-19
1 5.62505120979e-19
1 4.99838684399e-19
1 2.87270064357e-19
1 3.2633080822e-19
1 5.83638666574e-19
1 1.33612604665e-18
1 7.20897908107e-19
1 4.51764852657e-19
1 2.89148860813e-19
1 6.982320245e-19
1 9.15092463832e-19
1 6.60075492011e-19
1 3.85270797701e-19
1 4.82616551602e-19
1 3.91909125278e-19
1 3.17425639806e-19
1 1.34859658781e-18
1 2.69419746636e-19
1 9.57583706342e-19
1 5.92859773846e-19
1 4.44562214541e-19
1 3.35917029322e-19
1 4.47261329405e-19
1 8.05305599051e-19
1 6.09351021503e-19
1 4.7990745578e-19
1 4.36981005637e-19
1 4.3365044e-19
1 4.1568116339e-19
1 6.05967349471e-19
1 1.49735496716e-18
1 8.14064193869e-19
1 1.05047585568e-18
1 3.5156114361e-19
1 8.84933071597e-19
1 5.33531621738e-19
1 9.24181946712e-19
1 8.1991971657e-19
1 4.08889324675e-19
1 1.18376395834e-18
1 8.07232152667e-19
1 5.69725720644e-19
1 4.13411461114e-19
1 3.13320077615e-19
1 2.96876655313e-19
1 3.12310835807e-19
1 3.54164845478e-19
1 5.79428802995e-19
1 2.5787961269e-19
1 3.81149321559e-19
1 8.35227894304e-19
1 3.66021764081e-19
1 3.59402813994e-19
1 3.2613170033e-19
1 5.31216469172e-19
1 7.44994701817e-19
1 6.93101952002e-19
1 1.1269722212e-18
1 4.32572613359e-19
1 4.61025840015e-19
1 4.24717753129e-19
1 8.82890639633e-19
1 4.4295188491e-19
1 8.49386376099e-19
1 4.32585540144e-19
1 7.86507772981e-19
1 2.84107614161e-19
At step 240 out of 800
1 7.39656370473e-19
1 5.97399188817e-19
1 3.96876594474e-19
1 7.77701990468e-19
1 5.7828905008e-19
1 4.71067462163e-19
1 4.59912305142e-19
1 4.91973033122e-19
1 9.119058959e-19
1 2.2234062478e-19
1 8.83705160288e-19
1 9.9084430197e-19
1 5.37986529717e-19
1 2.30341609591e-19
1 5.1819150337e-19
1 4.05295639862e-19
1 6.12775751508e-19
1 4.29833039178e-19
1 2.85702104151e-19
1 3.64691553617e-19
1 1.23596531249e-18
1 2.4981599884e-19
1 7.15238072162e-19
1 5.1612988611e-19
1 3.61011373301e-19
1 4.9700150651e-19
1 7.22751605075e-19
1 5.59723583945e-19
1 8.55615260308e-19
1 5.6751453116e-19
1 3.74284905236e-19
1 1.17963000322e-18
1 4.16405526078e-19
1 3.7511011829e-19
1 1.75562929663e-19
1 7.53213047314e-19
1 4.64459779389e-19
1 4.79257844574e-19
1 3.11497996284e-19
1 8.51884794039e-19
1 3.85371628367e-19
1 1.71396612078e-19
1 5.30266215025e-19
1 4.10155271423e-19
1 5.59817911006e-19
1 4.1190082045e-19
1 5.10633081591e-19
1 2.37945431992e-19
1 4.37039559092e-19
1 5.55894248751e-19
1 2.20282897688e-19
1 6.34929689791e-19
1 8.4061039829e-19
1 4.96890180153e-19
1 2.7788473939e-19
1 2.86150292651e-19
1 5.83330664767e-19
1 4.1274909854e-19
1 2.78454617939e-19
1 4.30176569114e-19
1 3.51885408892e-19
1 8.07188095996e-19
1 4.43553651999e-19
1 5.04071603042e-19
1 8.4921420709e-19
1 5.34727980238e-19
1 3.75837830799e-19
1 2.08153492539e-19
1 1.05312582323e-18
1 4.0279512058e-19
1 5.53239467344e-19
1 1.18025650766e-18
1 1.08474173377e-18
1 8.97285728469e-19
1 7.37550467812e-19
1 5.96276299461e-19
1 6.77864614693e-19
1 5.18008331589e-19
1 3.77166897894e-19
1 3.09389786964e-19
At step 280 out of 800
1 6.69427254686e-19
1 1.91654194984e-19
1 3.84796906026e-19
1 1.03012575713e-18
1 8.08447886688e-19
1 3.92524762196e-19
1 6.15934601444e-19
1 2.02504586958e-19
1 6.00599829261e-19
1 1.22768398838e-19
1 2.88515552165e-19
1 6.23038249002e-19
1 8.07044682654e-19
1 2.68401261575e-19
1 3.62131359575e-19
1 6.39366860862e-19
1 4.33260929314e-19
1 5.63032365654e-19
1 1.27020499037e-19
1 7.26189539226e-19
1 4.28397786749e-19
1 3.90363062741e-19
1 3.53008011642e-19
1 4.85957417363e-19
1 3.88582533149e-19
1 5.16667873852e-19
1 4.39246762644e-19
1 1.18289492572e-18
1 5.78996045517e-19
1 1.01903181316e-18
1 7.80207078907e-19
1 6.4256247422e-19
1 3.88865981753e-19
1 6.37819239635e-19
1 1.55565707555e-18
1 7.88566259575e-19
1 5.30150464782e-19
1 5.51268289127e-19
1 5.98540775844e-19
1 7.95117316348e-19
1 7.90746782103e-19
1 6.8259210786e-19
1 7.73376499291e-19
1 3.59543436228e-19
1 9.50978615996e-19
1 9.19062656251e-19
1 3.99014827091e-19
1 3.84831334696e-19
1 7.27798244068e-19
1 7.68421099854e-19
1 2.88593223897e-19
1 2.80898083708e-19
1 8.34944570685e-19
1 3.44417254944e-19
1 4.79362559548e-19
1 4.8831792115e-19
1 2.83246791033e-19
1 8.72723642976e-19
1 3.47974658236e-19
1 5.10082511946e-19
1 6.36039584756e-19
1 3.78741826164e-19
1 6.36749782347e-19
1 5.6570196488e-19
1 1.02292016921e-18
1 6.71911031096e-19
1 4.27238545577e-19
1 1.55557678879e-19
1 5.3544482499e-19
1 5.55382569715e-19
1 5.041053433e-19
1 3.19349601819e-19
1 3.1023302192e-19
1 2.86319660881e-19
1 8.62889162257e-19
1 6.45926192088e-19
1 1.89150783947e-19
1 8.50232632501e-20
1 5.8807761472e-19
1 6.65390009678e-19
At step 320 out of 800
1 4.95116140665e-19
1 1.57674523947e-18
1 7.57971095712e-19
1 6.46506327721e-19
1 7.1535714646e-19
1 6.6569893836e-19
1 1.04347286852e-18
1 4.60342911189e-19
1 6.02618847202e-19
1 4.01450924574e-19
1 3.2074615124e-19
1 4.53643501902e-19
1 2.63492743356e-19
1 5.55995796302e-19
1 2.98590631435e-19
1 6.75621548894e-19
1 8.26627803204e-19
1 3.98554149917e-19
1 3.26803313709e-19
1 1.66207504437e-18
1 3.74000107899e-19
1 9.37606276032e-19
1 2.88251472517e-19
1 1.02454677868e-18
1 2.77658870774e-19
1 4.8143531832e-19
1 5.38230849022e-19
1 5.07829827628e-19
1 4.02505614434e-19
1 3.62288676991e-19
1 7.53645444569e-19
1 5.97089074024e-19
1 7.46987710781e-19
1 3.82232288544e-19
1 5.13336417329e-19
1 6.36591764646e-19
1 7.835974308e-20
1 7.85804823312e-19
1 4.07781748971e-19
1 6.98430056866e-19
1 5.42379491918e-19
1 1.8847271182e-19
1 2.94005152967e-19
1 6.01746436006e-19
1 8.61034477573e-19
1 3.83248725167e-19
1 5.52278558339e-19
1 4.74591303703e-19
1 5.58278077624e-19
1 6.07884959727e-19
1 4.83839782769e-19
1 8.0114559824e-19
1 2.87847063724e-19
1 4.06067112263e-19
1 4.57539192409e-19
1 4.88434838423e-19
1 2.65510269043e-19
1 2.29915942952e-19
1 9.34200418132e-19
1 2.03488110161e-19
1 2.25882370411e-19
1 6.65838220207e-19
1 5.4979951971e-19
1 8.31502381704e-19
1 8.6170854238e-19
1 8.03382473594e-19
1 1.02698005683e-18
1 8.33722649435e-19
1 5.84272340382e-19
1 5.52624919492e-19
1 4.60688720571e-19
1 8.16899704337e-19
1 6.78783055646e-19
1 4.51748746306e-19
1 1.38366997875e-19
1 5.13280573221e-19
1 9.24192463044e-19
1 7.55944727575e-19
1 4.05211211874e-19
1 8.32181041372e-19
At step 360 out of 800
1 8.73940949361e-19
1 1.3945146922e-18
1 5.16357999718e-19
1 3.65320928975e-19
1 4.2458254527e-19
1 2.42868632595e-19
1 6.2547018229e-19
1 3.00527307824e-19
1 7.3574489417e-19
1 5.57297524959e-19
1 6.73466973628e-19
1 5.8156367095e-19
1 7.08429468834e-19
1 8.91235852242e-19
1 5.28121689595e-19
1 3.67864641679e-19
1 5.38129254477e-19
1 3.88704588143e-19
1 3.78608204619e-19
1 3.90002339506e-19
1 2.93653726993e-19
1 7.32233741432e-19
1 7.5449659213e-19
1 3.84502615264e-19
1 6.21501977764e-19
1 2.64913673972e-19
1 4.60285729e-19
1 2.6383441121e-19
1 5.27804508535e-19
1 5.40332530126e-19
1 6.45750048189e-19
1 1.36615224114e-19
1 8.37133714455e-19
1 1.19182163558e-18
1 8.27248696486e-19
1 2.16964815459e-19
1 3.24937887429e-19
1 3.25198446195e-19
1 5.48059434379e-19
1 4.06995679323e-19
1 2.37111680497e-19
1 1.22989345889e-18
1 2.87872083077e-19
1 1.46701725348e-18
1 1.30856014155e-18
1 8.04245709836e-19
1 1.12900075076e-18
1 1.05556594675e-18
1 5.00645772444e-19
1 4.80184750697e-19
1 3.53307021456e-19
1 5.94581916596e-19
1 5.5266798787e-19
1 7.98468335959e-19
1 1.1893724178e-18
1 4.5647464649e-19
1 4.54869780386e-19
1 3.9707223289e-19
1 8.99984491547e-19
1 8.29002718355e-19
1 5.62311024419e-19
1 9.5472182705e-19
1 3.69239472716e-19
1 1.54521696357e-18
1 3.98459371053e-19
1 4.60132149746e-19
1 3.41011461878e-19
1 1.05199390277e-19
1 3.69870540059e-19
1 3.29035493695e-19
1 5.26204621017e-19
1 4.13254629383e-19
1 4.60169371563e-19
1 5.91535362645e-19
1 4.98015306903e-19
1 5.19323295746e-19
1 6.60359569663e-19
1 1.27039650411e-18
1 4.54498218699e-19
1 6.25160278521e-19
At step 400 out of 800
1 2.58300629698e-19
1 1.70533677287e-19
1 5.01088568597e-19
1 3.73514526431e-19
1 5.98373881487e-19
1 4.48524377456e-19
1 9.03646193063e-19
1 5.84453252843e-19
1 5.12488146477e-19
1 6.99121575105e-19
1 8.59978561412e-19
1 1.92798292469e-19
1 2.17680557704e-19
1 4.14818774804e-19
1 4.48835519087e-19
1 6.3821929766e-19
1 5.71844672998e-19
1 7.06256625105e-19
1 8.29724140567e-19
1 4.47642099766e-19
1 3.7560688534e-19
1 9.29558151846e-19
1 4.75874914913e-19
1 6.21159924478e-19
1 5.2145320017e-19
1 8.26563944145e-19
1 4.99198170523e-19
1 3.44074870417e-19
1 6.46280507733e-19
1 5.74771142168e-19
1 4.26189517968e-19
1 7.12041288021e-19
1 4.652627133e-19
1 7.75268955553e-19
1 4.14233151813e-19
1 5.85205920404e-19
1 6.23415227027e-19
1 4.54278025048e-19
1 7.21703374946e-19
1 4.94389986131e-19
1 3.29684615959e-19
1 1.01845163393e-18
1 5.65065431552e-19
1 2.86640831922e-19
1 5.09205175274e-19
1 1.77497662958e-19
1 5.52309694043e-19
1 2.60370610447e-19
1 1.0341894736e-18
1 9.71041869886e-19
1 2.10040945602e-19
1 5.26663970913e-19
1 8.592669941e-19
1 1.24974743389e-18
1 3.06781730727e-19
1 8.3402995961e-19
1 3.79876180359e-19
1 2.07674427341e-19
1 2.13786973141e-19
1 3.32948021796e-19
1 4.40747795558e-19
1 5.36382695613e-19
1 6.81809506629e-19
1 1.69936546924e-19
1 2.20379323188e-19
1 3.55212302416e-19
1 3.49920029023e-19
1 5.52834652427e-19
1 9.39810389538e-19
1 8.07465676215e-19
1 3.79942437797e-19
1 7.48000732854e-19
1 1.68474364563e-19
1 4.94365377263e-19
1 5.2770678992e-19
1 7.31077989179e-19
1 4.08054528423e-19
1 6.97428591361e-19
1 6.2726343649e-19
1 5.19459140694e-19
At step 440 out of 800
1 6.90063107694e-19
1 2.57294583202e-19
1 8.70030196776e-19
1 6.10461883652e-19
1 8.97145263362e-19
1 9.92947855012e-19
1 4.56302365512e-19
1 7.34821201973e-19
1 8.51946379389e-19
1 1.35977440857e-18
1 7.46951572582e-19
1 3.83527229713e-19
1 4.39515227895e-19
1 1.27826472262e-18
1 3.85957876542e-19
1 1.7775646253e-19
1 6.94510593201e-19
1 7.03774696924e-19
1 9.29474545467e-19
1 5.49214320938e-19
1 1.28198952773e-18
1 8.0344780005e-19
1 7.61091830221e-19
1 4.46119216729e-19
1 6.26461665606e-19
1 8.94900831121e-19
1 1.93827855946e-19
1 3.61725510316e-19
1 7.62237354519e-19
1 2.94491556613e-19
1 9.59689872411e-19
1 1.56317931193e-18
1 5.12877303799e-19
1 6.10295295322e-19
1 9.53351113085e-19
1 5.37953667307e-19
1 7.04594210922e-19
1 9.75751849248e-19
1 8.05927869176e-19
1 4.94341802951e-19
1 5.40729989326e-19
1 8.09259626793e-19
1 7.00036681767e-19
1 5.16175908408e-19
1 5.35323572131e-19
1 5.53164433479e-19
1 5.98185886072e-19
1 6.14198512552e-19
1 7.72783105571e-19
1 3.64123639279e-19
1 4.43929560657e-19
1 6.3480230582e-19
1 5.38550769719e-19
1 4.78327053484e-19
1 6.22468982957e-19
1 4.01838804879e-19
1 7.13819517259e-19
1 4.96613848228e-19
1 1.10828990934e-18
1 3.8471173465e-19
1 1.29835832701e-18
1 7.93555680648e-19
1 8.75275376364e-19
1 5.17534269247e-19
1 6.53726221962e-19
1 8.10954932938e-19
1 5.04225641532e-19
1 4.19066300593e-19
1 5.72784558608e-19
1 6.40373323987e-19
1 8.41546665726e-19
1 7.49384240215e-19
1 4.35474516763e-19
1 4.03868668457e-19
1 6.92834924285e-19
1 7.87777021762e-19
1 5.09886563735e-19
1 2.39742360909e-19
1 5.44816359663e-19
1 1.06109469336e-18
At step 480 out of 800
1 9.37234036472e-19
1 3.0242384741e-19
1 2.07365824543e-19
1 4.22911356644e-19
1 7.47130062231e-19
1 4.83670832773e-19
1 5.70173536202e-19
1 6.94715782529e-19
1 4.28342041033e-19
1 4.95059357051e-19
1 7.38075032444e-19
1 1.13509375857e-18
1 6.25017522944e-19
1 2.17185707772e-19
1 7.19219466949e-19
1 9.94014344635e-19
1 7.75980415704e-19
1 3.85524445345e-19
1 2.1390407662e-19
1 6.60811632148e-19
1 8.68623675192e-19
1 1.34836926639e-18
1 6.33357565889e-19
1 3.53546041905e-19
1 2.89632888288e-19
1 5.7974872827e-19
1 2.16991570688e-19
1 4.43689410303e-19
1 5.21206555315e-19
1 5.31173875256e-19
1 4.0248080611e-19
1 6.05141327369e-19
1 2.93222237692e-19
1 2.321826235e-19
1 7.357833137e-19
1 3.79100376633e-19
1 4.97886551546e-19
1 9.81416154107e-19
1 4.00725450825e-19
1 3.93322416759e-19
1 3.58404409642e-19
1 3.35475381544e-19
1 3.60069843793e-19
1 3.12436229784e-19
1 4.18313966128e-19
1 3.80497789494e-19
1 4.19431787441e-19
1 4.31706457894e-19
1 3.64207810549e-19
1 3.66591111294e-19
1 1.01299312227e-18
1 2.07614795996e-19
1 3.17393300223e-19
1 1.06062325378e-18
1 9.47641853428e-19
1 7.96953266822e-19
1 2.22219885066e-19
1 2.85514268901e-19
1 5.81119266612e-19
1 2.45112413097e-19
1 3.14611992113e-19
1 3.54250583474e-19
1 6.01466868711e-19
1 4.08096654941e-19
1 1.29792374433e-18
1 3.7078492589e-19
1 5.06885839802e-19
1 8.30947445589e-19
1 1.3206928866e-18
1 3.684738514e-19
1 5.67625293422e-19
1 5.97131050445e-19
1 4.81538538055e-19
1 5.47107936439e-19
1 4.54023282888e-19
1 4.15383369467e-19
1 6.08058799169e-19
1 1.80035464365e-19
1 6.26575208955e-19
1 3.89200483999e-19
At step 520 out of 800
1 6.09895900777e-19
1 5.46159949719e-19
1 1.71016242134e-19
1 6.68864197282e-19
1 4.14927998947e-19
1 6.59862588325e-19
1 1.36782705036e-18
1 5.01343349502e-19
1 3.91906934214e-19
1 9.98368901292e-19
1 4.88488843985e-19
1 4.62629564222e-19
1 7.75529361842e-19
1 4.12587062973e-19
1 3.87622984454e-19
1 9.87165729117e-19
1 7.09598173384e-19
1 2.27059129568e-19
1 6.78667144661e-19
1 5.92668425104e-19
1 2.83044437365e-19
1 7.95333453643e-20
1 4.08145312144e-19
1 2.96279964372e-19
1 3.85140014219e-19
1 4.25889239477e-19
1 6.61999139075e-19
1 6.46225949443e-19
1 3.17760827928e-19
1 2.76900454662e-19
1 2.71011403211e-19
1 8.10683244437e-19
1 6.09801673756e-19
1 3.07459332704e-19
1 3.34636681951e-19
1 1.93481860094e-19
1 6.4794370562e-19
1 8.99143049211e-19
1 1.02914287602e-18
1 4.39452938522e-19
1 4.98199399221e-19
1 6.05903336398e-19
1 5.33753689676e-19
1 9.14974848741e-19
1 2.61218797287e-19
1 3.02552670829e-19
1 8.82107241346e-19
1 1.31984927559e-18
1 2.6177259633e-19
1 1.01779099045e-18
1 5.73768170552e-19
1 8.1517225351e-19
1 1.41885306771e-18
1 5.37011175296e-19
1 8.61060334849e-19
1 4.27704906079e-19
1 3.38460794153e-19
1 4.21580402402e-19
1 8.49511687859e-19
1 4.48212459443e-19
1 1.25240695287e-18
1 2.9630916968e-19
1 8.45749535979e-19
1 4.43184468178e-19
1 4.01472225261e-19
1 6.78662448644e-19
1 1.5421513748e-18
1 2.5237523973e-19
1 3.72839982276e-19
1 7.6184089589e-19
1 5.14797863282e-19
1 3.10297961029e-19
1 6.37200514256e-19
1 2.67856145671e-19
1 5.73403461746e-19
1 6.58345358875e-19
1 3.42960896271e-19
1 7.86778142037e-19
1 7.61733810186e-19
1 6.71798214754e-19
At step 560 out of 800
1 3.67582329759e-19
1 8.16405742111e-19
1 6.00332109692e-19
1 6.08267574535e-19
1 3.71688615684e-19
1 6.89141554459e-19
1 2.73949507162e-19
1 6.92985154998e-19
1 6.74957026713e-19
1 8.40291201139e-19
1 3.54468384793e-19
1 8.1868593189e-19
1 6.0408468728e-19
1 2.55733486634e-19
1 4.61563895523e-19
1 1.08834148516e-18
1 6.71369788429e-19
1 6.55203473596e-19
1 3.30568883458e-19
1 8.37645081679e-19
1 1.04464432738e-18
1 4.41302268762e-19
1 3.33950877042e-19
1 3.57208100738e-19
1 4.63939635991e-19
1 9.3313986255e-19
1 5.08467338889e-19
1 2.516059308e-19
1 7.26397029875e-19
1 5.83868963677e-19
1 5.16797461849e-19
1 4.76542200557e-19
1 4.91972669091e-19
1 6.22056348093e-19
1 4.67211704638e-19
1 4.67928028852e-19
1 3.2568715993e-19
1 6.52715083822e-19
1 3.80294864663e-19
1 7.15463517085e-19
1 4.0960197061e-19
1 9.99823050923e-19
1 5.80937336125e-19
1 5.90652301527e-19
1 6.42535256903e-19
1 7.26014793045e-19
1 9.83434240538e-19
1 6.26714611261e-19
1 9.70601534251e-19
1 5.10541230828e-19
1 8.33062975772e-19
1 7.24071347692e-19
1 4.65692528397e-19
1 7.07626636804e-19
1 8.2930671568e-19
1 7.53982681504e-19
1 6.55371641605e-19
1 7.4343899204e-19
1 5.27448235104e-19
1 9.5383473239e-19
1 6.65130765766e-19
1 5.48124514791e-19
1 4.06305710908e-19
1 4.31332025978e-19
1 8.182726803e-19
1 3.03249708029e-19
1 2.24181978048e-19
1 7.3052069842e-19
1 6.4409110721e-19
1 5.03077889002e-19
1 7.07526889705e-19
1 1.58784509037e-19
1 6.23800536279e-19
1 5.01304081041e-19
1 1.47539554189e-18
1 9.48725028682e-19
1 4.59687349738e-19
1 8.06002854702e-19
1 8.34709628357e-19
1 9.00184166511e-19
At step 600 out of 800
1 5.04034659762e-19
1 7.19264201095e-19
1 1.09923717769e-18
1 6.10486079829e-19
1 7.67687600425e-19
1 2.17852091057e-19
1 3.94339327631e-19
1 5.98684828821e-19
1 4.32528343119e-19
1 8.31610579395e-19
1 3.21551272837e-19
1 5.61484376286e-19
1 6.07567030524e-19
1 5.05972623065e-19
1 9.27841533768e-19
1 4.73030718061e-19
1 5.20600916702e-19
1 9.39393474009e-20
1 3.98215071844e-19
1 5.42228455386e-19
1 7.78569926003e-19
1 8.20971478034e-19
1 2.30770848738e-19
1 8.77371980055e-19
1 7.20235929875e-19
1 9.7118557054e-19
1 1.13884469319e-19
1 7.14584983519e-19
1 4.07921989709e-19
1 3.95164088873e-19
1 5.26420294263e-19
1 8.38001330245e-19
1 2.7843996424e-19
1 7.46562408936e-19
1 4.74324238869e-19
1 7.61700358817e-19
1 4.29530356895e-19
1 8.49503417488e-19
1 3.77479241974e-19
1 3.11378771297e-19
1 3.98068854956e-19
1 5.76373203798e-19
1 3.86553222431e-19
1 5.07259169591e-19
1 4.22237737063e-19
1 1.07366263488e-18
1 3.5983099432e-19
1 6.40958835269e-19
1 7.24123119909e-19
1 3.83546004298e-19
1 2.15075012135e-19
1 5.21224889923e-19
1 4.51819983908e-19
1 8.31907201774e-19
1 5.6417182812e-19
1 5.10831676084e-19
1 1.81242351078e-19
1 3.27217622257e-19
1 3.18819564498e-19
1 4.4085759675e-19
1 4.044856775e-19
1 7.14983806733e-19
1 5.24811739196e-19
1 9.33443816619e-19
1 1.75997990955e-19
1 7.60790154498e-19
1 4.71967547043e-19
1 8.55542454856e-19
1 4.63475457776e-19
1 9.21364046778e-19
1 3.73233018519e-19
1 1.01163793376e-18
1 3.88223460943e-19
1 1.05191229767e-18
1 1.65232205258e-18
1 5.28366233069e-19
1 6.75898055688e-19
1 5.01972821919e-19
1 4.31309853471e-19
1 6.28382974994e-19
At step 640 out of 800
1 7.38658531878e-19
1 7.47511199411e-19
1 8.12346045736e-19
1 7.14056310788e-19
1 5.27865000656e-19
1 4.56552809084e-19
1 1.14504081777e-18
1 9.36900153774e-19
1 6.05461380637e-19
1 7.41822653699e-19
1 6.97183629912e-19
1 2.18221577885e-19
1 9.68520493541e-19
1 1.08115902837e-18
1 3.09224900739e-19
1 1.03505336195e-18
1 3.79000431532e-19
1 5.93301089246e-19
1 7.41922017733e-19
1 8.73132163846e-19
1 3.19569164122e-19
1 7.22756599515e-19
1 6.68738062695e-19
1 4.53139004926e-19
1 5.24332157035e-19
1 4.03304408842e-19
1 1.02399284639e-18
1 8.70199893057e-19
1 5.62962809658e-19
1 6.70237373512e-19
1 1.06470340124e-18
1 9.62587557013e-19
1 3.23693460565e-19
1 6.26131353713e-19
1 1.53605972635e-18
1 6.5369621437e-19
1 4.43762820763e-19
1 7.0310177753e-19
1 2.01708315777e-19
1 3.53808501564e-19
1 8.7211638583e-19
1 4.31650488369e-19
1 3.63232546693e-19
1 4.27846856416e-19
1 1.01233410546e-18
1 1.02211739145e-18
1 1.20324724652e-18
1 6.91728463285e-19
1 8.02058022345e-19
1 3.09747487941e-19
1 4.22407974973e-19
1 2.20100873167e-19
1 7.18386433959e-19
1 4.64948385706e-19
1 4.72950533656e-19
1 6.3809139275e-19
1 5.05800332639e-19
1 4.07852960178e-19
1 1.07935872976e-18
1 6.58576806951e-19
1 4.50789410735e-19
1 4.06554261302e-19
1 4.6179570433e-19
1 2.41536875659e-19
1 6.16582657671e-19
1 4.50059992907e-19
1 6.2385669125e-19
1 5.39441482046e-19
1 5.50633168824e-19
1 5.91555144508e-19
1 2.330815156e-19
1 5.6280930304e-19
1 7.24462176373e-19
1 4.50115069668e-19
1 5.77874747978e-19
1 6.79888893847e-19
1 7.27722431884e-19
1 7.96260765649e-19
1 1.24020178778e-18
1 4.3432632362e-19
At step 680 out of 800
1 3.79390755497e-19
1 2.276377186e-19
1 9.34292176772e-19
1 6.57807406381e-19
1 6.46117533968e-19
1 3.1647156083e-19
1 4.19225771806e-19
1 6.55447963847e-19
1 5.69483405513e-19
1 6.728752986e-19
1 5.07141497228e-19
1 1.03284862897e-18
1 2.47736172098e-19
1 5.17522097313e-19
1 7.44621100092e-19
1 7.10196759302e-19
1 4.1097265213e-19
1 3.37864665969e-19
1 4.63206365527e-19
1 4.56591430261e-19
1 6.98474905763e-19
1 5.35548674134e-19
1 7.85289098907e-19
1 5.89072939486e-19
1 5.80550268646e-19
1 3.24256680285e-19
1 5.52481971212e-19
1 1.68887738135e-19
1 1.43321714014e-18
1 1.22545549959e-19
1 2.96046954409e-19
1 7.45403484762e-19
1 6.36656198958e-19
1 4.69073493176e-19
1 7.7255215109e-19
1 5.05606760488e-19
1 1.26610760867e-18
1 3.74464978216e-19
1 6.79550055116e-19
1 6.37989839731e-19
1 5.79267963758e-19
1 4.92403490369e-19
1 8.52937135471e-19
1 4.96541336511e-19
1 5.62619261946e-19
1 2.82330891154e-19
1 2.82932034529e-19
1 8.34029794689e-19
1 1.23630570122e-18
1 5.18665645048e-19
1 8.57914888603e-19
1 8.64561869757e-19
1 2.75282585099e-19
1 5.95755639797e-19
1 3.54839596105e-19
1 5.92290097007e-19
1 6.77052546606e-19
1 9.73799260321e-19
1 6.77473712061e-19
1 5.80907749985e-19
1 1.39726668446e-18
1 1.81925840065e-19
1 5.91209428274e-19
1 2.63876277514e-19
1 7.64292685408e-19
1 1.24637798958e-18
1 1.81585697993e-19
1 3.21268466357e-19
1 7.95871005869e-19
1 4.32426507455e-19
1 1.2316334512e-18
1 5.52902554082e-19
1 5.13111561112e-19
1 2.03607882191e-19
1 5.37384209612e-19
1 3.48630085172e-19
1 1.12956702293e-18
1 8.61897847856e-19
1 6.17005728169e-19
1 7.95241419399e-19
At step 720 out of 800
1 8.69642501219e-19
1 6.391338692e-19
1 5.13556772976e-19
1 8.08071923607e-19
1 4.3910125998e-19
1 6.51751355343e-19
1 6.29367066318e-19
1 6.62253377342e-19
1 5.30094722055e-19
1 1.86376955197e-19
1 7.62851234905e-19
1 7.45417384426e-19
1 1.33572206884e-18
1 7.58816432215e-19
1 4.20069507126e-19
1 6.08680647118e-19
1 5.4261142217e-19
1 4.6265815041e-19
1 4.65702982316e-19
1 7.0816870081e-19
1 1.01601400484e-18
1 1.88387090092e-19
1 3.25969625863e-19
1 1.15442580638e-18
1 4.10335575969e-19
1 8.97683095051e-19
1 5.18382913098e-19
1 4.02299840594e-19
1 3.0835468384e-19
1 5.30297968875e-19
1 2.80537353489e-19
1 8.33326783761e-19
1 1.01971171832e-18
1 5.77281081061e-19
1 7.72698381939e-19
1 3.3423482293e-19
1 1.55071510987e-18
1 7.37918530169e-19
1 1.00649392664e-18
1 4.59337520629e-19
1 4.43823035998e-19
1 9.74836979661e-19
1 6.56072521527e-19
1 1.55100960775e-19
1 5.28368187704e-19
1 1.03733277395e-18
1 5.7666711558e-19
1 5.17604194982e-19
1 4.90432978229e-19
1 6.86448994482e-19
1 4.14391947515e-19
1 3.80264285574e-19
1 6.48295978878e-19
1 4.60111821444e-19
1 8.363004096e-19
1 4.51430966959e-19
1 3.6265048263e-19
1 4.47385091348e-19
1 6.06982815317e-19
1 3.90007155911e-19
1 8.48289238004e-19
1 4.3832351701e-19
1 7.16155154513e-19
1 1.10650417245e-18
1 6.48649278451e-19
1 1.16933235626e-18
1 2.93265749058e-19
1 1.08769583856e-18
1 6.51361563716e-19
1 5.05167825012e-19
1 5.50614122275e-19
1 5.13183919313e-19
1 2.22586258e-19
1 7.49250906129e-19
1 6.16517927106e-19
1 4.9417979266e-19
1 4.32083898384e-19
1 8.63399564546e-19
1 5.16333696557e-19
1 9.24608580845e-19
At step 760 out of 800
1 1.70664652276e-19
1 7.46215973041e-19
1 7.72811823553e-19
1 5.23963487767e-19
1 5.44666914199e-19
1 3.79623365258e-19
1 3.05461628195e-19
1 3.99620581914e-19
1 2.90018704677e-19
1 3.1661641684e-19
1 3.86428433519e-19
1 6.83782460542e-19
1 4.06072971612e-19
1 1.3065084168e-18
1 5.99876085314e-19
1 6.65337831673e-19
1 3.61906889729e-19
1 1.74904604422e-18
1 5.32663788319e-19
1 2.06194885359e-19
1 6.47736533438e-19
1 1.4948999789e-18
1 8.73463110499e-19
1 7.73728867388e-19
1 7.72314477993e-19
1 2.80552628006e-19
1 2.99784993808e-19
1 1.0150384366e-18
1 5.86880577745e-19
1 5.51729816433e-19
1 5.76203422125e-19
1 7.96149457262e-19
1 4.25210898588e-19
1 4.10893154826e-19
1 1.01430930203e-18
1 5.2395461144e-19
1 5.02338639672e-19
1 4.31105499852e-19
1 7.98648553108e-19
1 6.8496942847e-19
1 6.29127874169e-19
1 4.25940416159e-19
1 3.01129460994e-19
1 4.65323908396e-19
1 6.20414990686e-19
1 4.0752096154e-19
1 2.68840059507e-19
1 5.42207519175e-19
1 1.51613427283e-18
1 6.8103274165e-19
1 1.05412333353e-18
1 7.71713628305e-19
1 2.31284418789e-19
1 6.17994281749e-19
1 4.68430305253e-19
1 6.63163294075e-19
1 1.8814183295e-19
1 1.00375485211e-18
1 9.80216902585e-19
1 5.1052603718e-19
1 1.03340680008e-18
1 3.73905356682e-19
1 5.11060064057e-19
1 7.48153426618e-19
1 3.41063532854e-19
1 5.32778790091e-19
1 1.15248193833e-19
1 4.4980511234e-19
1 9.58906161478e-19
1 3.13872319609e-19
1 7.65515352511e-19
1 6.42172891164e-19
1 7.42547218495e-19
1 5.77533813364e-19
1 5.13287585265e-19
1 6.63992692859e-19
1 4.71873300919e-19
1 4.42696590518e-19
Finished timestepping. Total Time: 14.87 minutes.
Integrator Rejection rate: 0.0
