Parameters for this run are:  {'A': 0.32455739091877106, 'ETA': 0.00089, 'DEBYE_LENGTH_WALL': 0.16227869545938553, 'gfactor': 1.0, 'n_steps': 3200, 'REPULSION_STRENGTH_WALL': 0.0, 'dt': 0.000625, 'scheme': 'EULER', 'M': array([ 0.00015394,  0.00015394,  0.00015394,  0.00015394,  0.00015394,
        0.00015394,  0.00015394,  0.00015394,  0.00015394,  0.00015394,
        0.00015394,  0.00015394,  0.00015394,  0.00015394,  0.00015394]), 'KT': 0.0}
dz =  2.0
Nrods =  1
Nblobs =  15
1 1.2362942999e-14
At step 0 out of 3200
1 5.9429638619e-19
1 1.94018212055e-19
1 1.70754407845e-19
1 1.71017444672e-19
1 2.34301534779e-19
1 3.92521416948e-19
1 2.53440087845e-19
1 1.47300083711e-19
1 3.01603373104e-19
1 2.48539870944e-19
1 1.34098663267e-19
1 3.97654774823e-19
1 4.5245389581e-19
1 1.7709425437e-19
1 2.34710919425e-19
1 2.1807795379e-19
1 7.10099228662e-20
1 6.59292925207e-19
1 2.62606441002e-19
1 3.55402966478e-19
1 3.45095318291e-19
1 2.60980088065e-19
1 4.38382172263e-19
1 3.41091110027e-19
1 1.92832812524e-19
1 3.88992357137e-19
1 2.18252911967e-19
1 2.4380118865e-19
1 2.05393046932e-19
1 2.32997636739e-19
1 8.46340267916e-20
1 5.11396729601e-19
1 3.9863689116e-19
1 7.61076944293e-19
1 2.11890666775e-19
1 1.67434090455e-19
1 1.54802764701e-19
1 2.21015277542e-19
1 2.14273529571e-19
1 2.8308057103e-19
1 5.60022315621e-19
1 4.1562515717e-19
1 3.54755840125e-19
1 3.24657748431e-19
1 3.01130707443e-19
1 1.70283767552e-19
1 9.95041479092e-20
1 4.57564963979e-19
1 1.69639438804e-19
1 3.0674014162e-19
1 3.56094207376e-19
1 1.29889868796e-19
1 2.67856234882e-19
1 1.32537798624e-19
1 1.44621808084e-19
1 2.15706978528e-19
1 4.27480242633e-19
1 2.90314092022e-19
1 7.65157767448e-19
1 2.06613709935e-19
1 1.91714563458e-19
1 3.13606237069e-19
1 2.30851004378e-19
1 3.98187828074e-19
1 2.93252692144e-19
1 4.86210366821e-19
1 4.35464228409e-19
1 2.76441358298e-19
1 3.30093105275e-19
1 1.86256805361e-19
1 3.21554536659e-19
1 1.56125398695e-19
1 5.78158801786e-19
1 1.30410784169e-19
1 1.26060630007e-19
1 2.398082443e-19
1 4.65528934082e-19
1 5.28712297366e-19
1 6.32388093427e-19
1 1.80107713397e-19
1 3.58308769614e-19
1 2.2703915933e-19
1 3.92318089812e-19
1 1.6559860175e-19
1 2.69944780682e-19
1 1.39259240041e-19
1 2.62086848813e-19
1 3.80902078948e-19
1 2.86833104045e-19
1 2.33858606367e-19
1 4.83855770428e-19
1 2.24866635253e-19
1 5.68382823193e-19
1 1.61172485957e-19
1 1.4530142344e-19
1 3.58124121938e-19
1 5.60024605783e-19
1 1.00757092292e-19
1 3.87286710391e-19
1 1.28228969406e-19
1 4.34176534025e-19
1 2.46521008213e-19
1 1.12917256034e-19
1 4.06652217997e-19
1 2.1265904618e-19
1 3.00439652333e-19
1 2.17573107906e-19
1 1.34422536376e-19
1 2.32402313808e-19
1 1.91594497638e-19
1 2.4585387799e-19
1 2.55090778287e-19
1 2.35941253306e-19
1 1.23897083836e-19
1 2.6208116183e-19
1 2.42709061415e-19
1 6.51242403683e-19
1 2.6438654641e-19
1 6.48621263985e-19
1 2.01058299321e-19
1 2.19395226869e-19
1 2.47698840165e-19
1 4.86306876151e-19
1 1.63089135836e-19
1 3.6233581297e-19
1 1.12973789903e-19
1 1.48483936594e-19
1 1.91768221018e-19
1 2.06237886057e-19
1 5.58191232863e-19
1 2.24353851515e-19
1 3.08475130729e-19
1 3.61598943117e-19
1 2.99567616855e-19
1 2.0178164694e-19
1 2.71591117437e-19
1 9.43525086222e-20
1 5.02241263529e-19
1 2.02466735851e-19
1 2.62544627929e-19
1 2.27016392763e-19
1 3.30108355209e-19
1 2.67688647584e-19
1 4.5891953172e-19
1 1.90125299324e-19
1 2.69972379135e-19
1 1.00573886044e-19
1 1.09142534163e-19
1 4.46509376404e-19
1 3.18192923373e-19
1 4.10818629867e-19
1 3.80681355305e-19
1 3.52564159291e-19
1 2.52542117404e-19
1 8.73016381746e-20
1 1.63405786123e-19
1 1.83449024837e-19
1 1.81008693416e-19
1 3.19252372525e-19
1 3.16468207025e-19
At step 160 out of 3200
1 2.71099352413e-19
1 1.17021466121e-19
1 2.68564210929e-19
1 3.28996056012e-19
1 1.91595528059e-19
1 9.05184290605e-20
1 2.19996871075e-19
1 2.72709339086e-19
1 2.54183433359e-19
1 4.20116522792e-19
1 1.81233360215e-19
1 2.20312411484e-19
1 3.30521161722e-19
1 2.4104911285e-19
1 1.11716133308e-19
1 6.76005086533e-19
1 5.81281048777e-20
1 2.24464231305e-19
1 2.21307441081e-19
1 2.90634940428e-19
1 2.26061185296e-19
1 1.55101095997e-19
1 2.1180072337e-19
1 7.42773925586e-19
1 3.60089512994e-19
1 3.24399993174e-19
1 6.88494155927e-19
1 2.08498182818e-19
1 1.8917826635e-19
1 3.33581013518e-19
1 2.88108001925e-19
1 4.57139482683e-19
1 1.01036672428e-19
1 3.95419540884e-19
1 2.49479391522e-19
1 2.71536245581e-19
1 5.47240644249e-19
1 8.80284152307e-20
1 8.85783070834e-20
1 1.00250684587e-19
1 3.61585516705e-19
1 1.59552468094e-19
1 4.00735276762e-19
1 3.93990235946e-19
1 1.76419265979e-19
1 5.44075573627e-19
1 1.60316409424e-19
1 3.20144075104e-19
1 2.06551793843e-19
1 1.97791290043e-19
1 6.93329737878e-19
1 1.82655306359e-19
1 2.2811627849e-19
1 2.48260797763e-19
1 3.10999817306e-19
1 1.66026009344e-19
1 1.95544084553e-19
1 2.05310005812e-19
1 4.49299609267e-19
1 2.11519820558e-19
1 1.47518243384e-19
1 1.73888990972e-19
1 2.05400797347e-19
1 3.55362895723e-19
1 2.02332121981e-19
1 1.49458192555e-19
1 3.30927561382e-19
1 5.19399511543e-19
1 2.36731105876e-19
1 1.56548261354e-19
1 2.14175498792e-19
1 1.51665349808e-19
1 2.52317751496e-19
1 5.10294844632e-19
1 3.49496914413e-19
1 2.29642874601e-19
1 1.14071438758e-19
1 2.3679739909e-19
1 1.70532581169e-19
1 2.20024753496e-19
1 4.39035809108e-19
1 2.40357316025e-19
1 3.01375315601e-19
1 1.60832573201e-19
1 1.53067377778e-19
1 2.77436548064e-19
1 3.49586157615e-19
1 9.42347656561e-20
1 1.59992390998e-19
1 3.08479992993e-19
1 3.96736314953e-19
1 5.10544778972e-19
1 1.00648677307e-19
1 2.73854215952e-19
1 1.54790896655e-19
1 3.5526842663e-19
1 3.62653448568e-19
1 3.6852927954e-19
1 2.93647736965e-19
1 1.9220440317e-19
1 2.09801557486e-19
1 1.24974572423e-19
1 3.64579893541e-19
1 3.35905978279e-19
1 5.13612863914e-19
1 1.77526426395e-19
1 2.30296780772e-19
1 1.68928866953e-19
1 1.49097725761e-19
1 3.66205800853e-19
1 2.75670569394e-19
1 1.94683762497e-19
1 2.19740251429e-19
1 3.73774674307e-19
1 1.30250925805e-19
1 1.34704990175e-19
1 1.67975138394e-19
1 3.21499561807e-19
1 5.55780760437e-19
1 1.86178515156e-19
1 3.77787747013e-19
1 5.45632958556e-19
1 2.42048423493e-19
1 1.54376448845e-19
1 2.2744676032e-19
1 2.93481264296e-19
1 1.8838062293e-19
1 1.31491491122e-19
1 1.89875023621e-19
1 4.14651241563e-19
1 3.45221169919e-19
1 3.45662752377e-19
1 1.66238140889e-19
1 1.73289979807e-19
1 5.76944592551e-19
1 5.12798507129e-19
1 2.56974914266e-19
1 3.55665831011e-19
1 1.72458617938e-19
1 3.58105682108e-19
1 9.58311510914e-20
1 2.21765094723e-19
1 3.0254165706e-19
1 3.34183735789e-19
1 5.18342165071e-20
1 3.71495753904e-19
1 2.28562993898e-19
1 3.03907942934e-19
1 1.9003444305e-19
1 2.94951425513e-19
1 2.23054298423e-19
1 3.60615697234e-19
1 3.28012378865e-19
1 3.22078644431e-19
1 3.42201279825e-19
1 2.40439441702e-19
1 2.33969042983e-19
1 3.36990258794e-19
1 3.57616995484e-19
1 1.551129516e-19
At step 320 out of 3200
1 2.67065748156e-19
1 2.99235837888e-19
1 3.27823294911e-19
1 1.14291634683e-19
1 3.63303738799e-19
1 8.28497476268e-20
1 1.39570552617e-19
1 8.42552153316e-20
1 2.55611552213e-19
1 2.83938989706e-19
1 3.00834477174e-19
1 1.82141208889e-19
1 2.39648193156e-19
1 1.82105768567e-19
1 3.53953863236e-19
1 4.95232992149e-19
1 1.69795214041e-19
1 4.41359248349e-19
1 5.34047300351e-20
1 3.08099226425e-19
1 5.10148433715e-19
1 2.63755184024e-19
1 2.34539633309e-19
1 1.96046660219e-19
1 2.59943966944e-19
1 5.22478670802e-19
1 3.75613820921e-19
1 1.37364945456e-19
1 1.35804458823e-19
1 3.78768449343e-19
1 1.35918826117e-19
1 1.68801484408e-19
1 3.37096882548e-19
1 2.64085032708e-19
1 1.6702948186e-19
1 1.22180846935e-19
1 2.31470380064e-19
1 5.52136336812e-19
1 3.44848295659e-19
1 1.22428898651e-19
1 3.1959372831e-19
1 2.08050851803e-19
1 4.20522751922e-19
1 5.1219746528e-19
1 3.36511808427e-19
1 2.72417183176e-19
1 2.83563127091e-19
1 5.73820590161e-19
1 1.27354141732e-19
1 3.02400468189e-19
1 1.80107308711e-19
1 2.60907400112e-19
1 1.47319313268e-19
1 2.31272344836e-19
1 1.5096994672e-19
1 2.66615594755e-19
1 2.97316242233e-19
1 1.3719574012e-19
1 2.40277053906e-19
1 2.80938090133e-19
1 3.24318612049e-19
1 2.40548718231e-19
1 1.67922701476e-19
1 1.81625832742e-19
1 2.19011858046e-19
1 2.69700644176e-19
1 5.37015307945e-19
1 3.44540865447e-19
1 1.44847249451e-19
1 3.48316936716e-19
1 2.42572424478e-19
1 2.63400569084e-19
1 2.3087833146e-19
1 3.59882505623e-19
1 4.31373531657e-19
1 4.64832682995e-19
1 2.18128138493e-19
1 1.76999537037e-19
1 3.57583881636e-19
1 1.73369165605e-19
1 5.31821332029e-19
1 1.3606556861e-19
1 9.36694887888e-20
1 2.57586823613e-19
1 7.10722993203e-19
1 2.06620257787e-19
1 3.89386627804e-19
1 1.9356522231e-19
1 2.8786546634e-19
1 1.05198425643e-19
1 4.2362533119e-19
1 2.65326917617e-19
1 5.21383654132e-19
1 1.87326380864e-19
1 2.11683274168e-19
1 2.84336570204e-19
1 3.43641800414e-19
1 2.24718677941e-19
1 2.50536387231e-19
1 2.50121446266e-19
1 1.43696220245e-19
1 2.4632568001e-19
1 8.68185317334e-20
1 3.23645184898e-19
1 4.273770733e-19
1 5.03420775789e-19
1 1.88053415084e-19
1 2.14025762984e-19
1 2.84850235951e-19
1 4.44508512463e-19
1 5.40044812855e-19
1 1.65058011527e-19
1 1.14570808862e-19
1 4.26607766941e-19
1 2.68840967606e-19
1 1.25923804995e-19
1 3.77900992631e-19
1 4.86384088718e-19
1 2.44855604617e-19
1 3.1917825688e-19
1 2.27042236729e-19
1 2.65916389901e-19
1 2.82055613968e-19
1 1.17499421556e-19
1 1.89991861968e-19
1 7.11429923212e-19
1 4.04519681829e-19
1 6.75344848351e-19
1 1.69897034412e-19
1 2.52974485032e-19
1 2.62889424621e-19
1 2.52298786199e-19
1 3.53757409648e-19
1 3.58624288491e-19
1 1.13548661743e-19
1 3.57531986471e-19
1 5.07448310308e-19
1 1.01081926248e-19
1 2.91046907692e-19
1 1.91421165273e-19
1 2.45666973529e-19
1 3.65463218593e-19
1 2.11982957255e-19
1 1.51038530069e-19
1 3.09669935083e-19
1 3.01550860018e-19
1 2.25308969527e-19
1 4.81748311744e-19
1 1.45546157994e-19
1 1.6700452306e-19
1 2.77187373635e-19
1 2.30067419424e-19
1 5.67864451385e-19
1 1.19637050917e-19
1 1.45453453057e-19
1 4.65464429258e-19
1 2.13053867843e-19
1 2.25268071559e-19
1 1.64707800369e-19
1 4.6632289503e-19
At step 480 out of 3200
1 4.52641795283e-19
1 1.42063638292e-19
1 2.01333124407e-19
1 1.13490251623e-19
1 2.76592623759e-19
1 1.41118696091e-19
1 2.90191179009e-19
1 1.18821910529e-19
1 3.07632273374e-19
1 1.33297613292e-19
1 5.15218156072e-19
1 2.12850904856e-19
1 2.28474857773e-19
1 1.17432130738e-19
1 2.73153285022e-19
1 8.31030239581e-19
1 3.02318243271e-19
1 2.41699145394e-19
1 2.32951877712e-19
1 2.33143088828e-19
1 1.46308430686e-19
1 1.38298443232e-19
1 5.11048472799e-19
1 2.67448616879e-19
1 1.33910632582e-19
1 3.75585111077e-19
1 1.27765513828e-19
1 6.05233177871e-19
1 3.66976198727e-19
1 3.74479863591e-19
1 2.75446126926e-19
1 1.9336712929e-19
1 1.71136528698e-19
1 2.51814960314e-19
1 4.27248420968e-19
1 1.84626452226e-19
1 2.69186455823e-19
1 2.52307085235e-19
1 3.43773832671e-19
1 2.7029303642e-19
1 3.29415686349e-19
1 2.65048700539e-19
1 1.59464128133e-19
1 3.45928253003e-19
1 2.1815405911e-19
1 3.39188842587e-19
1 2.23045741635e-19
1 8.31303170067e-19
1 1.3211997447e-19
1 4.78187323394e-19
1 5.55323015729e-19
1 2.5236700748e-19
1 2.2045403927e-19
1 3.07286652539e-19
1 2.97855454056e-19
1 4.14988014249e-19
1 1.46491591842e-19
1 2.27244757603e-19
1 2.32235979244e-19
1 2.7069029459e-19
1 3.30449150759e-19
1 1.35270523084e-19
1 3.50103792022e-19
1 2.0488488785e-19
1 3.72052435291e-19
1 4.62664519142e-19
1 4.05396785903e-19
1 1.92837659664e-19
1 1.4404303256e-19
1 1.25315444171e-19
1 1.78087750076e-19
1 3.15872452026e-19
1 1.0794503275e-19
1 3.74765000521e-19
1 1.7874192152e-19
1 2.74264053725e-19
1 2.69961752957e-19
1 1.00566112961e-19
1 2.9754063772e-19
1 4.94075594484e-19
1 2.041694475e-19
1 5.18033412494e-19
1 4.29071385934e-19
1 3.13855399002e-19
1 1.26872626993e-19
1 1.33813137291e-19
1 3.35261870481e-19
1 3.41121302757e-19
1 2.29888881198e-19
1 2.84148870379e-19
1 2.99155828761e-19
1 1.45173016242e-19
1 9.91573589349e-20
1 6.47975258528e-19
1 4.03625275031e-19
1 1.67109145572e-19
1 1.71211503568e-19
1 2.84079626247e-19
1 1.93620013883e-19
1 1.75973973096e-19
1 2.66788639008e-19
1 2.04479036999e-19
1 1.34364331194e-19
1 2.87655844619e-19
1 2.12201373677e-19
1 2.28869763396e-19
1 2.14023100742e-19
1 4.78404727125e-19
1 2.33149932606e-19
1 4.62266908065e-19
1 2.43402845942e-19
1 3.79591387525e-19
1 1.35710984378e-19
1 3.61697994524e-19
1 4.06703860713e-19
1 3.81975936007e-19
1 4.3499648559e-19
1 1.22888586482e-19
1 2.13152088724e-19
1 1.76640644998e-19
1 1.5068976735e-19
1 1.88974420231e-19
1 1.99416589926e-19
1 2.1767171546e-19
1 3.49869237271e-19
1 2.39013143041e-19
1 2.40776532739e-19
1 1.1657025295e-19
1 1.56702695401e-19
1 2.8531629013e-19
1 2.15307595302e-19
1 2.79933671955e-19
1 2.61325478057e-19
1 1.32593419549e-19
1 2.06179333055e-19
1 1.71306022753e-19
1 3.93372918751e-19
1 3.72619850421e-19
1 1.21484898915e-19
1 2.93689436763e-19
1 1.79892851694e-19
1 4.20628169748e-19
1 1.83696197135e-19
1 6.62531510585e-19
1 4.04366959047e-19
1 2.34026635965e-19
1 1.54300066798e-19
1 1.05180880918e-19
1 2.21508692779e-19
1 2.04002938034e-19
1 6.83606640209e-19
1 3.29793848155e-19
1 2.66583797358e-19
1 3.39213044777e-19
1 5.20178852567e-19
1 1.0427076516e-19
1 1.9807472162e-19
1 1.87600085545e-19
1 1.82421220432e-19
1 7.05221958587e-20
At step 640 out of 3200
1 9.47029117923e-20
1 1.73616936996e-19
1 2.59928520744e-19
1 2.07954970743e-19
1 3.37574532638e-19
1 1.76921962083e-19
1 8.93981169775e-20
1 3.78014720057e-19
1 4.48564692967e-19
1 4.99833564915e-20
1 3.49206141378e-19
1 3.44617680782e-19
1 3.14419361376e-19
1 3.57541786261e-19
1 6.70811631622e-19
1 9.69902285477e-20
1 4.81900924356e-19
1 1.11389492192e-19
1 1.77835639716e-19
1 1.50771305631e-19
1 2.21336767739e-19
1 2.18198379004e-19
1 2.23231517505e-19
1 1.62308728547e-19
1 3.20253993804e-19
1 2.53623056181e-19
1 3.32472093593e-19
1 3.32576180295e-19
1 2.11250176301e-19
1 2.66066345286e-19
1 1.70410318748e-19
1 3.36835432488e-19
1 2.47963959671e-19
1 2.749559246e-19
1 1.90257603825e-19
1 1.67959358874e-19
1 3.01709974787e-19
1 3.2360977318e-19
1 2.05182953289e-19
1 3.61277180415e-19
1 5.19151113701e-19
1 4.67217319167e-19
1 3.88885034396e-19
1 2.25539591891e-19
1 3.21870343661e-19
1 1.12751663304e-19
1 3.03724123285e-19
1 5.02786001609e-19
1 3.0883044368e-19
1 4.76926672881e-19
1 3.62501301455e-19
1 2.12000885571e-19
1 2.13792878055e-19
1 1.89205561647e-19
1 3.41361147297e-19
1 4.10323994766e-19
1 1.94439766444e-19
1 3.87574761502e-19
1 3.86446603428e-19
1 4.79014390674e-19
1 3.60370273303e-19
1 1.7855817381e-19
1 3.45646609212e-19
1 2.52582651743e-19
1 2.44713970723e-19
1 2.15720223387e-19
1 4.56494444002e-19
1 2.59287959157e-19
1 2.33470031228e-19
1 1.8344002819e-19
1 9.72255641693e-20
1 1.81010591387e-19
1 3.58465190538e-19
1 3.18002526109e-19
1 2.82691165449e-19
1 7.12164625526e-19
1 3.23287011034e-19
1 1.83236345106e-19
1 3.42116446294e-19
1 1.9196369595e-19
1 2.39024432196e-19
1 4.07847213114e-19
1 1.60139364582e-19
1 7.80824590929e-19
1 1.44291865628e-19
1 1.6248278843e-19
1 2.05366777612e-19
1 2.28281386788e-19
1 2.7337123049e-19
1 3.62660769767e-19
1 1.71078223769e-19
1 3.1923033328e-19
1 1.66577641961e-19
1 3.55917840658e-19
1 2.08794794915e-19
1 1.47957531323e-19
1 3.19867272666e-19
1 4.82339535661e-19
1 4.61961481841e-19
1 4.75978091043e-19
1 4.23884579082e-19
1 2.16763626005e-19
1 1.85324955114e-19
1 4.25639691945e-19
1 2.43847845936e-19
1 4.55447967127e-19
1 1.73384051982e-19
1 5.00401846909e-19
1 3.85221212549e-19
1 2.32407176656e-19
1 2.80700801814e-19
1 1.84374683728e-19
1 1.93085946024e-19
1 5.18422848586e-19
1 4.05768841666e-19
1 5.40860522248e-19
1 3.88552289785e-19
1 7.07205674156e-20
1 2.77348815793e-19
1 1.46215362664e-19
1 2.63973889281e-19
1 2.22211507613e-19
1 2.66976635211e-19
1 4.83068217152e-19
1 2.43052115517e-19
1 2.89792865665e-19
1 6.19388157989e-19
1 2.97138610099e-19
1 3.16334370315e-19
1 1.40150146388e-19
1 2.72383193257e-19
1 1.28222682526e-19
1 5.24893381251e-19
1 1.88655000782e-19
1 2.15903952841e-19
1 1.51887549558e-19
1 3.18903772452e-19
1 1.69743745941e-19
1 2.54189637581e-19
1 8.05839999324e-20
1 8.48720811869e-19
1 2.63712487135e-19
1 2.03529397682e-19
1 1.92143012633e-19
1 2.58022461881e-19
1 4.4129340884e-19
1 1.49625678282e-19
1 4.14234892841e-19
1 8.58743021315e-20
1 2.91321265165e-19
1 2.5204442667e-19
1 1.57907127979e-19
1 2.35237957781e-19
1 2.15055146479e-19
1 3.88349340027e-19
1 2.56044336077e-19
1 1.65449694934e-19
1 2.27633575218e-19
1 1.54928654257e-19
1 3.64475251884e-19
At step 800 out of 3200
1 2.6985425063e-19
1 3.74196370979e-19
1 4.5944870243e-19
1 1.11499004311e-19
1 4.96996390864e-19
1 3.89875653714e-19
1 4.45348968784e-19
1 1.38606739351e-19
1 3.18349617221e-19
1 2.06336869634e-19
1 4.66827429651e-19
1 4.55883601108e-19
1 2.94574965308e-19
1 1.76194610923e-19
1 1.72016886885e-19
1 1.47567771748e-19
1 2.80046922767e-19
1 1.8901917541e-19
1 1.29169098073e-19
1 2.55070365926e-19
1 4.13833942743e-19
1 3.60603243232e-19
1 3.5182869844e-19
1 1.91234732011e-19
1 3.41008538364e-19
1 5.22648643848e-19
1 3.19793345952e-19
1 1.21758513687e-19
1 4.026148037e-19
1 1.14752466123e-19
1 2.5224703273e-19
1 7.03618664808e-19
1 3.24252318169e-19
1 1.21577762337e-19
1 1.44276823941e-19
1 3.33490157419e-19
1 2.89716219816e-19
1 4.59185511878e-19
1 6.33703851228e-19
1 2.35069995175e-19
1 1.53964178138e-19
1 4.05986113001e-19
1 1.20663920148e-19
1 1.23501884632e-19
1 3.200794597e-19
1 2.40984274832e-19
1 2.95059215065e-19
1 2.50576352305e-19
1 5.19586372947e-19
1 2.27627227286e-19
1 3.13646919564e-19
1 4.94237220722e-19
1 4.05725456949e-19
1 2.99973211889e-19
1 3.42033374979e-19
1 1.03359326013e-19
1 1.77572324883e-19
1 1.07263581069e-19
1 2.12911159351e-19
1 1.21894044686e-19
1 4.65106844701e-19
1 2.14345027208e-19
1 4.2907578812e-19
1 1.75127904094e-19
1 3.90281355149e-19
1 2.66694661789e-19
1 6.58756833734e-19
1 2.6191382399e-19
1 1.80842816319e-19
1 5.41364348546e-19
1 2.53393259185e-19
1 5.62766582046e-19
1 2.93416156862e-19
1 5.48887348782e-19
1 1.24782166589e-19
1 2.49859949202e-19
1 4.72586842876e-19
1 1.9087918008e-19
1 1.79081171677e-19
1 3.12922511024e-19
1 2.37341336622e-19
1 1.75594621743e-19
1 1.53915869336e-19
1 2.6266890963e-19
1 1.54431684768e-19
1 1.80220905833e-19
1 3.4796443468e-19
1 2.38965529085e-19
1 3.83027957757e-19
1 4.29024565005e-19
1 2.83121702509e-19
1 3.13034642948e-19
1 1.75793211109e-19
1 6.52612470086e-19
1 1.79007912643e-19
1 1.04183592611e-19
1 2.87508055506e-19
1 4.7419989146e-19
1 1.68278530658e-19
1 2.30261634985e-19
1 4.51338264073e-19
1 2.89002311539e-19
1 4.18073697653e-19
1 2.45052296779e-19
1 2.97262423428e-19
1 6.346285239e-19
1 3.95268136635e-19
1 2.58232611837e-19
1 8.69330155328e-20
1 2.36672557505e-19
1 1.98708074344e-19
1 4.13334572442e-19
1 1.58128555159e-19
1 3.35670797487e-19
1 9.88590268424e-19
1 1.81324309747e-19
1 6.44598089313e-19
1 1.78673017774e-19
1 4.44755751988e-19
1 1.06932122735e-19
1 1.55501730178e-19
1 3.46503672659e-19
1 3.94843231729e-19
1 5.49683623485e-19
1 1.72779642394e-19
1 1.93589722662e-19
1 6.31888171091e-19
1 2.33867551213e-19
1 4.12599853203e-19
1 4.72043162528e-19
1 2.48784187329e-19
1 2.74030240483e-19
1 3.34517514961e-19
1 3.05524947946e-19
1 5.87025779324e-19
1 2.64181329138e-19
1 2.86505797044e-19
1 4.47788460029e-19
1 1.03688426007e-19
1 1.94539609678e-19
1 2.60837501366e-19
1 2.62799581958e-19
1 4.02734352564e-19
1 1.3830151015e-19
1 1.37458452111e-19
1 2.93387334842e-19
1 5.01984868124e-19
1 2.40356903563e-19
1 2.19913859691e-19
1 1.52624446242e-19
1 2.0330291172e-19
1 1.77483035304e-19
1 4.39014253889e-19
1 2.03025332871e-19
1 5.41083826499e-19
1 3.41524313194e-19
1 2.4818882989e-19
1 3.10445193139e-19
1 1.94710537444e-19
1 5.96140898678e-19
At step 960 out of 3200
1 1.81367366388e-19
1 3.4679217923e-19
1 4.82130467832e-19
1 1.86213788329e-19
1 1.04743008351e-19
1 4.38919374907e-19
1 2.11619940748e-19
1 3.87726685534e-19
1 4.47945661495e-19
1 8.43803975098e-20
1 4.84602963343e-19
1 7.12208499933e-19
1 1.56557614023e-19
1 4.11532887891e-19
1 5.52487968289e-19
1 2.70541832697e-19
1 2.99421758089e-19
1 2.17183609038e-19
1 2.82412083045e-19
1 8.21945754445e-19
1 4.85534848495e-19
1 2.97114136616e-19
1 1.08242769555e-19
1 3.45732639512e-19
1 4.71888234331e-19
1 3.77191814281e-19
1 1.22666228877e-19
1 2.52333159045e-19
1 2.08173246395e-19
1 2.26289727441e-19
1 2.0100732822e-19
1 2.69529867216e-19
1 1.45062295297e-19
1 4.65386638444e-19
1 1.402078182e-19
1 6.76513797633e-19
1 4.07239474856e-19
1 5.07006512956e-19
1 1.8729470324e-19
1 5.6586132161e-19
1 2.2742301671e-19
1 2.16437446471e-19
1 6.76053775296e-19
1 3.52968582519e-19
1 1.85444757583e-19
1 3.21768642786e-19
1 2.7852716657e-19
1 4.53533086804e-19
1 1.80369931331e-19
1 3.7438687103e-19
1 4.34288819863e-19
1 2.43111070438e-19
1 2.22904593426e-19
1 3.60963756213e-19
1 3.59305531479e-19
1 2.9859648626e-19
1 1.8199889375e-19
1 1.54161612666e-19
1 2.01706876018e-19
1 3.14848151858e-19
1 5.85679933312e-19
1 2.03827053154e-19
1 6.19315683835e-19
1 2.14840617183e-19
1 2.6949833782e-19
1 1.88604663385e-19
1 2.08775634602e-19
1 1.80752520282e-19
1 4.92135929561e-19
1 3.40822925623e-19
1 1.86792360112e-19
1 2.48206855511e-19
1 2.38954217211e-19
1 1.41006930115e-19
1 1.61343924375e-19
1 2.89906772523e-19
1 1.39602960197e-19
1 3.19414012281e-19
1 1.79904623407e-19
1 3.56462677436e-19
1 2.26801413647e-19
1 3.87090770465e-19
1 1.80715348681e-19
1 3.49762265801e-19
1 3.9153929895e-19
1 4.2651425004e-19
1 2.13671400901e-19
1 2.85077883982e-19
1 4.59612118503e-19
1 2.99432605674e-19
1 3.08627720698e-19
1 1.01516257963e-19
1 1.49346303044e-19
1 2.00591846036e-19
1 6.34837545842e-19
1 9.50812305836e-20
1 2.77144620347e-19
1 2.6143678261e-19
1 6.94615815362e-20
1 3.00933180219e-19
1 4.10695378488e-19
1 5.10312657414e-19
1 2.6598232534e-19
1 3.57874631417e-19
1 2.49645562202e-19
1 3.13445600236e-19
1 3.88440803128e-19
1 2.73431215934e-19
1 2.54778541095e-19
1 1.78592444507e-19
1 3.53619567373e-19
1 3.71305015134e-19
1 5.64165524264e-19
1 2.68624445488e-19
1 1.95417194981e-19
1 3.90887083873e-19
1 3.03054866853e-19
1 2.53414234093e-19
1 1.53375374717e-19
1 2.54855660486e-19
1 2.51217008731e-19
1 1.68198439397e-19
1 3.00115124611e-19
1 1.85534844431e-19
1 3.31543524979e-19
1 6.34159797326e-19
1 2.24632612402e-19
1 2.4487358344e-19
1 1.84175459543e-19
1 5.69898638171e-19
1 2.30249593266e-19
1 4.09063630288e-19
1 2.32704298578e-19
1 1.36024525214e-19
1 3.0601009221e-19
1 2.34538791261e-19
1 2.43428606766e-19
1 1.45017813698e-19
1 2.48328626838e-19
1 1.95608088696e-19
1 3.00964409307e-19
1 4.49948119755e-19
1 3.3956785548e-19
1 3.23420390242e-19
1 1.24008358155e-19
1 2.18972227258e-19
1 6.00046758315e-19
1 1.73355443299e-19
1 4.72768943354e-19
1 8.72930566401e-20
1 3.09741339607e-19
1 1.76782245927e-19
1 1.27674655732e-19
1 1.73452512082e-19
1 2.5904056833e-19
1 2.50433625974e-19
1 6.20223779439e-19
1 2.16905971157e-19
1 2.05522734898e-19
1 4.82880435963e-19
At step 1120 out of 3200
1 1.95135910542e-19
1 2.52555905563e-19
1 3.92938225973e-19
1 1.98238012375e-19
1 6.27701321937e-19
1 2.00138811213e-19
1 3.30534234678e-19
1 2.03511506126e-19
1 1.91283323091e-19
1 5.10424028982e-19
1 3.68258151573e-19
1 2.94377614688e-19
1 2.24224793242e-19
1 2.89054936387e-19
1 2.12811586035e-19
1 4.5190872245e-19
1 1.89964325478e-19
1 2.34927173208e-19
1 2.39188709123e-19
1 1.68723376397e-19
1 3.35730721275e-19
1 2.26081177574e-19
1 2.52573783297e-19
1 1.73046333846e-19
1 2.79789140882e-19
1 8.17858477523e-20
1 3.19507959426e-19
1 3.38987524078e-19
1 8.37694712488e-19
1 3.65906328125e-19
1 3.46974020842e-19
1 1.03000645052e-19
1 6.84788612627e-19
1 3.12820646371e-19
1 3.0423870155e-19
1 2.35408153954e-19
1 1.96718741039e-19
1 1.00991192557e-19
1 3.14602066139e-19
1 4.84617008574e-19
1 1.81096061883e-19
1 2.87397046097e-19
1 3.56348257903e-19
1 3.15626978584e-19
1 5.53807609701e-19
1 1.23457218822e-19
1 2.20054603935e-19
1 1.86606242016e-19
1 9.61438976836e-20
1 2.04068014171e-19
1 4.95291781545e-19
1 1.65821353278e-19
1 1.75330839768e-19
1 3.07779723938e-19
1 2.51745462797e-19
1 5.07088514052e-19
1 3.21870019792e-19
1 4.58905540093e-19
1 7.74571318053e-20
1 3.15976823523e-19
1 2.34646513705e-19
1 2.33106380564e-19
1 3.26487107861e-19
1 2.96997337632e-19
1 2.20752554764e-19
1 2.21400608367e-19
1 2.63811653211e-19
1 1.69237096471e-19
1 4.18395548084e-19
1 5.64207645441e-19
1 3.25317788304e-19
1 4.18137887462e-19
1 3.50544544804e-19
1 5.43276878085e-20
1 1.77032751986e-19
1 3.04032096118e-19
1 4.26968591332e-19
1 2.27154267026e-19
1 2.83724591186e-19
1 3.1521422753e-19
1 1.60427444579e-19
1 2.77254411359e-19
1 3.11362618208e-19
1 3.23949879518e-19
1 2.54608633315e-19
1 8.65316179799e-20
1 3.80804321113e-19
1 1.70404651913e-19
1 6.07734704648e-19
1 2.93066661667e-19
1 3.42870280568e-19
1 1.28015089321e-19
1 1.9249790027e-19
1 4.5684855957e-19
1 5.12091744567e-19
1 1.34735600947e-19
1 2.09113222429e-19
1 2.54514567217e-19
1 2.51858113872e-19
1 2.13430462756e-19
1 1.44579497955e-19
1 1.6935378752e-19
1 2.06918011672e-19
1 1.73771127549e-19
1 1.57908980119e-19
1 2.28286329367e-19
1 6.4362093223e-19
1 2.33572814372e-19
1 2.2324300055e-19
1 3.50570922216e-19
1 2.17089413302e-19
1 1.40069736663e-19
1 4.8103070964e-19
1 1.52555230729e-19
1 1.31671432239e-19
1 4.50596106471e-19
1 3.07248815375e-19
1 1.35478989657e-19
1 3.49455575731e-19
1 1.78499017656e-19
1 2.14257366245e-19
1 1.59988684026e-19
1 2.37687469478e-19
1 1.6070384179e-19
1 2.37289676921e-19
1 2.29807634322e-19
1 1.84690803406e-19
1 2.67665707289e-19
1 4.05669155302e-19
1 1.97244024223e-19
1 4.05043263085e-19
1 1.94438177772e-19
1 4.09999786423e-19
1 9.23394548763e-20
1 3.20441787677e-19
1 1.96395665025e-19
1 1.50074826573e-19
1 2.36052241541e-19
1 4.39002320768e-19
1 4.03743270742e-19
1 2.50147950087e-19
1 3.61120995449e-19
1 2.11751111954e-19
1 4.81827269763e-19
1 3.74951608324e-19
1 4.78648429827e-19
1 3.99882274671e-19
1 1.53882790799e-19
1 6.88365811421e-19
1 3.82834134757e-19
1 2.68161656986e-19
1 4.5553222326e-19
1 1.72132985371e-19
1 6.0234821653e-19
1 2.7400609944e-19
1 2.32644587292e-19
1 1.04765197484e-19
1 4.41355497611e-19
1 2.89811046785e-19
1 1.44189110814e-19
At step 1280 out of 3200
1 2.36390479213e-19
1 3.76108082467e-19
1 4.96455018416e-19
1 2.78224804417e-19
1 2.12587791102e-19
1 2.94387255352e-19
1 6.02562899199e-19
1 3.87209462248e-19
1 3.73366986714e-19
1 2.49752777961e-19
1 1.35281903694e-19
1 1.87024454906e-19
1 1.93396376308e-19
1 1.18064372175e-19
1 1.67082613579e-19
1 1.60578146207e-19
1 2.67900521569e-19
1 1.30168850781e-19
1 4.88596202686e-19
1 3.3364343108e-19
1 9.06423812345e-20
1 6.00622430155e-19
1 2.2319933128e-19
1 2.19826596295e-19
1 1.67158512203e-19
1 2.84539334772e-19
1 1.51336780653e-19
1 1.17225635856e-19
1 2.37973329412e-19
1 1.51678317911e-19
1 3.41843053921e-19
1 3.60764923978e-19
1 3.27916033725e-19
1 3.46705047329e-19
1 3.50964395969e-19
1 9.93451026536e-20
1 5.13626560214e-19
1 2.03408052409e-19
1 3.57758709346e-19
1 2.82047460189e-19
1 1.34228190935e-19
1 2.96286033679e-19
1 2.75416635841e-19
1 1.53733626413e-19
1 4.85054678153e-19
1 4.98810797665e-19
1 2.15832254617e-19
1 2.04799445084e-19
1 5.04802776746e-19
1 5.35990264655e-19
1 4.46227980708e-19
1 4.21469279862e-19
1 7.23507110862e-19
1 2.94354901319e-19
1 3.42101471174e-19
1 2.09893911681e-19
1 2.73085601408e-19
1 8.08921870788e-19
1 3.96818648472e-19
1 1.11704855322e-19
1 1.90179392851e-19
1 2.84877468215e-19
1 2.01540314613e-19
1 1.51171679748e-19
1 1.86602313982e-19
1 3.09086143729e-19
1 1.46612951018e-19
1 2.83744262513e-19
1 1.29857320865e-19
1 1.64637971762e-19
1 4.59306854071e-19
1 2.75812159484e-19
1 1.73228490857e-19
1 3.42209961203e-19
1 2.69712536193e-19
1 1.72389288525e-19
1 2.07070554868e-19
1 4.48145065897e-19
1 3.48886573158e-19
1 3.40330232027e-19
1 4.48772302574e-19
1 4.41711550742e-19
1 1.90297740799e-19
1 6.62796173725e-19
1 1.32697250467e-19
1 2.80070716214e-19
1 1.65823977451e-19
1 3.11450056881e-19
1 3.04607956639e-19
1 2.86788897539e-19
1 1.69561422094e-19
1 2.18478775831e-19
1 1.26763143041e-19
1 2.58742759521e-19
1 3.38436370786e-19
1 1.77979242604e-19
1 2.81856452004e-19
1 2.79895159728e-19
1 3.58356714949e-19
1 1.51403286718e-19
1 5.88029582382e-19
1 3.20901897892e-19
1 2.53373546503e-19
1 2.13199734366e-19
1 2.45628071494e-19
1 4.34238739109e-19
1 1.84116490713e-19
1 4.12089523803e-19
1 1.98773519262e-19
1 8.78600364604e-20
1 6.89318378371e-19
1 4.21745558344e-19
1 1.97692721788e-19
1 3.24057548274e-19
1 2.40846057919e-19
1 4.29408356378e-19
1 2.54785879873e-19
1 4.37032292706e-19
1 1.42300456525e-19
1 2.46396101665e-19
1 1.58058794393e-19
1 4.56603794312e-19
1 4.82647338662e-19
1 2.30000934973e-19
1 2.91643499547e-19
1 1.32353797901e-19
1 3.78481871344e-19
1 2.79777944584e-19
1 3.9879237516e-19
1 4.09925406107e-19
1 1.55503010869e-19
1 1.5177335237e-19
1 9.84756345401e-20
1 3.03068576477e-19
1 2.38686075354e-19
1 3.41043953867e-19
1 3.89891645127e-19
1 2.07392720146e-19
1 1.74991993386e-19
1 2.66733308767e-19
1 3.9373480047e-19
1 1.08137240126e-19
1 3.45285231329e-19
1 3.1865968905e-19
1 7.02297432582e-19
1 4.6197833603e-19
1 3.15649872668e-19
1 3.78380107928e-19
1 2.69315457352e-19
1 2.17817666704e-19
1 2.96239569473e-19
1 1.34982261482e-19
1 1.48118981112e-19
1 4.19285347596e-19
1 1.74937277043e-19
1 1.07133514895e-19
1 1.68113737635e-19
1 2.6435643666e-19
1 2.04780163365e-19
1 2.84340619699e-19
At step 1440 out of 3200
1 2.31376885762e-19
1 2.96543394237e-19
1 2.46089550922e-19
1 1.71343789394e-19
1 3.52514791916e-19
1 3.20757452528e-19
1 1.0621850971e-19
1 1.08524093667e-19
1 2.22744604593e-19
1 1.5371085786e-19
1 1.97196669118e-19
1 1.81989281227e-19
1 1.94291008286e-19
1 5.69245810974e-19
1 1.87696104291e-19
1 2.96125421744e-19
1 1.77596877671e-19
1 1.90158788807e-19
1 1.36505267023e-19
1 3.80540237771e-19
1 2.81769955175e-19
1 2.54179574062e-19
1 3.69363606599e-19
1 1.33091599944e-19
1 5.56470762547e-19
1 2.40712202867e-19
1 3.21800952067e-19
1 2.309307995e-19
1 1.49787114041e-19
1 3.76514498798e-19
1 1.42998575476e-19
1 2.07705279755e-19
1 3.56654447024e-19
1 2.30190944013e-19
1 1.26214964393e-19
1 2.42284246198e-19
1 3.26559640323e-19
1 4.91240356447e-19
1 2.09658434464e-19
1 8.35894558199e-20
1 4.9913156535e-19
1 2.60644236519e-19
1 4.7249019086e-19
1 1.33339801732e-19
1 1.99202717168e-19
1 4.91388198453e-19
1 4.52075145462e-19
1 3.97382121157e-19
1 2.50433971014e-19
1 3.3560399721e-19
1 5.94079893228e-19
1 2.28906957899e-19
1 2.26313481513e-19
1 3.18687301011e-19
1 2.06097142801e-19
1 1.9070226557e-19
1 2.43245281133e-19
1 2.63908014088e-19
1 3.63518714553e-19
1 1.17464256149e-19
1 2.66218648299e-19
1 2.30070862943e-19
1 3.54564861721e-19
1 4.10785234539e-19
1 4.28319048342e-19
1 3.51489636971e-19
1 1.29973071125e-19
1 3.6159843097e-19
1 2.17744360092e-19
1 1.9667450211e-19
1 6.1806723493e-19
1 1.97830668795e-19
1 1.38596048283e-19
1 4.03323893554e-19
1 4.85927406383e-19
1 3.321353211e-19
1 4.16093050087e-19
1 4.43663337592e-19
1 1.81487354764e-19
1 4.70613491551e-19
1 4.958595159e-19
1 3.6573895623e-19
1 1.20545854625e-19
1 2.31447564335e-19
1 1.60499029864e-19
1 5.77301148692e-19
1 3.40822522619e-19
1 2.34935414793e-19
1 6.2854986428e-19
1 5.69203865279e-19
1 3.25649272373e-19
1 1.84898470361e-19
1 1.76137463972e-19
1 1.70316145381e-19
1 4.10272103316e-19
1 4.73359955598e-19
1 4.81125083445e-19
1 3.65896302497e-19
1 3.73633405837e-19
1 5.88864666134e-19
1 8.58679600777e-20
1 1.2855982919e-19
1 3.93461545784e-19
1 3.81790681259e-19
1 5.39709034043e-19
1 2.30364271775e-19
1 6.37586543749e-19
1 5.51912337613e-19
1 1.39850151017e-19
1 1.84698141163e-19
1 7.7640580089e-20
1 6.86719344202e-20
1 3.88190983431e-19
1 3.27296984886e-19
1 2.56200377445e-19
1 2.80817935927e-19
1 2.57355023788e-19
1 3.52877418984e-19
1 4.5019556192e-19
1 9.52190559249e-20
1 1.85146267913e-19
1 7.70867230855e-19
1 2.10093324869e-19
1 3.33872685262e-19
1 1.62888694912e-19
1 2.64559168691e-19
1 2.75427770847e-19
1 2.71109808637e-19
1 2.13551104622e-19
1 1.73800120773e-19
1 2.51054311952e-19
1 2.08610058848e-19
1 2.50128425254e-19
1 2.29531079702e-19
1 3.48011817115e-19
1 3.28997288168e-19
1 1.82282438082e-19
1 2.72196110001e-19
1 4.5793258781e-19
1 2.74516446149e-19
1 2.33122529487e-19
1 3.6198714404e-19
1 1.42733155945e-19
1 1.5175452783e-19
1 1.90710210874e-19
1 2.51140375923e-19
1 4.32492385329e-19
1 4.95210635268e-19
1 1.67170238686e-19
1 2.36275002836e-19
1 3.59768602615e-19
1 2.41189832161e-19
1 4.71298681645e-19
1 5.75353471805e-19
1 2.12933460627e-19
1 1.95401119406e-19
1 2.59367273252e-19
1 1.55941107083e-19
1 3.12954329606e-19
1 4.08966128229e-19
At step 1600 out of 3200
1 4.05088293512e-19
1 5.82255685373e-19
1 3.4169549769e-19
1 5.0948588782e-19
1 1.44078040517e-19
1 3.79439196114e-19
1 2.57964315234e-19
1 5.44934781112e-19
1 2.2134874952e-19
1 3.31025795891e-19
1 1.37945006663e-19
1 2.39530021558e-19
1 2.99814272401e-19
1 9.6680318165e-20
1 2.29704908938e-19
1 1.91959266159e-19
1 2.48838363321e-19
1 1.48914219e-19
1 1.14303599181e-19
1 6.25981971294e-19
1 9.13701943313e-20
1 2.5700378544e-19
1 1.72826551683e-19
1 3.57260406973e-19
1 2.15085101492e-19
1 9.85531119094e-20
1 1.71658372919e-19
1 2.57864084551e-19
1 3.58981210535e-19
1 4.00268375861e-19
1 1.61943200217e-19
1 4.36495777006e-19
1 3.48919341603e-19
1 3.36804850024e-19
1 1.14578249334e-19
1 4.19626153085e-19
1 3.16756823839e-19
1 9.31745981766e-20
1 4.63400196974e-19
1 2.76326258435e-19
1 2.77694980983e-19
1 2.23182250546e-19
1 1.89096517311e-19
1 1.13951406894e-19
1 4.0599360446e-19
1 3.18820064673e-19
1 1.6165505417e-19
1 4.94019916119e-19
1 4.59502456111e-19
1 1.50727774751e-19
1 5.86860456009e-19
1 1.56950180782e-19
1 4.14547846621e-19
1 1.04791880713e-19
1 3.6322456195e-19
1 4.33371004144e-19
1 4.92797351615e-19
1 2.76245450521e-19
1 2.83379636573e-19
1 4.9111166761e-19
1 1.94987187134e-19
1 3.46575990714e-19
1 1.84198963428e-19
1 3.77187762207e-19
1 3.21048315547e-19
1 3.04607734736e-19
1 3.92030603446e-19
1 2.29757385808e-19
1 2.79254404691e-19
1 3.7539228783e-19
1 1.45321156658e-19
1 4.16622857736e-19
1 1.60057118395e-19
1 1.52048389907e-19
1 1.85398381064e-19
1 1.28358531558e-19
1 2.06659348584e-19
1 2.9912119772e-19
1 2.01659838725e-19
1 2.10202142667e-19
1 1.37056471168e-19
1 7.53010820145e-20
1 1.73290340056e-19
1 2.8868479761e-19
1 2.73708770327e-19
1 1.91496300742e-19
1 3.10817013738e-19
1 2.62558279358e-19
1 2.81554658487e-19
1 3.8612871966e-19
1 5.25301054392e-19
1 2.00635168292e-19
1 2.19280650811e-19
1 5.34271960347e-19
1 4.8066738274e-19
1 3.28447281281e-19
1 1.10503115785e-19
1 1.82184231881e-19
1 2.74027980047e-19
1 1.56811570289e-19
1 2.1877957262e-19
1 2.56361795148e-19
1 2.22930971476e-19
1 3.03090984095e-19
1 3.0626154979e-19
1 1.97298721813e-19
1 2.89829296665e-19
1 9.02566589374e-20
1 5.57555557446e-19
1 1.98136464874e-19
1 5.65849386005e-19
1 2.06892414956e-19
1 2.82171870747e-19
1 3.25526969425e-19
1 4.69641904551e-19
1 3.24689868518e-19
1 1.99501297879e-19
1 1.93454912828e-19
1 5.53119872389e-19
1 2.94775185235e-19
1 1.91391914112e-19
1 1.60621641277e-19
1 4.68809445782e-19
1 6.30999098034e-19
1 2.69202546204e-19
1 1.44237019431e-19
1 1.88656653702e-19
1 1.30676440208e-19
1 1.69308339842e-19
1 3.71664026878e-19
1 3.8820757677e-19
1 2.19594305945e-19
1 3.78447682231e-19
1 1.7103148756e-19
1 1.63526789693e-19
1 2.1222837919e-19
1 5.27734552731e-19
1 1.59987919141e-19
1 2.87077262562e-19
1 2.57067191171e-19
1 3.52833584834e-19
1 6.44398485559e-19
1 3.01034369516e-19
1 3.80591077338e-19
1 3.97927620627e-19
1 2.73386920724e-19
1 1.34248801942e-19
1 3.4820718232e-19
1 2.51937414657e-19
1 3.55500489767e-19
1 2.06390811805e-19
1 4.08343766235e-19
1 2.20101438409e-19
1 3.6328059901e-19
1 2.65914062837e-19
1 4.01513172174e-19
1 2.38666946176e-19
1 2.13236206038e-19
1 3.41171708499e-19
1 2.22549046367e-19
At step 1760 out of 3200
1 2.68301924862e-19
1 2.01951865145e-19
1 2.07748190842e-19
1 4.79589664116e-19
1 1.05988464097e-19
1 3.94205766373e-19
1 3.68621745576e-19
1 1.02675218283e-19
1 1.59003054494e-19
1 2.37955426097e-19
1 1.99992962267e-19
1 2.57456851138e-19
1 3.01156873493e-19
1 1.90549992487e-19
1 2.5790080808e-19
1 3.67156973455e-19
1 3.06732191789e-19
1 1.92790917586e-19
1 3.13372904159e-19
1 2.87948086552e-19
1 3.7325711575e-19
1 2.01411651314e-19
1 2.88236883947e-19
1 2.70092214834e-19
1 1.77128048736e-19
1 2.67373447908e-19
1 1.8032466859e-19
1 3.32267784957e-19
1 4.29845598154e-19
1 5.81827501781e-19
1 1.48226450335e-19
1 2.48252359724e-19
1 1.74647081667e-19
1 1.00129278432e-19
1 3.23730067709e-19
1 3.20769483385e-19
1 1.89799783959e-19
1 2.32389343982e-19
1 2.48758136977e-19
1 2.232455631e-19
1 3.28131434148e-19
1 1.12123531595e-19
1 3.66114643721e-19
1 2.92254337188e-19
1 2.64395427354e-19
1 1.99840816982e-19
1 1.27429034364e-19
1 4.90190565725e-19
1 2.41456447054e-19
1 7.76256104414e-20
1 1.32494313666e-19
1 1.20791184233e-19
1 9.22927176919e-20
1 3.26966206774e-19
1 2.15706045705e-19
1 4.05435059488e-19
1 3.04615548879e-19
1 6.66526229721e-19
1 2.82670021159e-19
1 3.75506890711e-19
1 7.19885390877e-19
1 3.91706293575e-19
1 2.43761224856e-19
1 4.23988488014e-19
1 2.73606714764e-19
1 2.21558075029e-19
1 3.03640056815e-19
1 4.78199946816e-19
1 1.4715469683e-19
1 2.62240511694e-19
1 5.04235297732e-19
1 2.66493484871e-19
1 1.42955767751e-19
1 2.67062403799e-19
1 3.21967604801e-19
1 3.53340072184e-19
1 1.02629875272e-19
1 2.0205578584e-19
1 3.79609788486e-19
1 3.53502427107e-19
1 2.28221313304e-19
1 1.92646289516e-19
1 1.58783591309e-19
1 3.6233385073e-19
1 2.30453533833e-19
1 1.60522101087e-19
1 4.00167575583e-19
1 5.37672545084e-19
1 6.24393537631e-19
1 7.71485357533e-20
1 3.02367119822e-19
1 3.48615950851e-19
1 3.9038862501e-19
1 3.51467698128e-19
1 4.17926434188e-19
1 7.45545413187e-19
1 4.73136272238e-19
1 2.93154815422e-19
1 2.84808079456e-19
1 3.61582413286e-19
1 2.42681364949e-19
1 2.2904756816e-19
1 2.58990692609e-19
1 3.29308612444e-19
1 1.08443265004e-19
1 2.91035247669e-19
1 2.82748200578e-19
1 2.4645788823e-19
1 1.0040860075e-19
1 1.10749498042e-19
1 5.45871420199e-19
1 4.48142644659e-19
1 1.74019885733e-19
1 3.91208156522e-19
1 1.20463705087e-19
1 2.10863514376e-19
1 1.99044595355e-19
1 4.2248921959e-19
1 2.75754804435e-19
1 1.87172864549e-19
1 2.91837369958e-19
1 3.14941375645e-19
1 1.46310534835e-19
1 1.76761008266e-19
1 2.93797573319e-19
1 2.098575149e-19
1 3.18270024772e-19
1 2.18955572639e-19
1 2.00931693796e-19
1 4.91457381929e-19
1 2.6363792724e-19
1 2.45318734095e-19
1 2.94608064072e-19
1 1.91528419291e-19
1 2.96949412009e-19
1 1.40821188088e-19
1 4.4123704594e-19
1 2.01086370684e-19
1 1.43596506588e-19
1 5.66940909115e-19
1 2.90040491568e-19
1 2.15674003221e-19
1 2.08502869089e-19
1 5.40348142852e-19
1 2.76377521135e-19
1 2.25143935178e-19
1 2.00117002945e-19
1 1.07436035225e-19
1 1.25004565272e-19
1 2.51730306365e-19
1 2.09463071842e-19
1 2.77337642543e-19
1 2.78221058903e-19
1 2.75248955064e-19
1 2.11035553254e-19
1 4.47976813766e-19
1 1.11909337957e-19
1 2.09463286707e-19
1 3.6569364812e-19
1 1.11909697085e-19
At step 1920 out of 3200
1 1.45304022201e-19
1 3.424533607e-19
1 4.87731725725e-19
1 1.89749335059e-19
1 1.44970816812e-19
1 5.23649566264e-19
1 4.05773649656e-19
1 3.64708966415e-19
1 5.26174818109e-19
1 4.41829053583e-19
1 3.56315017903e-19
1 1.85922050339e-19
1 1.53030948222e-19
1 2.80938477073e-19
1 6.02531892256e-19
1 1.58693266367e-19
1 2.41799121096e-19
1 3.02106181692e-19
1 1.33200451707e-19
1 2.35605872449e-19
1 1.13399012678e-19
1 4.52451735581e-19
1 1.76367071924e-19
1 3.92462978993e-19
1 1.21563901072e-19
1 2.28673364529e-19
1 4.03814771158e-19
1 2.47205312893e-19
1 1.66991950836e-19
1 3.55400229251e-19
1 1.09094372387e-19
1 2.50048350116e-19
1 3.21647432215e-19
1 3.1674383133e-19
1 2.57540104962e-19
1 3.26250613331e-19
1 5.37831915615e-19
1 2.11621331595e-19
1 3.2420838891e-19
1 2.91231253677e-19
1 1.66972397857e-19
1 4.98263056831e-19
1 3.55480987236e-19
1 1.70738760731e-19
1 2.54320803973e-19
1 2.8421019761e-19
1 4.41469546875e-19
1 2.1830361255e-19
1 3.82727185415e-19
1 2.83448413928e-19
1 2.31659972079e-19
1 1.97965786181e-19
1 2.08839976725e-19
1 4.34023190492e-19
1 2.17661930132e-19
1 3.22761576049e-19
1 5.07288404882e-19
1 1.5712586585e-19
1 2.1732348957e-19
1 2.25728015899e-19
1 3.48778531392e-19
1 2.68791410882e-19
1 2.07212177853e-19
1 4.19509235026e-19
1 1.94402394466e-19
1 2.02619805357e-19
1 8.46331307117e-20
1 3.95660597705e-19
1 1.24257431224e-19
1 2.86043891876e-19
1 1.45392882786e-19
1 2.49531896873e-19
1 3.31089648089e-19
1 1.51169147195e-19
1 2.93228751156e-19
1 2.49708619385e-19
1 1.69524383831e-19
1 3.02758473603e-19
1 2.61290596958e-19
1 2.83714329411e-19
1 2.51296470645e-19
1 1.39015994283e-19
1 1.99317571737e-19
1 2.81252805113e-19
1 5.1457567981e-19
1 5.13758643322e-19
1 2.38843388936e-19
1 1.33347695206e-19
1 2.58350889192e-19
1 4.09291249433e-19
1 1.92680367636e-19
1 2.9494669225e-19
1 3.59358276367e-19
1 2.49341956944e-19
1 3.28783717744e-19
1 2.24294545056e-19
1 1.52299911622e-19
1 9.72876895394e-20
1 1.73852758222e-19
1 1.0404253825e-19
1 2.81783830285e-19
1 2.83758204747e-19
1 9.71031239818e-20
1 1.62064181734e-19
1 3.65727756866e-19
1 2.48493673354e-19
1 1.87004735698e-19
1 2.61663039251e-19
1 2.76939221103e-19
1 1.56269399829e-19
1 2.76289282641e-19
1 1.57413629248e-19
1 1.90363663744e-19
1 2.08397298115e-19
1 5.37483679024e-19
1 2.74506026548e-19
1 3.22810984962e-19
1 2.6056079513e-19
1 2.35505486687e-19
1 3.6203545367e-19
1 2.78125499851e-19
1 2.82683245137e-19
1 2.15669270627e-19
1 2.9327444764e-19
1 1.99449370159e-19
1 2.98439693157e-19
1 2.63598936999e-19
1 2.96800688449e-19
1 1.63187530328e-19
1 2.20066392173e-19
1 3.23529183101e-19
1 3.07987635466e-19
1 3.03030614057e-19
1 5.74295603784e-19
1 4.8476229284e-19
1 2.40224668157e-19
1 3.99788411234e-19
1 3.35424407476e-19
1 5.15721972222e-19
1 2.48307501523e-19
1 2.05456729881e-19
1 5.46449769112e-19
1 4.66552823718e-19
1 1.15404016347e-19
1 4.00325047483e-19
1 4.39040396024e-19
1 3.3929145228e-19
1 2.68622887178e-19
1 3.00866334024e-19
1 2.30551129384e-19
1 2.51533328828e-19
1 1.89473559057e-19
1 4.12364643928e-19
1 3.49011684283e-19
1 2.4507854824e-19
1 3.27491718055e-19
1 3.38875246242e-19
1 1.56611561917e-19
1 2.89390698379e-19
1 2.54520253634e-19
At step 2080 out of 3200
1 1.49003503699e-19
1 3.42978952684e-19
1 1.82199848477e-19
1 1.43538339035e-19
1 4.44392184159e-19
1 4.36859256761e-19
1 2.25304992545e-19
1 3.88534924289e-19
1 1.55700059818e-19
1 3.84703677964e-19
1 3.03825681046e-19
1 3.41241123815e-19
1 2.68761038923e-19
1 2.73979620642e-19
1 4.28290603569e-19
1 1.14049192816e-19
1 2.50335660561e-19
1 1.93750114072e-19
1 2.75899034074e-19
1 2.43400191391e-19
1 1.76980417928e-19
1 1.9974724254e-19
1 4.62992426333e-19
1 2.50109138715e-19
1 4.0126627782e-19
1 3.9059273818e-19
1 1.14243621456e-19
1 3.61131336393e-19
1 2.97005110757e-19
1 2.716211197e-19
1 2.22376561018e-19
1 3.01812976823e-19
1 2.88654317946e-19
1 1.7754990338e-19
1 3.11903615495e-19
1 2.30584318944e-19
1 3.30900930249e-19
1 5.34680332773e-19
1 1.87549851691e-19
1 2.71183364898e-19
1 2.22306168536e-19
1 2.90692668965e-19
1 2.40088734378e-19
1 6.39985847512e-20
1 2.54190764106e-19
1 2.15052318109e-19
1 4.07076122712e-19
1 2.2271429107e-19
1 3.07902777185e-19
1 1.951045373e-19
1 4.11255372418e-19
1 2.37599120315e-19
1 3.72797047935e-19
1 3.16255685496e-19
1 3.62828680778e-19
1 1.62990267245e-19
1 1.48253014452e-19
1 2.38649136612e-19
1 1.94685442238e-19
1 1.04569792707e-19
1 2.15352390697e-19
1 1.59020486351e-19
1 1.63663093015e-19
1 2.51476124256e-19
1 2.30665368363e-19
1 2.52810791164e-19
1 3.17391007113e-19
1 4.96597725998e-19
1 2.06851819049e-19
1 5.68558123276e-19
1 3.54121972257e-19
1 2.39154701102e-19
1 2.00597472679e-19
1 3.18267748564e-19
1 3.44366056804e-19
1 2.30046365416e-19
1 3.63436900997e-19
1 1.96861969895e-19
1 4.28810523664e-19
1 1.41118147389e-19
1 1.62648853436e-19
1 2.53445552112e-19
1 2.95234623145e-19
1 2.64629456556e-19
1 3.19679762022e-19
1 2.47472762455e-19
1 2.89328737755e-19
1 1.95979254152e-19
1 3.76878394674e-19
1 1.29647503185e-19
1 3.824568359e-19
1 1.66480025138e-19
1 2.2278775592e-19
1 1.5501699844e-19
1 2.94108399066e-19
1 2.34704052885e-19
1 3.56897954737e-19
1 3.23653525707e-19
1 3.46774290786e-19
1 1.19736332982e-19
1 2.90195060147e-19
1 1.98050540868e-19
1 2.61814810322e-19
1 1.35422649507e-19
1 3.78641944676e-19
1 1.46117325919e-19
1 1.12688924559e-19
1 4.40075360331e-19
1 2.77155479968e-19
1 3.11081903427e-19
1 2.53328972569e-19
1 2.63650971345e-19
1 2.72722336078e-19
1 1.94097787512e-19
1 4.00327360319e-19
1 7.85648958741e-19
1 3.41501119534e-19
1 1.07973627151e-19
1 2.84086179203e-19
1 3.93373612822e-19
1 4.50026399902e-19
1 1.79217226539e-19
1 3.48807404077e-19
1 1.82592318908e-19
1 2.24306600699e-19
1 2.99360694303e-19
1 2.22903265055e-19
1 3.29816128121e-19
1 2.62603460084e-19
1 3.73407978082e-19
1 2.2304022341e-19
1 4.08706173343e-19
1 1.72206441367e-19
1 1.62808354645e-19
1 2.21031651227e-19
1 2.01447391708e-19
1 6.05627250236e-19
1 4.98302381369e-19
1 3.25429844662e-19
1 1.2193195649e-19
1 1.39611854455e-19
1 3.18511202821e-19
1 3.48362477669e-19
1 3.06826860909e-19
1 2.69674732892e-19
1 3.93594473883e-19
1 1.21929973472e-19
1 3.80150389708e-19
1 2.41714840168e-19
1 3.30613776816e-19
1 6.111320612e-19
1 1.99666796314e-19
1 1.35997533653e-19
1 2.78820509746e-19
1 1.21731330049e-19
1 5.65476237421e-19
1 5.32096656033e-19
1 3.28289438343e-19
1 3.73021303706e-19
1 1.84780487582e-19
At step 2240 out of 3200
1 5.43997042495e-19
1 4.90288878137e-19
1 3.19549426576e-19
1 2.31468474095e-19
1 1.34187574713e-19
1 2.25492186254e-19
1 1.74173350278e-19
1 1.92395000907e-19
1 1.192745312e-19
1 1.99349411443e-19
1 1.2666701278e-19
1 1.89817849982e-19
1 2.62672144649e-19
1 2.43136763056e-19
1 4.10760528769e-19
1 3.51603238646e-19
1 1.7469338941e-19
1 5.04552735941e-19
1 4.30055789366e-19
1 1.55343788556e-19
1 6.36716899331e-19
1 2.34329318726e-19
1 4.60087416065e-19
1 2.70427668276e-19
1 1.47483321332e-19
1 3.73678900669e-19
1 3.1179271536e-19
1 1.80066206741e-19
1 1.7849046988e-19
1 2.60235556015e-19
1 2.09273524365e-19
1 5.25140861223e-19
1 3.784823646e-19
1 3.10026577786e-19
1 1.9095228047e-19
1 3.29369475483e-19
1 1.14699626188e-19
1 6.64156109613e-19
1 2.34764882034e-19
1 4.73581736934e-19
1 1.49569263901e-19
1 2.56686001795e-19
1 2.77591671819e-19
1 2.42381804958e-19
1 7.33711209148e-19
1 2.87799566459e-19
1 1.57614411527e-19
1 2.97747204745e-19
1 4.97468846529e-19
1 1.96665485371e-19
1 3.85210442756e-19
1 4.57609528658e-20
1 5.31684553709e-19
1 3.2080090722e-19
1 2.12450101325e-19
1 2.62911683528e-19
1 3.58262765939e-19
1 3.45122744686e-19
1 1.40591590429e-19
1 4.95225116686e-19
1 3.6952708085e-19
1 5.09658500432e-19
1 1.78497339689e-19
1 1.92431233926e-19
1 1.97796754863e-19
1 2.87603854647e-19
1 2.70495047713e-19
1 1.61843098811e-19
1 3.32852810487e-19
1 3.91217133921e-19
1 1.30811549833e-19
1 1.94581650516e-19
1 2.60577970553e-19
1 1.63763196576e-19
1 1.47159967771e-19
1 2.17924864935e-19
1 5.30178172249e-19
1 3.44689138368e-19
1 3.14038937557e-19
1 1.60617666836e-19
1 5.54798963096e-19
1 8.12547545277e-19
1 1.57317841179e-19
1 2.59940184952e-19
1 2.28295747386e-19
1 2.86213732045e-19
1 4.06244522538e-19
1 1.53224992864e-19
1 1.1859504312e-19
1 1.97032772479e-19
1 2.00456833881e-19
1 4.55203672425e-19
1 2.18086382049e-19
1 2.28421923501e-19
1 3.24131804146e-19
1 2.37515858713e-19
1 4.15619611504e-19
1 1.71212913757e-19
1 2.28259213314e-19
1 2.62043220628e-19
1 4.3439798878e-19
1 1.77146265773e-19
1 6.01812055363e-19
1 3.76796342577e-19
1 3.56464928425e-19
1 2.57236775022e-19
1 4.43365914312e-19
1 2.64904346589e-19
1 3.25117169629e-19
1 1.78528342217e-19
1 2.53457572607e-19
1 3.28099077269e-19
1 2.47771854376e-19
1 2.09351590358e-19
1 3.12668959184e-19
1 3.7696546505e-19
1 2.59478025088e-19
1 4.21548409579e-19
1 2.72553274058e-19
1 1.14554075811e-19
1 4.62386118472e-19
1 3.35070864236e-19
1 3.14532161759e-19
1 3.38912423774e-19
1 2.33707178594e-19
1 2.25470880988e-19
1 2.6258296162e-19
1 2.15809520715e-19
1 2.63789299451e-19
1 5.12647262109e-19
1 2.60369276262e-19
1 3.49848966113e-19
1 1.06320806863e-19
1 1.07538958764e-19
1 2.84199881734e-19
1 2.97776591334e-19
1 3.07758158118e-19
1 9.0559751574e-19
1 3.12723873596e-19
1 3.81778146245e-19
1 3.79598397428e-19
1 3.82340508648e-19
1 5.06254864154e-19
1 2.59641621096e-19
1 1.89005643079e-19
1 4.26293967561e-19
1 2.94519026748e-19
1 2.26257306431e-19
1 2.48333622572e-19
1 4.44191717653e-19
1 2.21341673571e-19
1 1.71159842132e-19
1 1.69434625718e-19
1 4.37159633522e-19
1 3.3952006913e-19
1 2.34275911174e-19
1 3.64358329431e-19
1 5.06632944835e-19
1 1.54372937844e-19
1 5.74736900589e-19
At step 2400 out of 3200
1 1.3510805725e-19
1 1.75073246386e-19
1 2.86514966782e-19
1 1.83901035423e-19
1 3.17332136193e-19
1 2.24942088997e-19
1 4.5961315259e-19
1 2.01937950651e-19
1 2.31391797302e-19
1 1.13830920021e-19
1 3.89395768723e-19
1 2.34250503e-19
1 2.97805042403e-19
1 2.82817249765e-19
1 1.97635101059e-19
1 1.34153383725e-19
1 4.51615106811e-19
1 1.39685802807e-19
1 2.91894439235e-19
1 2.92836502838e-19
1 6.1626212475e-19
1 2.44517892418e-19
1 3.39625280404e-19
1 4.70023485068e-19
1 4.26866648717e-19
1 4.00099596463e-19
1 2.2182554972e-19
1 1.9416117498e-19
1 1.21769775835e-19
1 6.44046089856e-19
1 1.89093699803e-19
1 5.44160867323e-19
1 4.1125978082e-19
1 2.00293202588e-19
1 2.79566404017e-19
1 1.6002617691e-19
1 2.45426597382e-19
1 1.11409379954e-19
1 4.38390907322e-19
1 3.73845304615e-19
1 1.59996368015e-19
1 2.24818274388e-19
1 4.37287183568e-19
1 3.35204880007e-19
1 1.56912358034e-19
1 2.47728156137e-19
1 7.88461180998e-20
1 1.96009702872e-19
1 1.18290790135e-19
1 8.71650861314e-20
1 3.16572954773e-19
1 2.2323126265e-19
1 3.23576869032e-19
1 9.4040648251e-20
1 3.3376672493e-19
1 4.49445994589e-19
1 2.48489480003e-19
1 3.00317665894e-19
1 2.86202165916e-19
1 4.53066125502e-19
1 3.46518829195e-19
1 2.84430483161e-19
1 3.69283153644e-19
1 2.63455541826e-19
1 3.8575086833e-19
1 1.13074937646e-19
1 6.5154442523e-19
1 1.25479098034e-19
1 2.33796301121e-19
1 1.67522446569e-19
1 1.24589243981e-19
1 1.28495474005e-19
1 2.13317733304e-19
1 3.44246935707e-19
1 2.41607111834e-19
1 4.91533414748e-19
1 1.77749265915e-19
1 2.05718441191e-19
1 1.4013126485e-19
1 4.67000680138e-19
1 6.67099420359e-20
1 2.85697162687e-19
1 3.82492472821e-19
1 4.02445445362e-19
1 4.45718455923e-19
1 3.78587969693e-19
1 3.38059229314e-19
1 1.75821641148e-19
1 2.52317552638e-19
1 3.31833242774e-19
1 1.66528589135e-19
1 5.40535529356e-19
1 3.61904721761e-19
1 3.62534581046e-19
1 3.11006020374e-19
1 2.87188247804e-19
1 3.96443431755e-19
1 2.55718234878e-19
1 2.23408020338e-19
1 2.69678030053e-19
1 3.05180828907e-19
1 2.27449091678e-19
1 2.95727728793e-19
1 2.88629857915e-19
1 3.34421078394e-19
1 3.60095438715e-19
1 3.69715523148e-19
1 9.10547915472e-20
1 3.4331053114e-19
1 4.26912766339e-19
1 3.90801174509e-19
1 7.84743796317e-19
1 3.02784276647e-19
1 5.80798359193e-19
1 2.08247137524e-19
1 2.61265774179e-19
1 7.14455175293e-19
1 4.82626271773e-19
1 4.01734758252e-19
1 3.47857523032e-19
1 3.0405747711e-19
1 6.45675717661e-19
1 2.64867989121e-19
1 1.89283218611e-19
1 3.5417014601e-19
1 2.07064976078e-19
1 2.29901847154e-19
1 1.31793831309e-19
1 1.61528147138e-19
1 2.34229781715e-19
1 1.71136533291e-19
1 3.49280561002e-19
1 3.94029073839e-19
1 2.57397152353e-19
1 2.02636803091e-19
1 3.18977875844e-19
1 3.13775454347e-19
1 1.25281584566e-19
1 4.43858959696e-19
1 1.74715982312e-19
1 4.45708442656e-19
1 1.71725269599e-19
1 4.42271016206e-19
1 2.80847380579e-19
1 3.75489027585e-19
1 5.95399268605e-19
1 3.17787280717e-19
1 2.90552205865e-19
1 3.22149946634e-19
1 2.46358093425e-19
1 1.67114740246e-19
1 1.52972487536e-19
1 1.78263592462e-19
1 5.23533118547e-19
1 7.3878583427e-20
1 4.13008555712e-19
1 2.3577625682e-19
1 4.2882990367e-19
1 2.48885564208e-19
1 3.38678310582e-19
At step 2560 out of 3200
1 2.55990219062e-19
1 1.27781891445e-19
1 2.21605159689e-19
1 3.26458045608e-19
1 2.50125566966e-19
1 1.46124586207e-19
1 1.06067172458e-19
1 4.16159898884e-19
1 1.11074905658e-19
1 3.80509927912e-19
1 5.96031442899e-19
1 3.5481208432e-19
1 5.0155763758e-19
1 1.85308786683e-19
1 5.29173891801e-19
1 5.4203846615e-19
1 4.67121414486e-19
1 2.02787867149e-19
1 2.25184372819e-19
1 4.31741064506e-19
1 1.86417787793e-19
1 4.67016830972e-19
1 2.10805235359e-19
1 6.67743655919e-19
1 2.2585848148e-19
1 3.18222023975e-19
1 2.09804195268e-19
1 1.59912981094e-19
1 1.47155434362e-19
1 3.58903001916e-19
1 2.73634543444e-19
1 4.14620410699e-19
1 2.64379257479e-19
1 1.47544799138e-19
1 9.54614894651e-20
1 2.7486757786e-19
1 2.79030314559e-19
1 1.73505665132e-19
1 3.88153736854e-19
1 1.96866108308e-19
1 5.79324250718e-19
1 1.18147595631e-19
1 4.43674775235e-19
1 2.58943912264e-19
1 4.04725380034e-19
1 4.58387800791e-19
1 3.36521292829e-19
1 9.06916617322e-20
1 2.45991471513e-19
1 2.79844468468e-19
1 3.70802043799e-19
1 4.70052899754e-19
1 3.78730069036e-19
1 4.50473960934e-19
1 2.78177455287e-19
1 4.67924486288e-19
1 2.88192801339e-19
1 2.41139412466e-19
1 4.82310843317e-19
1 2.76661391428e-19
1 4.56412175364e-19
1 1.81881811953e-19
1 2.70760739096e-19
1 3.0368568892e-19
1 3.35703834262e-19
1 1.16051259616e-19
1 2.45213023829e-19
1 7.03855613335e-19
1 2.67121809407e-19
1 8.24487220863e-19
1 1.25989701032e-19
1 2.8257673126e-19
1 1.7437988948e-19
1 4.82810486569e-19
1 2.69292626453e-19
1 2.35310415585e-19
1 1.31605577907e-19
1 3.06575570004e-19
1 1.04035000403e-19
1 1.73851915117e-19
1 1.78348204414e-19
1 1.83243463055e-19
1 3.64006300653e-19
1 2.24535978142e-19
1 1.43227691524e-19
1 4.35046382134e-19
1 2.59322458245e-19
1 4.92348724141e-19
1 2.33900970358e-19
1 4.92200404148e-19
1 1.68198361575e-19
1 3.03113135811e-19
1 4.13055292259e-19
1 3.52947966094e-19
1 2.89632876274e-19
1 8.01159704152e-19
1 3.88250697332e-19
1 3.74149570491e-19
1 2.14551149286e-19
1 1.58984968794e-19
1 4.18957681782e-19
1 2.81849015671e-19
1 5.1713764726e-19
1 1.75095515345e-19
1 7.03273677841e-19
1 1.04146639369e-19
1 5.35893797714e-19
1 2.50766481674e-19
1 3.16899383201e-19
1 3.59161453238e-19
1 4.97802171587e-19
1 3.1155781698e-19
1 4.51673329159e-19
1 1.26638467849e-19
1 5.92641344169e-19
1 5.8316104007e-19
1 3.63323576593e-19
1 1.81184153413e-19
1 2.81268900886e-19
1 4.22335061099e-19
1 3.0458068072e-19
1 1.654396439e-19
1 1.89657544174e-19
1 1.27033087992e-19
1 8.35760281152e-20
1 3.53725165742e-19
1 3.38666227727e-19
1 5.02958672224e-19
1 1.7094415911e-19
1 1.49203209601e-19
1 2.3062112998e-19
1 2.36062364542e-19
1 2.59755637473e-19
1 3.80815384997e-19
1 1.39773493434e-19
1 3.11830948314e-19
1 2.92674932556e-19
1 2.72424580445e-19
1 2.2344634053e-19
1 3.54889822286e-19
1 2.06636093528e-19
1 1.78195972388e-19
1 1.13172265463e-19
1 3.03875080608e-19
1 1.62480884543e-19
1 7.19889786918e-19
1 5.15366580119e-19
1 1.77952812576e-19
1 3.23286921844e-19
1 3.36452839471e-19
1 5.11238985817e-19
1 1.50542498918e-19
1 4.40542999431e-19
1 8.08471112701e-20
1 3.47902425845e-19
1 5.00048961556e-19
1 4.05373959533e-19
1 5.70080837495e-19
1 2.05756647843e-19
1 4.35015706017e-19
At step 2720 out of 3200
1 3.7940390904e-19
1 2.48221498515e-19
1 1.4458607603e-19
1 8.0366708232e-20
1 2.16841999378e-19
1 2.58883551221e-19
1 3.08680196223e-19
1 2.78301095522e-19
1 4.23174746046e-19
1 1.21640245635e-19
1 2.39257621068e-19
1 1.27339911096e-19
1 1.50214832485e-19
1 2.45577336923e-19
1 2.63538278122e-19
1 3.55722713718e-19
1 2.55379625904e-19
1 1.96264717335e-19
1 3.25327209151e-19
1 2.48784778254e-19
1 2.47658747433e-19
1 2.03461345505e-19
1 3.83649034228e-19
1 1.56708862317e-19
1 2.91764976428e-19
1 1.33389670639e-19
1 1.18685274038e-19
1 3.16936525109e-19
1 2.01236327307e-19
1 3.79104182086e-19
1 2.88915580819e-19
1 4.25673910592e-19
1 2.08206544169e-19
1 1.74129242233e-19
1 1.82233560409e-19
1 1.50354407442e-19
1 5.90248604432e-19
1 2.34360696544e-19
1 2.46544663466e-19
1 5.91624188959e-19
1 4.61154000228e-19
1 1.95955907038e-19
1 1.6438579167e-19
1 2.89902599567e-19
1 2.61644843654e-19
1 1.76220679445e-19
1 1.83945734379e-19
1 6.59631727691e-20
1 1.71545710917e-19
1 1.46446269882e-19
1 1.16923193353e-19
1 1.04685570082e-19
1 2.334079227e-19
1 3.02127372773e-19
1 2.27196912792e-19
1 1.92139723048e-19
1 8.6115631649e-20
1 2.85382707978e-19
1 2.10622837428e-19
1 3.28861182659e-19
1 3.34447249395e-19
1 3.95313523247e-19
1 1.85845086867e-19
1 3.67650205969e-19
1 4.36661919748e-19
1 1.24736307622e-19
1 1.66280872065e-19
1 2.46766900735e-19
1 4.0825323459e-19
1 3.49326978908e-19
1 4.15910789153e-19
1 3.59420118167e-19
1 4.49859789711e-19
1 2.96142925465e-19
1 1.77583901144e-19
1 3.68607888424e-19
1 2.86986129066e-19
1 3.53763504825e-19
1 2.33039570429e-19
1 2.11587198233e-19
1 1.6375509442e-19
1 2.0764411323e-19
1 3.72301440783e-19
1 2.97112005308e-19
1 2.60002820212e-19
1 1.39874866529e-19
1 4.08376827032e-19
1 3.41919829427e-19
1 3.52430589029e-19
1 2.31701356754e-19
1 4.82756765652e-20
1 2.37016775305e-19
1 2.77138987733e-19
1 6.14560667907e-20
1 3.26110840206e-19
1 2.39955181844e-19
1 3.07100328252e-19
1 3.0108307232e-19
1 8.88207958039e-20
1 1.74279761251e-19
1 1.02361949777e-19
1 8.99026505575e-20
1 5.21805347271e-19
1 2.96725885444e-19
1 2.96675326802e-19
1 1.7444125796e-19
1 2.05395485026e-19
1 1.70633497237e-19
1 2.06124062119e-19
1 3.61988175516e-19
1 5.47484969786e-20
1 2.2202540502e-19
1 4.53447920551e-19
1 4.12173690432e-19
1 4.43813895003e-19
1 1.45912559915e-19
1 2.35775310088e-19
1 3.34726292724e-19
1 1.43929753029e-19
1 1.47587368845e-19
1 5.38438607953e-19
1 2.38129928856e-19
1 2.71535414287e-19
1 3.71922560257e-19
1 3.87827975768e-19
1 2.96558241919e-19
1 2.8237356224e-19
1 2.47763952857e-19
1 4.06764238627e-19
1 1.48073339029e-19
1 3.81779615886e-19
1 2.3015298382e-19
1 3.27106075678e-19
1 2.56497052212e-19
1 2.24829647756e-19
1 3.27618236909e-19
1 1.98246933076e-19
1 4.20004742271e-19
1 1.3609914767e-19
1 3.5271586396e-19
1 2.48999468426e-19
1 3.90344197453e-19
1 2.23944303525e-19
1 3.47843416166e-19
1 3.57261252255e-19
1 1.91632804082e-19
1 2.28635097482e-19
1 5.54552244421e-19
1 3.93310722149e-19
1 5.0110265531e-19
1 2.05417334021e-19
1 4.48212793401e-19
1 1.74733098053e-19
1 1.25816257811e-19
1 2.28688351802e-19
1 2.63977707533e-19
1 3.16690904435e-19
1 1.52641400798e-19
1 3.00399052076e-19
1 1.80102319838e-19
At step 2880 out of 3200
1 3.36028250019e-19
1 2.49049581179e-19
1 4.4460302371e-19
1 1.40870271674e-19
1 1.03759815933e-19
1 2.61440219961e-19
1 2.86613099298e-19
1 3.08881160887e-19
1 2.07330871573e-19
1 2.78546182418e-19
1 2.19965686458e-19
1 4.16672217107e-19
1 2.31319861965e-19
1 6.02289473611e-19
1 2.35079620676e-19
1 1.98420409026e-19
1 1.05722457266e-19
1 2.82474549159e-19
1 1.81162070381e-19
1 3.74081374502e-19
1 2.34463676475e-19
1 3.38291877034e-19
1 3.45112431609e-19
1 2.93007261598e-19
1 1.06059700089e-19
1 3.3057069827e-19
1 2.56814455833e-19
1 1.35123745542e-19
1 4.30040705846e-19
1 6.25858554011e-19
1 1.93682357746e-19
1 2.40413680732e-19
1 1.19443348695e-19
1 2.91501474866e-19
1 3.5187856496e-19
1 1.35154019928e-19
1 3.13757844265e-19
1 4.92597107156e-19
1 4.30106266449e-19
1 3.71937110004e-19
1 9.07964038356e-20
1 2.24610714927e-19
1 3.622667986e-19
1 2.32254687542e-19
1 2.90184480192e-19
1 1.40258699758e-19
1 3.97973922393e-19
1 3.73894872583e-19
1 4.37726051042e-19
1 3.1688752678e-19
1 5.42948888067e-19
1 2.04737075256e-19
1 6.20220106755e-19
1 1.32463084974e-19
1 2.718531188e-19
1 1.23850543027e-19
1 3.10485341817e-19
1 2.03113354759e-19
1 2.24374073047e-19
1 2.91609598592e-19
1 3.77869127651e-19
1 4.60594483386e-19
1 1.36449691976e-19
1 1.67482897338e-19
1 1.95862970896e-19
1 3.72676664703e-19
1 2.36914122265e-19
1 3.93789066517e-19
1 1.77580033994e-19
1 4.25993884466e-19
1 2.14662378479e-19
1 1.81238004647e-19
1 1.49452889703e-19
1 1.62996318615e-19
1 2.78002514796e-19
1 2.63559451132e-19
1 3.17057654029e-19
1 2.16823566594e-19
1 4.3294682792e-19
1 1.93256613148e-19
1 2.53363121231e-19
1 2.50383526582e-19
1 2.33027235648e-19
1 1.33879344044e-19
1 2.90239666595e-19
1 1.35170986611e-19
1 8.59388143141e-19
1 4.35066448208e-19
1 1.75920377601e-19
1 2.47922671204e-19
1 2.66422202714e-19
1 4.10027107628e-19
1 3.20820035299e-19
1 2.29184885378e-19
1 3.05194706377e-19
1 3.23374403128e-19
1 4.85438611867e-19
1 3.06785544865e-19
1 1.93719590637e-19
1 8.67247716457e-19
1 5.04791676699e-19
1 1.02065462615e-19
1 3.40921474914e-19
1 5.26451944441e-19
1 1.8794094219e-19
1 1.92712632417e-19
1 1.4175877144e-19
1 2.61775764959e-19
1 2.4056230184e-19
1 5.66665772477e-19
1 2.07830376534e-19
1 5.15930592174e-19
1 1.73286638053e-19
1 4.01881564313e-19
1 1.58595068543e-19
1 1.65567071935e-19
1 3.79522049761e-19
1 5.29684143388e-19
1 3.07485152466e-19
1 1.59581893327e-19
1 1.97865966522e-19
1 3.13612764196e-19
1 3.37681936518e-19
1 3.81507633969e-19
1 9.98536360723e-19
1 3.32737504026e-19
1 1.91438543832e-19
1 2.02615546281e-19
1 2.42587055528e-19
1 3.77536912629e-19
1 3.28609806107e-19
1 2.58825888181e-19
1 2.99084847306e-19
1 1.81053261254e-19
1 1.67002869609e-19
1 5.46089602751e-19
1 1.86459689672e-19
1 1.86120836348e-19
1 2.77102349964e-19
1 5.12743113592e-19
1 2.8592846535e-19
1 1.43325666745e-19
1 2.67052607302e-19
1 1.5801185075e-19
1 4.61699958637e-19
1 3.59426791453e-19
1 4.85163472499e-19
1 1.37054883088e-19
1 2.47346226483e-19
1 2.63568739394e-19
1 4.40322543436e-19
1 3.67577946365e-19
1 2.32109431083e-19
1 3.87013993963e-19
1 2.26000733794e-19
1 5.73252029818e-19
1 5.8399087322e-19
1 1.83214193532e-19
1 4.63289154594e-19
1 2.17754810696e-19
At step 3040 out of 3200
1 2.62694903202e-19
1 1.8031438271e-19
1 1.79900089054e-19
1 1.77759177333e-19
1 2.46982883975e-19
1 2.85681799598e-19
1 2.29417530882e-19
1 2.35462055833e-19
1 4.08398156148e-19
1 1.71057504076e-19
1 2.14489709601e-19
1 5.44259842587e-19
1 3.36438062087e-19
1 2.45597793887e-19
1 3.86614513373e-19
1 9.11042427507e-20
1 3.61923329443e-19
1 3.54885491708e-19
1 4.01462761398e-19
1 1.95659757533e-19
1 4.33086765218e-19
1 1.61168620822e-19
1 2.01323912205e-19
1 2.62133003991e-19
1 2.91249450017e-19
1 5.64400052483e-19
1 3.26352390282e-19
1 2.30441764372e-19
1 2.78299398819e-19
1 1.35912349664e-19
1 2.91367453962e-19
1 1.12830558811e-19
1 1.51721372287e-19
1 4.80583070369e-19
1 4.22242506799e-19
1 2.3451999578e-19
1 3.78933140837e-19
1 2.14138649202e-19
1 1.02457738556e-19
1 2.57583928722e-19
1 2.97162622796e-19
1 2.75240111925e-19
1 2.97229693815e-19
1 1.5300924679e-19
1 4.35722896529e-19
1 6.89756471611e-20
1 1.3287459186e-19
1 3.84074369618e-19
1 2.24766167876e-19
1 2.4850342487e-19
1 9.95359120955e-20
1 1.04334519777e-19
1 5.01697601726e-19
1 1.25323271184e-19
1 3.55599674613e-19
1 7.61751992111e-19
1 2.56665018904e-19
1 3.14483021632e-19
1 1.84922803317e-19
1 2.70661610439e-19
1 3.67732561081e-19
1 3.02303315094e-19
1 9.5508833597e-20
1 1.89938123691e-19
1 2.41846537115e-19
1 4.75448620698e-19
1 4.97720142244e-19
1 2.10343175638e-19
1 3.1918838859e-19
1 3.72778689059e-19
1 3.08829769677e-19
1 5.67049383277e-19
1 2.74943646602e-19
1 1.99755605123e-19
1 6.47151978989e-19
1 3.28510326608e-19
1 1.88933992848e-19
1 2.57455153478e-19
1 1.98805815424e-19
1 4.16063629769e-19
1 5.11576190272e-19
1 2.48792572962e-19
1 1.2669704976e-19
1 1.26389663752e-19
1 3.58686677471e-19
1 5.94075760031e-19
1 3.22294777982e-19
1 2.32313836634e-19
1 1.70215299757e-19
1 3.93773654721e-19
1 3.75391625423e-19
1 2.62762021607e-19
1 3.84893789688e-19
1 1.70867849996e-19
1 6.2701974105e-19
1 4.04427342132e-19
1 4.04921381125e-19
1 1.7289503144e-19
1 3.10732159679e-19
1 5.54785499603e-19
1 2.75641957129e-19
1 2.37139086085e-19
1 9.73082074113e-20
1 3.24726522961e-19
1 2.40215427827e-19
1 2.0608081316e-19
1 3.15174009312e-19
1 1.78706582384e-19
1 1.44468089793e-19
1 2.47346851799e-19
1 3.68247963395e-19
1 2.2118613621e-19
1 3.80260847702e-19
1 1.72797963683e-19
1 1.89637896025e-19
1 2.08608962997e-19
1 4.30038075972e-19
1 1.92589800025e-19
1 3.09256522415e-19
1 2.59301891666e-19
1 3.50611863541e-19
1 1.08698004776e-19
1 1.66859394482e-19
1 4.12649353405e-19
1 2.67016312617e-19
1 2.30309877546e-19
1 4.68408371954e-19
1 3.2525319238e-19
1 2.43090784194e-19
1 2.23905025562e-19
1 5.4074236276e-19
1 4.78599973222e-19
1 1.08070393853e-19
1 3.49909773084e-19
1 3.83918614142e-19
1 2.30227026327e-19
1 1.23786451876e-19
1 1.23345787422e-19
1 1.81914867009e-19
1 3.18111180207e-19
1 1.36114916805e-19
1 2.80343336435e-19
1 1.03632837007e-19
1 2.34705115814e-19
1 1.84191430396e-19
1 2.82986097276e-19
1 2.29607906616e-19
1 3.38851123595e-19
1 2.63863234986e-19
1 5.02914948761e-19
1 2.77029690772e-19
1 2.9630045467e-19
1 5.40173273894e-19
1 4.66910542615e-19
1 3.52704107542e-19
1 5.58673789667e-19
1 7.54623994192e-20
1 3.46793794061e-19
1 4.40881080527e-19
Finished timestepping. Total Time: 2.49 minutes.
Integrator Rejection rate: 0.0
