Parameters for this run are:  {'A': 0.32455739091877106, 'ETA': 0.00089, 'DEBYE_LENGTH_WALL': 0.16227869545938553, 'gfactor': 1.0, 'n_steps': 800, 'REPULSION_STRENGTH_WALL': 0.0, 'dt': 0.0025, 'scheme': 'EULER', 'M': array([ 0.00015394,  0.00015394,  0.00015394,  0.00015394,  0.00015394,
        0.00015394,  0.00015394,  0.00015394,  0.00015394,  0.00015394,
        0.00015394,  0.00015394,  0.00015394,  0.00015394,  0.00015394]), 'KT': 0.0}
dz =  2.0
Nrods =  1
Nblobs =  15
1 1.2362942999e-14
At step 0 out of 800
1 2.94440732944e-18
1 1.79141052093e-18
1 9.34760117237e-19
1 8.79154879012e-19
1 5.96361044756e-19
1 1.21120738155e-18
1 1.22855993173e-18
1 1.61186168947e-18
1 3.00601284369e-19
1 8.17232311562e-19
1 8.70791873878e-19
1 3.99210679324e-19
1 2.34611634248e-18
1 1.92504456201e-18
1 1.0327061326e-18
1 2.60247610798e-18
1 7.20213539762e-19
1 1.30848328716e-18
1 1.18708147077e-18
1 8.70271578603e-19
1 1.06966294402e-18
1 9.30778027419e-19
1 2.43791498964e-18
1 2.30403391153e-18
1 8.84594236142e-19
1 7.17712734944e-19
1 9.37076452257e-19
1 9.60533282513e-19
1 1.42576745499e-18
1 1.30219162653e-18
1 2.47600131368e-18
1 1.85318217172e-18
1 1.02791146863e-18
1 1.2790751535e-18
1 7.99130340505e-19
1 9.79109354995e-19
1 8.05396633433e-19
1 1.00257840891e-18
1 1.34478009992e-18
1 1.89094166559e-18
At step 40 out of 800
1 7.29973359785e-19
1 1.22705716991e-18
1 3.25741788638e-19
1 1.04996518314e-18
1 1.41360216094e-18
1 1.71913776965e-18
1 1.32864924269e-18
1 8.72713911242e-19
1 7.58354430563e-19
1 1.13397264776e-18
1 1.27243381515e-18
1 1.01114541611e-18
1 3.36652282099e-19
1 7.8696591515e-19
1 9.1283750616e-19
1 8.44850069551e-19
1 1.53874340861e-18
1 1.15594621994e-18
1 8.05441035781e-19
1 9.01269514605e-19
1 1.43151446688e-18
1 1.55523128682e-18
1 7.70019016364e-19
1 7.22564719188e-19
1 1.29463435382e-18
1 8.08295243406e-19
1 1.06350859955e-18
1 8.70151437522e-19
1 1.72374473335e-18
1 8.1370621755e-19
1 1.31854113457e-18
1 2.26527566645e-18
1 8.85450769348e-19
1 8.0292417187e-19
1 1.00707084068e-18
1 5.70318951611e-19
1 2.15558244498e-18
1 3.54378967896e-18
1 7.13650603035e-19
1 9.2685902159e-19
At step 80 out of 800
1 1.23403333397e-18
1 3.95663760852e-19
1 4.38378079335e-19
1 9.04257813648e-19
1 1.15996108809e-18
1 3.41325866159e-18
1 1.47521594307e-18
1 1.19571748106e-18
1 6.47313292714e-19
1 6.19220941013e-19
1 3.92666095175e-19
1 1.07853270816e-18
1 1.71297605823e-18
1 1.95435707779e-18
1 6.80564715303e-19
1 4.11839138301e-19
1 1.4095453411e-18
1 7.71895827117e-19
1 7.35660644668e-19
1 1.47416518676e-18
1 1.09431044244e-18
1 4.05175327706e-19
1 1.3348190714e-18
1 1.68909086666e-18
1 7.91950727035e-19
1 1.65115529688e-18
1 7.08937430085e-19
1 3.814596019e-19
1 1.29880095661e-18
1 1.06718976966e-18
1 3.26474727262e-19
1 1.04658230349e-18
1 1.12821675241e-18
1 2.15159688702e-18
1 9.91900220996e-19
1 4.90284732535e-19
1 1.78150481135e-18
1 1.66581732951e-18
1 9.26458452313e-19
1 2.13183874385e-18
At step 120 out of 800
1 3.32262395834e-19
1 6.72797199932e-19
1 1.21650351711e-18
1 1.07357645603e-18
1 8.16479038773e-19
1 9.8402463699e-19
1 6.08637824108e-19
1 1.80861740196e-18
1 5.1137669313e-19
1 1.07881128736e-18
1 1.07701000459e-18
1 3.42858914917e-19
1 1.51944402056e-18
1 6.09204616196e-19
1 1.16476934157e-18
1 8.04662601133e-19
1 6.85111285593e-19
1 8.20626963049e-19
1 8.96698894326e-19
1 1.31280036365e-18
1 1.5845383224e-18
1 2.88778569926e-18
1 2.13047342066e-18
1 1.00031735504e-18
1 7.09300993622e-19
1 1.48200696833e-18
1 7.78519392833e-19
1 1.6799723906e-18
1 7.71735627918e-19
1 1.11108236278e-18
1 1.16492901444e-18
1 3.95981072579e-19
1 1.17830517947e-18
1 9.13256430452e-19
1 1.1926609757e-18
1 1.40416673762e-18
1 7.88616007751e-19
1 6.64579433203e-19
1 9.71778222436e-19
1 3.22167820989e-19
At step 160 out of 800
1 9.43168739584e-19
1 1.18661834207e-18
1 1.87453736907e-18
1 9.9537788484e-19
1 7.61216350963e-19
1 1.27749189143e-18
1 2.09074058186e-18
1 4.96396635269e-19
1 7.19167098463e-19
1 8.83508612783e-19
1 1.43482379921e-18
1 1.03789918068e-18
1 6.81386153782e-19
1 3.23784635043e-19
1 1.07325033558e-18
1 8.95368112252e-19
1 6.66179096304e-19
1 8.42440377007e-19
1 7.54965221e-19
1 7.8241106533e-19
1 1.64224422919e-18
1 2.17085818816e-19
1 1.42815009553e-18
1 1.44001801523e-18
1 1.60086610591e-18
1 2.38670430498e-18
1 5.85165409795e-19
1 1.7798200062e-18
1 1.36298743902e-18
1 6.61104783064e-19
1 6.73989368301e-19
1 6.36059333302e-19
1 5.88869866941e-19
1 9.62914311787e-19
1 6.27959188396e-19
1 3.83584778828e-19
1 8.55133754706e-19
1 1.301554524e-18
1 3.9726165164e-19
1 1.19367413652e-18
At step 200 out of 800
1 1.62045951455e-18
1 8.30984541153e-19
1 1.91623012513e-18
1 3.34983333799e-19
1 1.22757351671e-18
1 3.20626404644e-19
1 7.98634706465e-19
1 1.52630093791e-18
1 9.07175910657e-19
1 1.43055747728e-18
1 9.12408895459e-19
1 1.44775862862e-18
1 1.20935284693e-18
1 3.75293743361e-19
1 8.72109800783e-19
1 9.68049635688e-19
1 1.61656349528e-18
1 1.05335966934e-18
1 4.08728472923e-19
1 9.71437484756e-19
1 9.95822243262e-19
1 1.49152572385e-18
1 6.12084113268e-19
1 9.38728266667e-19
1 1.31586406972e-18
1 1.3525947672e-18
1 7.31572378822e-19
1 1.35238352614e-18
1 1.47245204842e-18
1 3.86727918497e-19
1 4.61764089883e-19
1 4.02602978832e-19
1 5.2188552372e-19
1 2.15743536261e-18
1 1.36117467478e-18
1 7.65830381024e-19
1 1.4083230543e-18
1 4.33381364353e-19
1 9.77195518132e-19
1 1.74429711463e-18
At step 240 out of 800
1 9.8348807817e-19
1 1.07177026113e-18
1 5.03392924115e-19
1 1.92387584507e-18
1 1.2310472483e-18
1 1.01931909151e-18
1 1.02347858356e-18
1 1.70380179825e-18
1 8.69669860472e-19
1 7.78602498778e-19
1 1.04610896578e-18
1 6.04678850115e-19
1 8.1904079824e-19
1 1.00231577185e-18
1 9.25873018944e-19
1 1.86967676572e-18
1 1.29234310885e-18
1 1.00417646794e-18
1 5.48760589197e-19
1 8.55567427157e-19
1 2.05177598155e-18
1 2.826535783e-18
1 8.86091895069e-19
1 1.31262265854e-18
1 9.60835270575e-19
1 1.19927848866e-18
1 7.68059135308e-19
1 9.58206144856e-19
1 1.52494103867e-18
1 1.00397269197e-18
1 1.81606148446e-18
1 5.62931966158e-19
1 1.33113699151e-18
1 7.45144308335e-19
1 1.53545008002e-18
1 9.9028777788e-19
1 8.44141679698e-19
1 9.80504056512e-19
1 8.60509623236e-19
1 5.52437721916e-19
At step 280 out of 800
1 1.51354816757e-18
1 7.95407396445e-19
1 1.51727633989e-18
1 1.26268214571e-18
1 4.87408302696e-19
1 1.27748656185e-18
1 7.91015555456e-19
1 1.6039856641e-18
1 1.40825084965e-18
1 1.46221737549e-18
1 1.86765569552e-18
1 1.08882918354e-18
1 7.71832747535e-19
1 1.86379173138e-18
1 6.8198971271e-19
1 2.10554431226e-18
1 9.50865051173e-19
1 9.39777637159e-19
1 1.57582305279e-18
1 1.62614473617e-18
1 7.91565010726e-19
1 9.50631086858e-19
1 1.01974327636e-18
1 2.05849361329e-18
1 1.12879931533e-18
1 6.53455813705e-19
1 5.97071716994e-19
1 1.27129646589e-18
1 8.20071666329e-19
1 1.11561502466e-18
1 1.48207229685e-18
1 1.48920839019e-18
1 7.19947138339e-19
1 1.33867387024e-18
1 8.91156518725e-19
1 4.46080326024e-19
1 1.83988484837e-18
1 2.11567824931e-18
1 4.22032777745e-19
1 5.0350491212e-19
At step 320 out of 800
1 5.14649832496e-19
1 2.24020387454e-18
1 1.08006636817e-18
1 6.81879765456e-19
1 9.26313741302e-19
1 1.25987483387e-18
1 1.49100599634e-18
1 6.68890946184e-19
1 1.35518518281e-18
1 4.54326762627e-19
1 1.01668341164e-18
1 1.53240586793e-18
1 5.69640734359e-19
1 6.36837820607e-19
1 9.92019590887e-19
1 1.6501906072e-18
1 1.08727076416e-18
1 9.73737599351e-19
1 5.28287420281e-19
1 5.91746501435e-19
1 1.72301408675e-18
1 4.84131920401e-19
1 1.50021542374e-18
1 5.24169052158e-19
1 2.13138231373e-18
1 9.51379176521e-19
1 1.49668737601e-18
1 6.15054991037e-19
1 2.00559617562e-19
1 2.64461709841e-18
1 2.46756292962e-18
1 6.96521104906e-19
1 1.77888005806e-18
1 6.15845972155e-19
1 1.2175481684e-18
1 1.25273452611e-18
1 1.40013337754e-18
1 1.16344169805e-18
1 1.11115129741e-18
1 6.88737618e-19
At step 360 out of 800
1 1.4303603264e-18
1 1.66547176077e-18
1 4.27699382544e-19
1 1.07866972032e-18
1 1.74606775837e-18
1 3.17781269427e-19
1 5.04724229695e-19
1 1.15868292701e-18
1 1.42921572611e-18
1 9.43603898292e-19
1 4.82571747675e-19
1 2.66977009555e-18
1 7.23083696683e-19
1 3.49101375136e-19
1 2.61105233138e-18
1 1.00598525679e-18
1 1.11687110419e-18
1 1.62634544386e-18
1 3.43472094273e-19
1 1.06650711644e-18
1 3.41661811264e-19
1 5.97851924516e-19
1 8.33243155911e-19
1 1.07158846529e-18
1 1.1183043595e-18
1 1.87321536775e-19
1 7.35144045696e-19
1 8.90126155594e-19
1 1.2607749621e-18
1 2.02122960208e-18
1 8.51906815513e-19
1 1.29330761679e-18
1 1.25487611394e-18
1 1.79354987276e-18
1 1.32924837279e-18
1 1.03282135239e-18
1 9.25328512574e-19
1 1.39569394721e-18
1 6.80051282637e-19
1 6.36159714996e-19
At step 400 out of 800
1 9.0395870174e-19
1 8.31669018712e-19
1 2.10819780651e-18
1 1.21395248187e-18
1 1.89233230062e-18
1 5.4008991929e-19
1 1.86826827743e-18
1 1.06818123303e-18
1 1.14019587266e-18
1 3.03564836985e-18
1 7.47723587564e-19
1 6.47923691972e-19
1 8.28647823587e-19
1 8.93571222579e-19
1 9.26442279022e-19
1 7.7531394813e-19
1 1.61907844005e-18
1 1.00149100944e-18
1 1.68415012944e-18
1 8.88683151283e-19
1 1.03041258505e-18
1 9.77715566001e-19
1 1.02463811836e-18
1 1.76650253661e-18
1 7.34240724564e-19
1 3.128641813e-19
1 1.33243681849e-18
1 8.73789060793e-19
1 1.5362076876e-18
1 7.27909066842e-19
1 5.74319803224e-19
1 7.75231211721e-19
1 8.72714712548e-19
1 8.17356707452e-19
1 1.37424116764e-18
1 6.12403373845e-19
1 6.67573568271e-19
1 2.14225631707e-19
1 6.09589161196e-19
1 8.2800179176e-19
At step 440 out of 800
1 3.51344400946e-19
1 1.05510430097e-18
1 7.96802967321e-19
1 8.07979327443e-19
1 8.3549090424e-19
1 6.52251218556e-19
1 2.08250584155e-18
1 2.52253178044e-18
1 9.49009661071e-19
1 6.7680261115e-19
1 7.63458455979e-19
1 7.84313905841e-19
1 3.74306537621e-19
1 4.05465923012e-19
1 1.00410586249e-18
1 8.73523882204e-19
1 1.62513982884e-18
1 1.41693956871e-18
1 2.39350388831e-18
1 1.86441459958e-18
1 1.87723005667e-18
1 4.32753551347e-19
1 5.36007438309e-19
1 7.28483557312e-19
1 2.30993065713e-18
1 7.39217130917e-19
1 1.59514161486e-18
1 1.08147549791e-18
1 1.29588089736e-18
1 8.69219448608e-19
1 1.0404771241e-18
1 2.35667674181e-18
1 1.10640230568e-18
1 7.95737981457e-19
1 5.10484010714e-19
1 8.59839533873e-19
1 1.51892496527e-18
1 2.1910637276e-18
1 9.97052548186e-19
1 3.98842576259e-19
At step 480 out of 800
1 4.53850677874e-19
1 1.37460567958e-18
1 1.99645184798e-18
1 6.83506980324e-19
1 1.03039406925e-18
1 1.68606021989e-18
1 9.11710366988e-19
1 3.53434919763e-19
1 1.66504897824e-18
1 1.02627212198e-18
1 4.39206989164e-19
1 9.46996478047e-19
1 9.77137337146e-19
1 1.15474368673e-18
1 3.20233496996e-19
1 2.10223022711e-18
1 8.35921023742e-19
1 2.07180894173e-18
1 2.50301490071e-18
1 4.9666704443e-19
1 1.10167709929e-18
1 4.91095109277e-19
1 5.95404969435e-19
1 9.36801406319e-19
1 1.37360525171e-18
1 5.98844708533e-19
1 4.28569113759e-19
1 6.2477496307e-19
1 1.62826406507e-18
1 1.431987011e-18
1 1.23426399934e-18
1 1.46823370669e-18
1 8.80917016621e-19
1 1.21276321261e-18
1 5.57675362366e-19
1 1.53696561884e-18
1 2.48054685648e-18
1 3.57017434782e-19
1 2.00392221405e-18
1 8.27593734977e-19
At step 520 out of 800
1 1.3490176325e-18
1 6.59274856138e-19
1 4.84624167671e-19
1 2.3681522651e-18
1 1.78483052295e-18
1 9.15513950185e-19
1 1.27671376577e-18
1 1.18075514354e-18
1 1.19507931946e-18
1 9.52546405901e-19
1 1.29359855045e-18
1 7.37969159429e-19
1 1.3525707018e-18
1 6.36085303495e-19
1 1.4553651427e-18
1 8.82428971946e-19
1 1.16183800961e-18
1 1.86609678772e-18
1 7.90849711304e-19
1 1.24913999719e-18
1 2.11594402689e-18
1 2.77478373746e-18
1 8.33802857779e-19
1 1.83291635233e-18
1 1.63923500995e-18
1 1.0282577037e-18
1 9.94705319463e-19
1 1.23109180254e-18
1 9.03261467917e-19
1 1.85016874028e-18
1 1.52136456388e-18
1 1.1322329011e-18
1 1.03922710366e-18
1 1.1416218931e-18
1 9.46286124037e-19
1 1.60303309372e-18
1 3.8990710794e-19
1 6.25319870609e-19
1 6.44999213806e-19
1 6.20551105937e-19
At step 560 out of 800
1 6.74278655779e-19
1 1.1765060742e-18
1 1.36376905655e-18
1 9.3262564689e-19
1 1.15235231901e-18
1 7.2076322119e-19
1 7.33038553689e-19
1 8.11218592938e-19
1 1.00691755959e-18
1 7.48087710845e-19
1 1.86361009091e-18
1 9.23840016077e-19
1 1.29466844125e-18
1 1.07644829086e-18
1 2.29056430794e-18
1 9.51548212033e-19
1 1.72226021278e-18
1 5.12898936211e-19
1 3.55962662645e-19
1 5.32108276076e-19
1 1.67280356169e-18
1 8.10183741446e-19
1 2.45037791678e-19
1 1.07309409791e-18
1 1.1591426024e-18
1 6.32717224023e-19
1 1.3375630391e-18
1 1.06509189323e-18
1 1.67575836962e-18
1 1.89640014892e-18
1 1.77104059752e-18
1 1.46483188445e-18
1 8.69564785015e-19
1 9.34675411265e-19
1 1.44294283872e-18
1 9.1599860861e-19
1 3.10320736184e-18
1 1.97649385199e-19
1 1.48737098487e-18
1 1.75905766206e-18
At step 600 out of 800
1 7.88819301272e-19
1 7.96278479616e-19
1 1.52038346792e-18
1 1.66833043343e-18
1 1.23251030169e-18
1 7.15941102928e-19
1 8.88118106123e-19
1 1.57412386834e-18
1 5.01117096847e-19
1 5.74041295336e-19
1 1.26175805473e-18
1 1.43897716828e-18
1 4.38021358922e-19
1 1.14114395198e-18
1 1.02468616608e-18
1 8.70035773273e-19
1 1.10994957123e-18
1 1.50129051742e-18
1 8.3811496673e-19
1 1.84223056599e-18
1 4.91222606075e-19
1 1.89472741707e-18
1 1.14921792722e-18
1 2.0340655901e-18
1 6.3710986761e-19
1 2.59396783737e-18
1 1.16295271304e-18
1 9.50161206555e-19
1 1.0301565836e-18
1 1.97574856311e-18
1 8.5486590564e-19
1 9.37693223321e-19
1 2.38218034479e-18
1 1.00122244205e-18
1 9.19330964131e-19
1 1.38947478198e-18
1 1.69094282571e-18
1 3.79599748571e-19
1 3.12191998177e-19
1 5.50440487851e-19
At step 640 out of 800
1 4.08001246243e-19
1 4.81379279212e-19
1 8.04891009847e-19
1 9.44931315055e-19
1 1.62139446037e-18
1 8.01521617387e-19
1 7.49490006125e-19
1 3.18001479336e-19
1 1.66605852577e-18
1 9.32708107763e-19
1 1.33720246688e-18
1 9.90147502684e-19
1 1.78459393161e-18
1 1.42401334937e-18
1 1.64755553816e-18
1 7.9914244507e-19
1 1.11287347365e-18
1 1.05754441108e-18
1 9.11308130772e-19
1 4.91204863525e-19
1 1.4685781195e-18
1 3.12596447283e-19
1 3.02871370409e-18
1 5.92084235592e-19
1 7.09670729232e-19
1 1.62376225861e-18
1 1.00981549668e-18
1 4.55891196e-19
1 1.20148489206e-18
1 1.04550335631e-18
1 1.3996114306e-18
1 1.0609572709e-18
1 1.17928174541e-18
1 1.38756606159e-18
1 6.13140926823e-19
1 1.32970111869e-18
1 1.63963042465e-18
1 3.15521902603e-19
1 9.34931828248e-19
1 1.60852697049e-18
At step 680 out of 800
1 1.1734448803e-18
1 7.93442786627e-19
1 1.45959610712e-18
1 5.82272436187e-19
1 1.14613535018e-18
1 1.41603507355e-18
1 1.03766774716e-18
1 1.97008612672e-18
1 7.07527932006e-19
1 1.05043473005e-18
1 9.01513031938e-19
1 1.0485587211e-18
1 1.42255274297e-18
1 7.30092113039e-19
1 2.38567385124e-18
1 4.47200704214e-19
1 1.15237539523e-18
1 1.16977001555e-18
1 4.81036196177e-19
1 6.58558260868e-19
1 1.82952857192e-18
1 1.39017033112e-18
1 7.17801650942e-19
1 9.3682505014e-19
1 5.96447245182e-19
1 6.8177290855e-19
1 1.00994513851e-18
1 1.19917389234e-18
1 1.34459711353e-18
1 7.05363585536e-19
1 2.56677898927e-18
1 1.61032597605e-18
1 1.30277076082e-18
1 2.73998469985e-18
1 7.3581810661e-19
1 8.13074341494e-19
1 1.2466792884e-18
1 3.6951611296e-19
1 1.43950077671e-18
1 1.2095602964e-18
At step 720 out of 800
1 2.95919817753e-18
1 1.14673077869e-18
1 6.99341128976e-19
1 1.03803952071e-18
1 1.71275986068e-18
1 1.22807946501e-18
1 6.57950656985e-19
1 9.66649717994e-19
1 6.76537254342e-19
1 2.10625186927e-19
1 6.40381545814e-19
1 7.23603140584e-19
1 1.86052827756e-18
1 6.96302689482e-19
1 4.38262009437e-19
1 5.6989413741e-19
1 2.92813579423e-18
1 1.9466571073e-18
1 1.13169053875e-18
1 9.77298874332e-19
1 1.52873875801e-18
1 7.8288309289e-19
1 7.16215841584e-19
1 1.50476674275e-18
1 2.10367556058e-18
1 6.03875739307e-19
1 9.60057908642e-19
1 5.37445862226e-19
1 1.41255868278e-18
1 1.02724486208e-18
1 3.45285166297e-19
1 1.56657716009e-18
1 8.00365513596e-19
1 1.66077342593e-18
1 8.46675014368e-19
1 1.29023237263e-18
1 1.05414050663e-18
1 9.86112578981e-19
1 2.51464620138e-18
1 7.05817641526e-19
At step 760 out of 800
1 8.52854344864e-19
1 5.47917383103e-19
1 1.07019855029e-18
1 2.44583078436e-18
1 2.03334461927e-18
1 1.26096450527e-18
1 6.93124434869e-19
1 1.87265950575e-18
1 7.21938016036e-19
1 1.07857264836e-18
1 9.45696068289e-19
1 1.20739041644e-18
1 9.61585665184e-19
1 7.06344783812e-19
1 2.46877986804e-18
1 1.15748740742e-18
1 1.25871804881e-18
1 7.79981850089e-19
1 1.24246254548e-18
1 6.59799497376e-19
1 1.25866510047e-18
1 7.71810146096e-19
1 1.02948991625e-18
1 6.52858848746e-19
1 1.0532300459e-18
1 1.18856576327e-18
1 7.37347064098e-19
1 5.64388907333e-19
1 1.16036332313e-18
1 1.0532056177e-18
1 1.0586964092e-18
1 6.61159646671e-19
1 1.90700848298e-18
1 6.57725300283e-19
1 1.07012634558e-18
1 1.22469126083e-18
1 9.92910033968e-19
1 1.74367030563e-18
1 1.51732925945e-18
Finished timestepping. Total Time: 43.83 seconds.
Integrator Rejection rate: 0.0
