Parameters for this run are:  {'A': 0.32455739091877106, 'ETA': 0.00089, 'DEBYE_LENGTH_WALL': 0.16227869545938553, 'gfactor': 1.0, 'n_steps': 1600, 'REPULSION_STRENGTH_WALL': 0.0, 'dt': 0.00125, 'scheme': 'PC', 'M': array([ 0.00015394,  0.00015394,  0.00015394,  0.00015394,  0.00015394,
        0.00015394,  0.00015394,  0.00015394,  0.00015394,  0.00015394,
        0.00015394,  0.00015394,  0.00015394,  0.00015394,  0.00015394]), 'KT': 0.0}
dz =  2.0
Nrods =  1
Nblobs =  15
1 1.2362942999e-14
1 5.9429638619e-19
At step 0 out of 1600
1 1.96813140108e-19
1 5.23950211772e-19
1 1.46890210397e-19
1 2.61702653371e-19
1 1.47823105238e-19
1 2.95398558369e-19
1 1.1851089077e-19
1 5.22140473151e-19
1 3.02599514571e-19
1 1.49714187393e-19
1 3.59704397113e-19
1 1.52070009969e-19
1 7.67354693607e-20
1 1.12159366509e-19
1 5.3046522541e-19
1 2.41775225829e-19
1 2.17650355381e-19
1 2.34438285703e-19
1 1.19685794571e-19
1 2.39099044327e-19
1 1.76796578683e-19
1 3.01865487672e-19
1 1.13128605718e-19
1 2.32433425785e-19
1 2.80381166315e-19
1 6.6426281888e-19
1 1.91196156303e-19
1 2.8930984129e-19
1 1.51693476319e-19
1 2.79487972478e-19
1 2.70710381174e-19
1 2.26548521398e-19
1 2.07718633235e-19
1 2.62423838203e-19
1 2.17847112205e-19
1 2.01316178352e-19
1 6.92485469327e-19
1 9.7639178084e-20
1 1.35103343602e-19
1 2.32951005656e-19
1 2.27378675464e-19
1 2.62481949769e-19
1 3.36634027992e-19
1 2.98883689895e-19
1 2.10564964124e-19
1 3.61649224632e-19
1 2.3796295547e-19
1 2.2994436108e-19
1 3.9351688675e-19
1 2.68124847704e-19
1 2.15180894173e-19
1 2.2272974998e-19
1 2.0546519686e-19
1 3.78234479175e-19
1 9.86519957654e-20
1 2.21886426995e-19
1 2.07070566691e-19
1 8.83241953284e-20
1 4.35675848937e-19
1 4.35908837829e-19
1 1.4920026279e-19
1 2.27696069486e-19
1 4.36206118863e-19
1 4.42427636339e-19
1 3.06236872521e-19
1 4.02421605706e-19
1 2.03792207262e-19
1 2.90306471556e-19
1 1.47783610699e-19
1 4.49177025361e-19
1 2.59073951717e-19
1 2.080768465e-19
1 1.14986935143e-19
1 3.33420872509e-19
1 3.1462532583e-19
1 2.74216331815e-19
1 1.62818158886e-19
1 1.28067546103e-19
1 2.06726105147e-19
1 1.70369318788e-19
1 1.45871015543e-19
1 3.62717003945e-19
1 5.60471030444e-19
1 3.14407245342e-19
1 1.15924514503e-19
1 2.58329772949e-19
1 7.82170833445e-20
1 1.93958531825e-19
1 2.25276729616e-19
1 2.12096711405e-19
1 3.68941086445e-19
1 4.27214067862e-19
1 1.9812788593e-19
1 1.10352788868e-19
1 1.40447246037e-19
1 1.62573868518e-19
1 2.51014549286e-19
1 4.33574929689e-19
1 2.42417794854e-19
1 2.44147700055e-19
1 2.63378898614e-19
1 4.13180045243e-19
1 2.85643458344e-19
1 3.00820690387e-19
1 3.22224805274e-19
1 2.02033546848e-19
1 1.74854825224e-19
1 5.40962808159e-19
1 2.22825142956e-19
1 1.9483545571e-19
1 2.603256585e-19
1 2.70754939759e-19
1 2.78170878755e-19
1 1.13205252525e-19
1 5.48246792555e-19
1 4.14649076314e-19
1 1.47934042982e-19
1 2.11414719196e-19
1 2.47765959445e-19
1 3.91956303161e-19
1 5.56165702728e-19
1 5.70774811995e-19
1 2.38248812781e-19
1 2.79447486791e-19
1 9.78278799464e-20
1 2.55469939316e-19
1 1.47421149272e-19
1 3.25375615242e-19
1 4.14819292357e-19
1 4.0140067272e-19
1 5.2308024834e-19
1 3.02947209733e-19
1 1.52437426235e-19
1 5.76021219086e-19
1 3.79687429401e-19
1 1.74061570579e-19
1 8.84947344948e-20
1 5.23110402587e-19
1 1.32759784815e-19
1 2.63947189542e-19
1 1.2867787343e-19
1 3.99060353601e-19
1 1.93618130761e-19
1 6.65785115362e-19
1 2.51856007984e-19
1 3.90344133087e-19
1 1.8661802024e-19
1 3.10387848627e-19
1 7.78858821538e-20
1 3.01609648149e-19
1 2.28231988751e-19
1 4.2111626052e-19
1 3.69331822105e-19
1 2.93990567243e-19
1 2.65152571359e-19
1 2.14235340168e-19
1 3.28051985133e-19
1 2.18466839996e-19
1 4.22432561858e-19
1 2.03608633887e-19
At step 80 out of 1600
1 1.45371273426e-19
1 2.13396684676e-19
1 5.16754798702e-19
1 2.38590947675e-19
1 1.97869150256e-19
1 1.1471423647e-19
1 2.45402757989e-19
1 3.00918107246e-19
1 2.88226094994e-19
1 1.51386091656e-19
1 2.44156941699e-19
1 2.73993082955e-19
1 2.31950575161e-19
1 3.68638756309e-19
1 4.38106075113e-19
1 6.2112209002e-19
1 3.28265026412e-19
1 4.3687937261e-19
1 2.16212437406e-19
1 3.27905541167e-19
1 1.85716694063e-19
1 6.30314456786e-19
1 4.90514334984e-19
1 3.68838267468e-19
1 1.33265376805e-19
1 2.88159550994e-19
1 2.39991707182e-19
1 2.25597249868e-19
1 5.39923094803e-19
1 1.5182487761e-19
1 9.81714596283e-20
1 2.74066000334e-19
1 2.62748731646e-19
1 2.1682289186e-19
1 1.08053184009e-19
1 2.92107180949e-19
1 2.32858290631e-19
1 2.53382676571e-19
1 1.09983718158e-19
1 1.13517948389e-19
1 3.39491241004e-19
1 3.21700842659e-19
1 2.74921354768e-19
1 3.10514479978e-19
1 4.9113741466e-19
1 1.40746891188e-19
1 1.50839682584e-19
1 5.04075098703e-19
1 6.63510713874e-19
1 3.4777771082e-19
1 1.54883994742e-19
1 8.26739992726e-20
1 6.43312762183e-19
1 1.46407898699e-19
1 1.39407004281e-19
1 1.28184152946e-19
1 5.04268446586e-19
1 2.71949277966e-19
1 1.2385858604e-19
1 2.68482995303e-19
1 2.87196302279e-19
1 2.90586444283e-19
1 2.22201720767e-19
1 1.89210062996e-20
1 3.14587829465e-19
1 1.46515089875e-19
1 1.74408739624e-19
1 2.28983616231e-19
1 3.89067523725e-19
1 2.20224038461e-19
1 3.40493003087e-19
1 2.23721434967e-19
1 2.69398766178e-19
1 4.4618689892e-19
1 4.48853094743e-19
1 1.82800123042e-19
1 4.12812348357e-19
1 1.57414486292e-19
1 1.92109010644e-19
1 1.115089029e-19
1 5.67442326439e-19
1 2.05269536164e-19
1 7.43206196782e-19
1 3.03279726655e-19
1 1.23405810239e-19
1 5.37899259087e-19
1 3.07266577921e-19
1 1.62457009278e-19
1 1.5965952429e-19
1 2.60975804513e-19
1 4.51126744409e-19
1 3.28198279541e-19
1 1.18986348566e-19
1 4.30185368118e-19
1 1.55041033161e-19
1 1.67158991275e-19
1 1.32298417895e-19
1 2.05389050616e-19
1 2.55403184635e-19
1 4.27357546014e-19
1 2.36534678093e-19
1 8.35091039729e-20
1 1.2222251769e-19
1 7.38011723227e-20
1 2.34902619136e-19
1 3.38301176152e-19
1 4.30835102656e-19
1 2.40714491184e-19
1 2.76087619212e-19
1 2.18515464184e-19
1 3.96248712271e-19
1 3.91372987382e-19
1 1.99355065924e-19
1 2.20350074853e-19
1 2.82633754514e-19
1 2.47859508855e-19
1 1.35588905553e-19
1 4.24089937978e-19
1 4.80115859982e-19
1 1.52461338961e-19
1 3.05269553177e-19
1 2.99595646136e-19
1 2.71414201933e-19
1 4.59313645978e-19
1 4.89441223791e-19
1 4.12251992635e-19
1 2.91270183273e-19
1 2.67641506987e-19
1 3.48172053769e-19
1 2.90185681531e-19
1 4.45860190357e-19
1 9.59982413498e-20
1 2.378485233e-19
1 2.31098416009e-19
1 2.50513961903e-19
1 2.34386448472e-19
1 5.65877044241e-19
1 2.7795881077e-19
1 2.33640376317e-19
1 3.41880183256e-19
1 1.5656224851e-19
1 1.46224231451e-19
1 2.7070218146e-19
1 4.18326031045e-19
1 4.140535551e-19
1 1.65037573645e-19
1 1.02874705697e-19
1 1.99676684265e-19
1 5.21188313026e-19
1 2.63194464999e-19
1 3.33668093836e-19
1 2.37588816907e-19
1 1.39930838824e-19
1 4.21003972879e-19
1 4.80255895863e-19
1 4.06130601784e-19
1 1.98488710605e-19
1 2.50334919003e-19
1 3.02886964674e-19
1 1.52699720894e-19
At step 160 out of 1600
1 1.63199810792e-19
1 2.23195006953e-19
1 4.41613507506e-19
1 3.05097997349e-19
1 2.40590096325e-19
1 7.60900846852e-19
1 3.45796095738e-19
1 2.42933708671e-19
1 1.55493957322e-19
1 3.10363415753e-19
1 2.44516415029e-19
1 1.95514957668e-19
1 2.12815543305e-19
1 2.35900500168e-19
1 2.79930340257e-19
1 6.27731097064e-19
1 1.88302824729e-19
1 2.29100694743e-19
1 2.69644214289e-19
1 3.76733256537e-19
1 3.03293903217e-19
1 5.65434634969e-19
1 1.75685712939e-19
1 1.59943699561e-19
1 2.10191817705e-19
1 2.66602186784e-19
1 4.8847498223e-19
1 1.51441765141e-19
1 3.30922921434e-19
1 3.89184709227e-19
1 1.00793555866e-19
1 1.28510791828e-19
1 4.67650226211e-19
1 3.81318012332e-19
1 3.41529777002e-19
1 3.60138028908e-19
1 1.19958757747e-19
1 1.52926713095e-19
1 4.27279435016e-19
1 3.94950390076e-19
1 3.56756572318e-19
1 3.60278083113e-19
1 4.04886182249e-19
1 2.23821538909e-19
1 2.78705926153e-19
1 7.59686486882e-19
1 2.19446669604e-19
1 5.44260774419e-19
1 2.9818973808e-19
1 1.61974303501e-19
1 3.31774676136e-19
1 2.43606609845e-19
1 2.49858580272e-19
1 2.98586176319e-19
1 3.32420551773e-19
1 3.74759588284e-19
1 3.9769292583e-19
1 2.52199618073e-19
1 3.03900050886e-19
1 1.27051637148e-19
1 2.83340771592e-19
1 3.13981477797e-19
1 4.63879898833e-19
1 1.64159100527e-19
1 1.22675575039e-19
1 2.24743648981e-19
1 7.13797458511e-19
1 2.21935144751e-19
1 1.54952029696e-19
1 1.2326712493e-19
1 2.45509795227e-19
1 6.68036387781e-19
1 1.73727087555e-19
1 2.06790401513e-19
1 1.60976125325e-19
1 3.18423959944e-19
1 1.25898190917e-19
1 2.58866086686e-19
1 1.45305291345e-19
1 4.63556649989e-19
1 4.03361925543e-19
1 2.47121629003e-19
1 1.38869197216e-19
1 7.20770930883e-20
1 1.59922638439e-19
1 3.35122584279e-19
1 2.77990795719e-19
1 7.54865625231e-19
1 1.40248332745e-19
1 2.2442428842e-19
1 2.64198489125e-19
1 2.2405465027e-19
1 2.22400066245e-19
1 4.38380140895e-19
1 2.11519242317e-19
1 1.6886530659e-19
1 4.0540445759e-19
1 2.45311504211e-19
1 1.56711446888e-19
1 1.59090397259e-19
1 1.58002663216e-19
1 3.79884562895e-19
1 3.25591393553e-19
1 3.17002491978e-19
1 2.797025121e-19
1 4.90657215475e-19
1 2.58630450788e-19
1 2.39241179889e-19
1 2.32179264215e-19
1 1.67974570335e-19
1 1.44464418896e-19
1 2.57583283926e-19
1 1.56846249971e-19
1 1.68327984233e-19
1 3.28956427592e-19
1 3.52438202651e-19
1 1.58033225094e-19
1 2.36518486173e-19
1 2.98726941138e-19
1 1.55601434614e-19
1 2.02139141253e-19
1 2.4557229609e-19
1 1.14670805448e-19
1 4.67091374399e-19
1 6.65222444068e-19
1 2.12893345482e-19
1 3.68906295953e-19
1 4.1552858386e-19
1 1.97643152973e-19
1 2.15666865792e-19
1 2.32170426271e-19
1 5.14000347691e-19
1 4.60522763348e-19
1 2.43394197671e-19
1 3.73595326656e-19
1 2.14392778664e-19
1 3.35328598082e-19
1 7.41567949246e-20
1 2.45219773843e-19
1 3.30101663764e-19
1 9.6137587756e-19
1 2.88179867443e-19
1 4.78665568377e-19
1 2.43246605705e-19
1 3.96358404562e-19
1 4.87917062034e-19
1 1.26172393076e-19
1 9.89348029043e-20
1 2.194756768e-19
1 2.40438751515e-19
1 1.8653196975e-19
1 9.02867479065e-20
1 2.34682261897e-19
1 2.51636198665e-19
1 1.66854194532e-19
1 2.18264142474e-19
1 3.42709413989e-19
1 5.4381693809e-19
1 6.64232358522e-19
1 1.32060788721e-19
At step 240 out of 1600
1 5.87283766336e-20
1 1.13844991639e-19
1 3.09847963522e-19
1 3.43703609371e-19
1 1.38102672901e-19
1 3.33665515595e-19
1 3.01304558102e-19
1 2.73477760054e-19
1 1.66081992054e-19
1 2.59166267766e-19
1 2.36215672396e-19
1 2.93644393887e-19
1 4.45580898056e-19
1 2.53710720357e-19
1 4.1714898283e-19
1 2.41485191617e-19
1 8.79269444283e-20
1 7.4809411929e-19
1 5.22137874174e-19
1 1.92200117925e-19
1 1.95330936723e-19
1 3.71390663114e-19
1 2.26773277259e-19
1 1.54523277907e-19
1 8.66680365483e-20
1 5.11264868525e-19
1 3.95174901284e-19
1 9.84111781536e-20
1 1.40742131397e-19
1 1.98306800927e-19
1 4.00965773141e-19
1 3.79957191154e-19
1 3.28698514944e-19
1 1.99099695257e-19
1 1.73561481747e-19
1 8.64472548698e-20
1 5.13959856402e-19
1 3.4582252082e-19
1 1.7144106717e-19
1 5.94323301952e-19
1 2.73398905381e-19
1 2.36445654967e-19
1 2.32354749885e-19
1 1.10716153647e-19
1 3.95901726072e-19
1 3.29591745833e-19
1 2.16576113425e-19
1 1.31580892217e-19
1 2.4427783595e-19
1 3.96256324185e-19
1 1.42753502028e-19
1 3.07684481969e-19
1 1.60867365551e-19
1 2.08462218196e-19
1 4.952181086e-19
1 2.33269006391e-19
1 9.19838130831e-20
1 3.75466232791e-19
1 4.25433903523e-19
1 2.4202523424e-19
1 2.81643529731e-19
1 5.27017125035e-19
1 3.94241592977e-19
1 2.65460512964e-19
1 1.29991575019e-19
1 1.19251471163e-19
1 2.2137951362e-19
1 1.16288436848e-19
1 1.53687044971e-19
1 2.95523092572e-19
1 2.36571994323e-19
1 3.93661968889e-19
1 1.37103753674e-19
1 1.61370667979e-19
1 2.64699793827e-19
1 1.24658293306e-19
1 2.01824291287e-19
1 3.08280298906e-19
1 2.25016005272e-19
1 4.77168791144e-19
1 2.15779463196e-19
1 1.61404153746e-19
1 2.7730002446e-19
1 3.07284123014e-19
1 2.82157772819e-19
1 2.80664963794e-19
1 2.38163743225e-19
1 1.8936693772e-19
1 2.63797241879e-19
1 1.73890423369e-19
1 2.45493572038e-19
1 2.1472916247e-19
1 3.69240610738e-19
1 2.32482784964e-19
1 2.07701056264e-19
1 3.78462127997e-19
1 2.85166696075e-19
1 3.22514640988e-19
1 2.88805321362e-19
1 3.72646582371e-19
1 3.60051816345e-19
1 2.41821699137e-19
1 1.10199925658e-19
1 2.66352940277e-19
1 2.53681657413e-19
1 3.1245403201e-19
1 2.8200136245e-19
1 1.31623080057e-19
1 4.34813152907e-19
1 1.81086667229e-19
1 2.99624314883e-19
1 3.57144198714e-19
1 2.84880660887e-19
1 3.65058700381e-19
1 3.03916529644e-19
1 1.14100921604e-19
1 2.10977802791e-19
1 2.97500168718e-19
1 2.99120964799e-19
1 4.31295372123e-19
1 2.31085148351e-19
1 1.10831696019e-19
1 1.07694510732e-19
1 3.31407457722e-19
1 2.25122208152e-19
1 1.76618364725e-19
1 2.49535561023e-19
1 7.2214849047e-19
1 3.30271336006e-19
1 6.48569886028e-19
1 2.42892300317e-19
1 1.29639208408e-19
1 2.32367095191e-19
1 4.45974636654e-19
1 2.77150031895e-19
1 3.43859424121e-19
1 4.22774831839e-19
1 1.94958510535e-19
1 2.42083670948e-19
1 1.98832500351e-19
1 2.43999603262e-19
1 1.00733683529e-19
1 2.01974020007e-19
1 4.29004281225e-19
1 3.88978638165e-19
1 5.90162014516e-19
1 4.43142435729e-19
1 2.24985358653e-19
1 1.61951514087e-19
1 3.9552674186e-19
1 2.40108517891e-19
1 4.58393742591e-19
1 2.5819228435e-19
1 2.46839762479e-19
1 1.87761640729e-19
1 1.04673153289e-19
1 1.76313381097e-19
1 3.24979247256e-19
1 4.48809550845e-19
1 7.73358706411e-20
At step 320 out of 1600
1 1.87329205949e-19
1 3.78916857428e-19
1 2.63807875277e-19
1 2.92520522602e-19
1 3.31977978848e-19
1 3.30367503539e-19
1 1.44566812073e-19
1 1.68064354275e-19
1 2.99497394232e-19
1 3.2995979932e-19
1 2.36760797989e-19
1 1.29799023635e-19
1 2.14006635869e-19
1 1.1327637476e-19
1 4.11224581636e-19
1 3.28143515309e-19
1 5.29094786437e-19
1 2.96576202447e-19
1 4.02368454499e-19
1 3.49833838673e-19
1 6.23489336243e-19
1 1.42171616308e-19
1 3.62959120003e-19
1 9.42977758533e-20
1 6.94279454364e-19
1 4.37707051334e-19
1 3.23872606651e-19
1 2.07748662674e-19
1 5.2440902384e-19
1 2.20808637412e-19
1 1.63319657115e-19
1 4.31592007629e-19
1 1.47971490569e-19
1 1.14552980514e-19
1 3.28041437986e-19
1 3.55735980038e-19
1 1.38830983168e-19
1 2.48410543599e-19
1 4.55025294271e-19
1 2.77969979666e-19
1 2.84765379297e-19
1 5.63979384803e-19
1 4.05626356125e-19
1 5.60458318997e-19
1 2.093021979e-19
1 2.14217089397e-19
1 5.30698946187e-19
1 5.29949856112e-19
1 3.76991437244e-19
1 1.08331724788e-19
1 2.70084994125e-19
1 1.57595388941e-19
1 2.51531555139e-19
1 3.84525294192e-19
1 5.52864294237e-19
1 3.81032115037e-19
1 2.35854356786e-19
1 1.537386431e-19
1 3.23659390648e-19
1 1.87454056265e-19
1 2.30613270204e-19
1 2.14731185466e-19
1 2.26959731405e-19
1 4.54271635074e-19
1 1.64264779219e-19
1 4.31007809064e-19
1 4.41304943318e-19
1 1.95462919528e-19
1 2.88917072938e-19
1 3.05820056729e-19
1 1.53162014259e-19
1 1.37188373982e-19
1 1.37163812181e-19
1 4.21374519845e-19
1 4.19214014791e-19
1 1.41655277172e-19
1 2.28550655144e-19
1 2.75521544396e-19
1 1.06855940106e-19
1 1.28548944389e-19
1 3.00528730817e-19
1 2.34998022547e-19
1 2.81891721308e-19
1 3.69320786386e-19
1 1.07771897422e-18
1 1.48693640157e-19
1 1.61681858748e-19
1 1.95381364474e-19
1 3.02586431662e-19
1 2.24457831384e-19
1 3.56914837969e-19
1 4.89631213916e-19
1 3.37848292949e-19
1 7.30859021697e-19
1 5.25464284283e-19
1 1.4192898846e-19
1 2.22424923567e-19
1 1.10255450454e-19
1 1.7348110696e-19
1 2.0885797631e-19
1 3.07459530233e-19
1 2.38582288297e-19
1 6.37567877934e-19
1 2.11987573902e-19
1 1.57227611646e-19
1 2.21330230275e-19
1 3.44188882481e-19
1 2.11500054541e-19
1 5.46240632922e-19
1 2.79457434232e-19
1 1.36034832603e-19
1 3.71264730451e-19
1 9.69167051349e-20
1 7.98246318087e-19
1 3.30151919048e-19
1 3.59516656708e-19
1 2.67445554811e-19
1 2.30630005502e-19
1 4.07938360483e-19
1 2.4315370298e-19
1 1.20906732636e-19
1 9.74025772222e-20
1 2.51546208922e-19
1 1.23057626202e-19
1 7.99443927085e-20
1 4.63654841583e-19
1 4.81733080209e-19
1 3.45551905123e-19
1 1.68913860327e-19
1 2.23941213706e-19
1 9.6847970803e-20
1 1.45902745192e-19
1 2.97855022324e-19
1 1.68531233771e-19
1 8.28160695212e-20
1 3.36456214037e-19
1 1.41948008149e-19
1 4.13180401401e-19
1 2.9847380468e-19
1 2.35810491935e-19
1 4.22101257209e-19
1 1.23816826475e-19
1 3.35695239973e-19
1 4.17204079304e-19
1 2.64552435588e-19
1 1.12374212473e-19
1 3.28456122998e-19
1 9.7532781076e-20
1 5.29130187156e-19
1 1.52508091928e-19
1 1.45375096114e-19
1 2.51763048745e-19
1 2.42668999394e-19
1 2.44967411251e-19
1 1.42863491407e-19
1 2.54588794238e-19
1 1.95253939514e-19
1 2.90851729386e-19
1 1.85102984096e-19
1 2.2690794979e-19
At step 400 out of 1600
1 3.61870281401e-19
1 2.65255629951e-19
1 1.74761757968e-19
1 2.2290512235e-19
1 2.39879198018e-19
1 4.19035215909e-19
1 2.36169560096e-19
1 1.75693024773e-19
1 5.86221777884e-19
1 2.25716703618e-19
1 1.22555420834e-19
1 1.71941668544e-19
1 4.59124146515e-19
1 2.38575249849e-19
1 2.90746620321e-19
1 1.76851272211e-19
1 2.58257397255e-19
1 1.96073443891e-19
1 4.5317478123e-19
1 2.21406812793e-19
1 2.29782633161e-19
1 2.00363876782e-19
1 1.79375169251e-19
1 2.19496798694e-19
1 2.88622463386e-19
1 4.86184702897e-19
1 3.20445371851e-19
1 8.98973371665e-20
1 3.00559064745e-19
1 3.03733721978e-19
1 3.16172178592e-19
1 3.24559910174e-19
1 1.98468094303e-19
1 2.62181646178e-19
1 2.62942149446e-19
1 2.72126987887e-19
1 1.96374564246e-19
1 1.9955050335e-19
1 3.85352943508e-19
1 4.96322862431e-19
1 2.71438872871e-19
1 1.91878433338e-19
1 4.75634706242e-19
1 2.31036246e-19
1 3.23914613545e-19
1 3.25176608537e-19
1 2.24092845431e-19
1 2.57012845231e-19
1 1.73134029724e-19
1 2.99651119473e-19
1 4.36304243823e-19
1 3.9890854572e-19
1 6.29980338119e-19
1 1.37829275391e-19
1 1.15215111384e-19
1 2.00214161812e-19
1 2.14936695868e-19
1 2.82594730614e-19
1 2.79155605534e-19
1 3.2757013437e-19
1 7.59426215803e-20
1 2.67546749816e-19
1 1.8882880048e-19
1 4.26901155518e-19
1 2.93970637565e-19
1 1.98543963492e-19
1 1.48139651604e-19
1 1.86894434113e-19
1 2.72243739007e-19
1 4.87780456809e-19
1 1.81232330838e-19
1 4.22987941113e-19
1 3.21280219444e-19
1 2.20948476839e-19
1 2.19614240506e-19
1 1.89816824213e-19
1 4.60918127173e-19
1 3.32165935964e-19
1 4.4531077593e-19
1 5.76595412213e-19
1 2.27389456297e-19
1 1.92377532415e-19
1 2.36556284155e-19
1 3.71356983709e-19
1 4.06874562601e-19
1 3.65382212377e-19
1 2.91991471428e-19
1 3.86143956423e-19
1 1.01459135506e-19
1 2.40795585779e-19
1 1.25739791177e-19
1 1.74520441535e-19
1 2.45579303212e-19
1 2.29091292464e-19
1 1.58214579161e-19
1 2.12338597957e-19
1 2.95605963003e-19
1 3.0857319653e-19
1 1.95143239382e-19
1 1.59445490117e-19
1 2.78013699474e-19
1 3.71885959686e-19
1 1.71495143153e-19
1 3.34448204793e-19
1 2.84443236613e-19
1 1.52278093302e-19
1 1.6216420575e-19
1 2.98752656599e-19
1 2.22783675896e-19
1 8.85963641753e-20
1 1.83773269193e-19
1 2.08030870167e-19
1 2.42029513653e-19
1 3.22624697911e-19
1 3.62144171094e-19
1 4.24573177772e-19
1 1.67107118809e-19
1 3.43409154978e-19
1 3.06562064704e-19
1 2.39270286484e-19
1 4.45665873271e-19
1 4.48418292877e-19
1 2.2671649823e-19
1 5.37684916925e-19
1 2.62898580523e-19
1 1.66664811289e-19
1 2.33842687938e-19
1 1.89547333167e-19
1 2.04554299287e-19
1 3.08666249689e-19
1 2.34275404317e-19
1 1.78212921826e-19
1 5.8303752139e-19
1 1.08869606056e-19
1 2.44325089712e-19
1 3.55655316046e-19
1 2.73810811329e-19
1 1.36301120168e-19
1 1.78947319564e-19
1 2.57580891149e-19
1 1.2553700945e-19
1 2.31860450575e-19
1 2.34083517422e-19
1 2.08166461875e-19
1 1.08881913408e-19
1 2.94868061767e-19
1 3.13114662588e-19
1 3.76753447467e-19
1 1.93535194642e-19
1 2.36512842319e-19
1 4.85327075472e-19
1 1.69095563646e-19
1 3.07288957277e-19
1 1.99775655678e-19
1 1.56612909819e-19
1 1.22696309657e-19
1 4.63158505121e-19
1 1.00495123748e-19
1 2.74399303531e-19
1 3.47856498005e-19
At step 480 out of 1600
1 2.35762955997e-19
1 2.00198185253e-19
1 2.75404627968e-19
1 2.96951460932e-19
1 3.78521938539e-19
1 2.28909799684e-19
1 1.65801077552e-19
1 1.64019700231e-19
1 1.68050079127e-19
1 4.26436472102e-19
1 6.11198984756e-19
1 3.42399264579e-19
1 2.08518646307e-19
1 2.59706932622e-19
1 1.5708620003e-19
1 1.80352283371e-19
1 2.56788029456e-19
1 2.381543045e-19
1 1.27705385478e-19
1 2.27201159766e-19
1 8.01133788233e-19
1 7.07577104901e-19
1 2.98290654077e-19
1 3.37326084207e-19
1 3.70298465904e-19
1 1.2528613016e-19
1 8.01535625931e-20
1 2.43391821497e-19
1 3.2772908829e-19
1 1.90860931958e-19
1 2.05585282476e-19
1 9.69081633782e-20
1 3.17081646186e-19
1 2.05727244543e-19
1 2.73206180634e-19
1 1.87575095125e-19
1 2.22867641823e-19
1 1.85131176036e-19
1 1.79401813518e-19
1 1.03309758989e-19
1 2.75812129757e-19
1 3.36487254784e-19
1 2.42506121962e-19
1 2.94455980627e-19
1 3.66094146596e-19
1 1.38573625655e-19
1 1.85134414714e-19
1 1.78326532094e-19
1 5.45316872971e-19
1 1.50566958334e-19
1 1.27413092438e-19
1 6.66120284548e-19
1 2.65387237602e-19
1 3.86347476382e-19
1 2.46378846891e-19
1 3.50897622801e-19
1 1.26010587886e-19
1 2.54851942901e-19
1 1.32886603142e-19
1 1.71969898097e-19
1 3.96107347066e-19
1 5.80318542289e-19
1 2.57288645912e-19
1 1.81205677092e-19
1 1.25243277786e-19
1 1.12864216314e-19
1 4.42045363408e-19
1 3.84432358813e-19
1 1.74561197073e-19
1 3.44809616523e-19
1 4.21338782007e-19
1 2.68496831492e-19
1 2.94089767871e-19
1 2.0331922303e-19
1 2.55270561485e-19
1 2.19139099376e-19
1 1.68722585088e-19
1 8.77506748641e-20
1 2.66545837125e-19
1 3.33406375516e-19
1 2.59538193029e-19
1 3.13775063139e-19
1 2.15738497791e-19
1 1.07201629368e-19
1 1.51860208152e-19
1 2.11026307989e-19
1 3.59964251944e-19
1 5.63633567208e-19
1 1.26410913067e-19
1 2.1665587083e-19
1 2.33512322385e-19
1 1.45135402268e-19
1 4.85488404749e-19
1 2.29384196074e-19
1 3.38159223342e-19
1 2.02166847719e-19
1 2.02520967709e-19
1 3.42838508317e-19
1 5.04801355262e-19
1 3.16637121015e-19
1 1.4106848767e-19
1 3.72378077556e-19
1 5.39562207062e-19
1 2.62874918612e-19
1 3.59813971829e-19
1 7.850838338e-19
1 2.14535073284e-19
1 2.50971254636e-19
1 2.63073686798e-19
1 4.30153191862e-19
1 2.95683304992e-19
1 5.83804756745e-19
1 6.69351262581e-19
1 2.94295634233e-19
1 6.00463719029e-19
1 3.638327713e-19
1 1.9050944618e-19
1 2.58311293025e-19
1 2.29683346687e-19
1 4.69234217773e-19
1 1.93355580275e-19
1 8.84459527972e-20
1 1.53576531703e-19
1 2.38322075607e-19
1 1.76917684076e-19
1 6.69255145491e-19
1 2.12248051125e-19
1 2.31788176566e-19
1 1.73325760184e-19
1 2.8488060864e-19
1 1.56334820338e-19
1 2.05423897508e-19
1 3.32234238414e-19
1 4.26253091869e-19
1 5.58609805514e-19
1 4.1947684724e-19
1 5.24874468873e-19
1 1.86388451219e-19
1 2.04085484283e-19
1 4.92941620685e-19
1 1.01291252481e-19
1 1.51278311632e-19
1 3.94892076668e-19
1 3.60604029106e-19
1 3.76880813807e-19
1 2.33189797818e-19
1 1.86926870053e-19
1 3.45204672943e-19
1 4.87687204711e-19
1 2.45271326009e-19
1 6.6621456913e-19
1 9.85069181276e-19
1 3.79320826538e-19
1 2.17441155154e-19
1 4.04758301029e-19
1 5.73138018394e-19
1 3.363550988e-19
1 5.3428616132e-19
1 3.45752195765e-19
1 2.20480795566e-19
At step 560 out of 1600
1 2.15737789461e-19
1 8.95584866006e-20
1 2.19653302034e-19
1 2.06327773016e-19
1 5.97156894968e-19
1 1.64097411371e-19
1 2.74639450521e-19
1 1.75919824817e-19
1 1.51839835433e-19
1 2.02985220117e-19
1 1.27366194609e-19
1 4.88529441566e-19
1 2.11748694793e-19
1 4.42867875419e-19
1 3.09094070132e-19
1 5.21449058609e-19
1 2.4198108122e-19
1 5.3909539835e-19
1 2.56014848994e-19
1 2.77149113975e-19
1 1.84554952183e-19
1 4.09058236025e-19
1 4.85871646264e-19
1 1.42512555503e-19
1 7.77490072499e-20
1 3.79558868313e-19
1 3.92330797092e-19
1 2.75165839975e-19
1 3.12448652006e-19
1 1.59957820405e-19
1 2.49713041722e-19
1 1.12417714923e-19
1 3.16472877203e-19
1 2.7796654384e-19
1 2.6290534276e-19
1 3.30884925179e-19
1 2.99077592722e-19
1 2.30542673065e-19
1 3.73145592621e-19
1 3.10811422118e-19
1 1.56153772542e-19
1 2.61237206592e-19
1 3.39898418946e-19
1 5.22320951585e-19
1 2.64092984095e-19
1 2.23941080103e-19
1 2.07230536921e-19
1 3.46263660436e-19
1 3.24223630788e-19
1 4.91391642343e-19
1 2.13190486212e-19
1 1.42620125904e-19
1 4.72293327042e-19
1 1.35661124439e-19
1 3.83000162445e-19
1 2.73699012878e-19
1 1.07073846684e-19
1 3.44218416774e-19
1 3.19885723194e-19
1 4.63044761887e-19
1 2.86715840722e-19
1 2.88387158527e-19
1 2.89533805737e-19
1 4.82338420908e-19
1 9.53234090458e-20
1 2.93176478347e-19
1 3.61204552475e-19
1 1.89071958458e-19
1 1.60459769477e-19
1 2.97486271852e-19
1 1.75321336795e-19
1 4.887053894e-19
1 1.99975882388e-19
1 1.85270184319e-19
1 2.6702180119e-19
1 1.86992420657e-19
1 5.75685198471e-19
1 8.27912894097e-19
1 5.7401505586e-19
1 1.84964316578e-19
1 2.03377216501e-19
1 4.210681798e-19
1 3.81781531918e-19
1 3.2188367649e-19
1 5.30002556661e-19
1 3.13698586202e-19
1 3.17841376866e-19
1 2.19649599212e-19
1 2.74270063359e-19
1 3.35382783803e-19
1 3.47899308899e-19
1 4.75273973773e-19
1 1.35472092483e-19
1 4.58242860266e-20
1 4.09073476392e-19
1 3.46073674326e-19
1 4.64559150901e-19
1 7.09260668658e-20
1 2.24616744403e-19
1 2.50621351845e-19
1 2.05693392053e-19
1 3.83768851466e-19
1 3.07641109208e-19
1 2.9796462427e-19
1 2.09448669232e-19
1 4.0409821124e-19
1 2.96844742011e-19
1 2.88222623262e-19
1 2.34261865671e-19
1 1.75568985919e-19
1 2.25698956828e-19
1 3.51167406906e-19
1 5.04689918705e-19
1 3.07014887959e-19
1 2.5143246087e-19
1 1.85107230284e-19
1 7.55625102548e-19
1 1.53108867528e-19
1 3.75990440903e-19
1 5.63093730433e-19
1 5.24663658241e-19
1 2.68528628124e-19
1 4.737409969e-19
1 3.02030476401e-19
1 2.72552939448e-19
1 1.92557459655e-19
1 1.76269908492e-19
1 2.16883628037e-19
1 2.17488998417e-19
1 1.72106544625e-19
1 1.25655719449e-19
1 1.76428441667e-19
1 2.52675238066e-19
1 1.66872120923e-19
1 1.29857532704e-19
1 2.65982598481e-19
1 1.96473059369e-19
1 2.95932464164e-19
1 2.14840415321e-19
1 3.27670533609e-19
1 4.80626787717e-19
1 5.46997276086e-19
1 1.60801384507e-19
1 1.11555381846e-19
1 1.44870938412e-19
1 1.40675985597e-19
1 1.62277716412e-19
1 2.37611728657e-19
1 7.83655902447e-19
1 3.5130451485e-19
1 2.56952793506e-19
1 3.66988306622e-19
1 1.64480131356e-19
1 1.52392299037e-19
1 4.74128644602e-19
1 4.6137361539e-19
1 2.67619218661e-19
1 2.07663871945e-19
1 2.17108811619e-19
1 2.66479004569e-19
At step 640 out of 1600
1 1.70919923121e-19
1 1.53525186245e-19
1 2.65411569559e-19
1 1.17684193146e-19
1 1.55286621349e-19
1 3.30702196915e-19
1 2.72469998007e-19
1 1.10331015815e-19
1 1.93181969182e-19
1 3.10506375197e-19
1 2.17779104813e-19
1 3.17714219297e-19
1 3.98566369639e-19
1 1.86367759058e-19
1 1.22678657014e-19
1 1.71151987503e-19
1 3.23301809251e-19
1 3.73941558628e-19
1 2.37103892332e-19
1 2.95917567537e-19
1 3.4827852048e-19
1 3.79617220457e-19
1 4.10393457446e-19
1 4.62740165501e-19
1 1.65539554515e-19
1 3.16771235537e-19
1 4.19041620485e-19
1 3.37886753089e-19
1 3.49495462118e-19
1 1.83804826374e-19
1 1.63681321314e-19
1 3.88685499014e-19
1 2.36173427157e-19
1 2.35746878882e-19
1 4.53756014156e-19
1 1.26921489642e-19
1 4.7524353238e-19
1 2.58647315347e-19
1 2.92496268185e-19
1 5.40591750972e-19
1 3.3039164596e-19
1 5.71252412303e-19
1 4.23648877842e-19
1 1.84854071922e-19
1 2.74132853568e-19
1 2.24817487484e-19
1 4.19340149414e-19
1 3.05008135136e-19
1 3.70874116193e-19
1 1.52618604308e-19
1 2.2708353056e-19
1 1.88570201219e-19
1 3.46138109487e-19
1 5.44625569352e-19
1 3.68265227124e-19
1 5.63925433187e-19
1 2.38467796223e-19
1 2.51998517262e-19
1 5.2963250075e-19
1 3.08287170774e-19
1 1.4285720814e-19
1 3.2606400744e-19
1 2.702758335e-19
1 1.99576207458e-19
1 3.26350071209e-19
1 2.3659395476e-19
1 1.89186569679e-19
1 3.13495662981e-19
1 1.2915132862e-19
1 1.80576736899e-19
1 4.66791296299e-19
1 2.56992738187e-19
1 2.1316709576e-19
1 1.53117891022e-19
1 3.07721218993e-19
1 5.51867965023e-19
1 1.03194642201e-19
1 2.59603517475e-19
1 4.01373933847e-19
1 2.20305935965e-19
1 2.54105798863e-19
1 1.85406689414e-19
1 5.5065320088e-19
1 8.87641892235e-20
1 2.10226242062e-20
1 3.49835354303e-19
1 9.0799504474e-19
1 2.33245153489e-19
1 4.70534519892e-19
1 4.45523061318e-19
1 4.02749378014e-19
1 2.32939594346e-19
1 3.90731519655e-19
1 2.16195253886e-19
1 1.98387090927e-19
1 2.68204696937e-19
1 4.91909539658e-19
1 3.06442661682e-19
1 1.10905296081e-19
1 2.99926398506e-19
1 1.47751977063e-19
1 2.01887516181e-19
1 3.2061918237e-19
1 1.05235285836e-19
1 3.82810333804e-19
1 2.40550184145e-19
1 2.71966768514e-19
1 1.00955730025e-19
1 4.08181019793e-19
1 1.84840107305e-19
1 1.92708385684e-19
1 2.62543129757e-19
1 1.74689583407e-19
1 2.17148538575e-19
1 2.51523397268e-19
1 4.50917149637e-19
1 2.64374178046e-19
1 3.62633810147e-19
1 1.71555599899e-19
1 1.26584923923e-19
1 2.48589991666e-19
1 2.52080738505e-19
1 1.32189911426e-19
1 2.83973303459e-19
1 3.68327677434e-19
1 3.04154649743e-19
1 2.87020714134e-19
1 5.40631662425e-19
1 3.67436152459e-19
1 5.12390035231e-19
1 2.80333637163e-19
1 3.07312955233e-19
1 1.64072485995e-19
1 2.77179613848e-19
1 1.96931397078e-19
1 2.16594398573e-19
1 2.38372293846e-19
1 1.95636254854e-19
1 4.25484138656e-19
1 1.00618091726e-19
1 1.94101090415e-19
1 1.38205252383e-19
1 3.62907452059e-19
1 2.55157074287e-19
1 2.98845952113e-19
1 1.06831899609e-18
1 2.66422045638e-19
1 3.97413968743e-19
1 3.79947443224e-19
1 3.38205042785e-19
1 2.20295158085e-19
1 1.26148240764e-19
1 1.58999489733e-19
1 3.47510639897e-19
1 9.99885941372e-20
1 2.09348076178e-19
1 3.2489285004e-19
1 2.89958020776e-19
1 3.49153540605e-19
1 4.09919470896e-19
At step 720 out of 1600
1 1.07526013838e-19
1 3.1599762612e-19
1 2.52241719563e-19
1 3.32568853961e-19
1 5.71369978694e-19
1 3.31639984336e-19
1 6.12585692415e-19
1 5.49906041378e-19
1 1.5600819458e-19
1 4.42076449225e-19
1 1.57245547339e-19
1 4.30304506447e-19
1 5.87084457893e-19
1 2.44033946713e-19
1 3.28467832591e-19
1 6.62059050399e-19
1 9.80126567799e-20
1 2.94616741281e-19
1 2.66430610136e-19
1 1.36634325499e-19
1 2.73996349325e-19
1 1.88833570921e-19
1 2.92371794999e-19
1 1.73838315538e-19
1 2.16745435126e-19
1 1.75126640461e-19
1 3.49045245724e-19
1 1.68968605729e-19
1 1.47081370249e-19
1 2.1282010008e-19
1 4.19242637139e-19
1 1.14871414338e-19
1 2.23065488997e-19
1 5.98030570027e-19
1 2.91873577054e-19
1 3.63770430956e-19
1 2.48630748519e-19
1 1.07955370659e-19
1 1.94934446254e-19
1 2.42963546956e-19
1 2.00019143327e-19
1 3.03892087586e-19
1 2.12288836189e-19
1 2.20737514089e-19
1 1.67422480009e-19
1 3.78727349366e-19
1 2.42086654124e-19
1 6.19419588603e-19
1 3.76406154967e-19
1 5.78758185215e-19
1 1.20599224264e-19
1 2.35252832688e-19
1 3.84487100781e-19
1 2.84170100338e-19
1 1.69916236022e-19
1 1.66709566903e-19
1 2.98529907221e-19
1 1.35052080574e-19
1 3.65683194893e-19
1 4.03476791303e-19
1 6.02999233916e-19
1 2.45318843339e-19
1 1.92773679744e-19
1 3.38743280947e-19
1 6.06897286057e-19
1 4.28342394624e-19
1 5.96373016507e-19
1 3.12714237861e-19
1 2.3859568656e-19
1 1.7086733473e-19
1 1.83701687465e-19
1 2.01319581738e-19
1 1.6758166428e-19
1 1.40154836248e-19
1 2.31897137602e-19
1 4.0619631941e-19
1 3.49707817853e-19
1 7.40290155858e-19
1 5.52459838223e-19
1 1.17171436013e-19
1 4.40272826115e-19
1 2.9010926502e-19
1 3.60794836729e-19
1 2.24363466532e-19
1 5.55647637499e-19
1 1.95749384805e-19
1 3.34497294658e-19
1 3.49772181007e-19
1 2.07442321482e-19
1 2.30517530751e-19
1 2.1828945517e-19
1 3.31898388019e-19
1 3.90977149444e-19
1 3.33627970938e-19
1 2.17740153832e-19
1 2.24811895369e-19
1 1.81304933004e-19
1 3.19458763557e-19
1 1.94495914631e-19
1 1.68910131286e-19
1 4.08924394495e-19
1 1.94651160269e-19
1 1.41219324196e-19
1 4.05070709399e-19
1 1.91007522469e-19
1 4.90510373605e-19
1 5.42107845972e-19
1 2.46637801836e-19
1 1.69872838153e-19
1 1.40655195605e-19
1 1.11900121776e-19
1 1.59550551986e-19
1 5.09014264429e-19
1 2.82518265125e-19
1 5.08618184796e-19
1 1.08581149371e-19
1 3.16325658077e-19
1 7.97685781533e-20
1 1.91965966812e-19
1 2.29984084794e-19
1 2.57231484414e-19
1 8.67655668382e-20
1 3.77371608819e-19
1 1.5816473653e-19
1 1.71590690443e-19
1 2.31428938189e-19
1 4.15522846386e-19
1 2.26310915027e-19
1 2.82355856361e-19
1 1.15134366459e-19
1 1.60710317294e-19
1 3.64362416036e-19
1 4.15416554015e-19
1 3.08228551636e-19
1 1.68504018775e-19
1 1.46819092597e-19
1 4.51429974248e-19
1 2.98676751579e-19
1 3.99193684436e-19
1 3.31927053655e-19
1 1.49562569044e-19
1 1.35417966135e-19
1 2.1682601668e-19
1 1.38901383937e-19
1 1.41977827438e-19
1 2.88569589497e-19
1 1.52015334009e-19
1 4.28454679074e-19
1 4.62785153527e-19
1 2.90254486441e-19
1 4.04861998906e-19
1 1.70199270195e-19
1 3.18530283538e-19
1 1.77529998934e-19
1 4.03204807484e-19
1 3.39963545963e-19
1 3.48648309858e-19
1 4.41514603271e-19
1 4.54026351468e-19
1 4.72019399262e-19
At step 800 out of 1600
1 1.37858435631e-19
1 1.99588352387e-19
1 7.03015654998e-19
1 3.09949226238e-19
1 2.88183267276e-19
1 2.18266795158e-19
1 1.54236583691e-19
1 7.28918491186e-20
1 1.78103233175e-19
1 3.30008563759e-19
1 3.46509870895e-19
1 2.34475919986e-19
1 3.39946652377e-19
1 2.90122091586e-19
1 2.68660800146e-19
1 3.60885454014e-19
1 4.14913892409e-19
1 1.38113231221e-19
1 2.8932663716e-19
1 1.97145310077e-19
1 1.93770784485e-19
1 1.43012846869e-19
1 5.68479104756e-19
1 3.21780171836e-19
1 3.51339747996e-19
1 2.36657935703e-19
1 1.36777064098e-19
1 1.78951789419e-19
1 5.1831084169e-19
1 2.70988258602e-19
1 4.81503060056e-19
1 2.06675203451e-19
1 1.62218215756e-19
1 1.37051590707e-19
1 5.1420169862e-19
1 3.20121573622e-19
1 4.8691011073e-19
1 5.59513396537e-19
1 5.04634229013e-19
1 2.16381664947e-19
1 2.41752415635e-19
1 2.76238861862e-19
1 3.10786665352e-19
1 2.40604996746e-19
1 3.05534289626e-19
1 2.93060257071e-19
1 4.50652174198e-19
1 3.35479899733e-19
1 2.09139134018e-19
1 2.64841233198e-19
1 2.01809172658e-19
1 1.93729139355e-19
1 2.20780837742e-19
1 5.04459318667e-19
1 2.62429712888e-19
1 3.41788415277e-19
1 2.23073053006e-19
1 1.83196471897e-19
1 3.1734318611e-19
1 4.54777235628e-19
1 3.53348777191e-19
1 3.61332126781e-19
1 4.75852383071e-19
1 2.33225611114e-19
1 2.14273542886e-19
1 2.33585777082e-19
1 2.73085665855e-19
1 1.42541872971e-19
1 1.87342810575e-19
1 1.55749567729e-19
1 2.39071396309e-19
1 4.26950664157e-19
1 4.02547184129e-19
1 1.71549857377e-19
1 3.70380778692e-19
1 3.95613416559e-19
1 5.32747421621e-19
1 4.01605455051e-19
1 3.03983306205e-19
1 3.25059611823e-19
1 2.35492258076e-19
1 1.7078143852e-19
1 1.57776340556e-19
1 2.42991393043e-19
1 3.64026408378e-19
1 5.95450985803e-19
1 2.39132390593e-19
1 2.55909365488e-19
1 2.20190672801e-19
1 3.5612368809e-19
1 1.45255202727e-19
1 3.14670635475e-19
1 6.28483773652e-19
1 4.08260605755e-19
1 2.06589996206e-19
1 5.21521160116e-19
1 3.02096697327e-19
1 4.05410954125e-19
1 3.95124148175e-19
1 2.70882439312e-19
1 2.77557933739e-19
1 1.76733498389e-19
1 2.14527359843e-19
1 2.74198954944e-19
1 1.73090473246e-19
1 4.09039354951e-19
1 2.38406736789e-19
1 1.53705577391e-19
1 1.82221277136e-19
1 1.86782323397e-19
1 1.84981455114e-19
1 9.78215376021e-20
1 2.28599936218e-19
1 4.22893679769e-19
1 1.66605592094e-19
1 9.58744230748e-20
1 9.62065134063e-20
1 3.03414931767e-19
1 5.19045436811e-19
1 1.24280952948e-19
1 2.79389045744e-19
1 3.72525426628e-19
1 2.17488681075e-19
1 5.12307738492e-19
1 2.57951009786e-19
1 4.49068110942e-19
1 3.07303186832e-19
1 1.76576994877e-19
1 2.20151632607e-19
1 1.43952473428e-19
1 5.62748301938e-19
1 3.14246581731e-19
1 2.76165996584e-19
1 1.58666303413e-19
1 3.50684865693e-19
1 5.40520896203e-19
1 1.09269803176e-19
1 2.65400914707e-19
1 2.46723070643e-19
1 3.23830866487e-19
1 6.15108029598e-20
1 2.02172472716e-19
1 3.67697876585e-19
1 2.17166403836e-19
1 4.87696786101e-19
1 2.0553969498e-19
1 3.65576093672e-19
1 2.90376255879e-19
1 1.08608023602e-19
1 3.98629886244e-19
1 3.54107737496e-19
1 4.53879571253e-19
1 1.89487104406e-19
1 3.16757108797e-19
1 6.18881054513e-19
1 1.9978907327e-19
1 5.09662478898e-19
1 1.78693079525e-19
1 5.99829684307e-19
1 2.0912484591e-19
At step 880 out of 1600
1 1.77689172964e-19
1 2.26600154819e-19
1 4.02257133861e-19
1 2.8546910147e-19
1 5.97318214581e-19
1 4.54669972253e-19
1 5.19348591474e-19
1 2.89201851611e-19
1 1.7985011697e-19
1 4.80394557128e-19
1 3.93572805964e-19
1 7.95544215698e-19
1 3.5677821073e-19
1 2.49215564234e-19
1 2.36675752162e-19
1 1.80475607057e-19
1 2.31436980792e-19
1 1.7336146735e-19
1 6.24547059019e-19
1 1.48890929347e-19
1 1.11577091007e-19
1 3.63936034036e-19
1 6.43945360439e-19
1 2.02113903337e-19
1 4.29918676766e-19
1 2.81605096079e-19
1 2.27285980409e-19
1 3.45087526309e-19
1 5.8276888813e-19
1 2.93157468922e-19
1 5.32451012873e-19
1 1.72362565521e-19
1 1.85724359911e-19
1 1.17717275184e-19
1 3.57910021353e-19
1 2.26998228064e-19
1 4.84705406091e-19
1 2.25464143787e-19
1 1.13682514487e-19
1 2.47523573789e-19
1 4.60278226447e-19
1 1.11586181187e-19
1 1.25508399536e-19
1 2.09513580652e-19
1 2.20411638642e-19
1 3.01559734641e-19
1 4.1260704637e-19
1 9.53914900499e-20
1 2.20109926872e-19
1 1.89649824126e-19
1 2.28020644593e-19
1 3.28678496579e-19
1 1.91239512283e-19
1 1.7543497652e-19
1 2.9096128973e-19
1 2.60440662519e-19
1 1.05765087494e-19
1 4.17347872156e-19
1 1.98425168145e-19
1 4.90974710218e-19
1 3.23646822808e-19
1 2.30698056778e-19
1 2.4337096271e-19
1 4.0598739678e-19
1 5.79887327317e-19
1 3.86104349963e-19
1 2.68127095005e-19
1 4.99135940827e-19
1 2.50564635466e-19
1 4.67618171863e-19
1 3.93595394108e-19
1 2.28574721952e-19
1 2.37207058322e-19
1 1.54166081783e-19
1 2.5908205778e-19
1 3.75845110055e-19
1 1.49157187517e-19
1 5.78067151939e-19
1 1.67246383528e-19
1 7.37132603458e-20
1 1.51776221633e-19
1 1.54853039925e-19
1 1.48409786618e-19
1 2.26176010477e-19
1 4.12380640636e-19
1 3.9470310414e-19
1 2.55817598013e-19
1 4.44371704891e-19
1 1.8191192237e-19
1 3.8358322609e-19
1 2.74921684801e-19
1 4.55593919294e-19
1 1.88058862159e-19
1 5.44088151168e-19
1 4.34566774009e-19
1 1.89628232569e-19
1 2.25301740378e-19
1 4.53476556031e-19
1 3.70556128851e-19
1 1.9094347038e-19
1 1.77204428557e-19
1 4.13822120145e-19
1 4.67077450841e-19
1 5.07901936737e-19
1 4.50722837326e-19
1 1.36555096329e-19
1 2.00016945905e-19
1 3.30585165259e-19
1 1.45436996088e-19
1 4.67008960857e-19
1 1.85703685893e-19
1 2.11758712682e-19
1 1.36433718611e-19
1 9.59753062708e-20
1 3.13322005703e-19
1 1.83189088329e-19
1 5.83181496597e-19
1 3.12600271683e-19
1 2.29751000228e-19
1 1.97670754247e-19
1 3.13795922759e-19
1 5.04527552886e-19
1 2.70921254059e-19
1 2.8135205453e-19
1 1.9248103161e-19
1 2.340233457e-19
1 2.47572539888e-19
1 3.608624687e-19
1 7.06498005835e-19
1 1.59465302143e-19
1 1.95028553821e-19
1 3.41080216058e-19
1 4.01843283348e-19
1 2.36384779915e-19
1 2.91384212934e-19
1 2.98946113832e-19
1 3.60352892582e-19
1 2.89634070469e-19
1 2.11182569591e-19
1 9.96954715216e-20
1 3.9569663736e-19
1 3.61297066506e-19
1 2.00064467239e-19
1 4.10162147227e-19
1 4.64368425143e-19
1 2.80087852367e-19
1 3.22710383008e-19
1 2.58321594928e-19
1 4.90516370851e-19
1 2.10633925058e-19
1 1.55969243652e-19
1 1.02552729284e-19
1 2.71420127107e-19
1 1.86127759977e-19
1 9.17754104976e-20
1 5.54265816459e-19
1 3.76771548387e-19
1 1.01051332055e-19
1 6.1339350948e-19
1 2.95383944125e-19
At step 960 out of 1600
1 2.04358239346e-19
1 9.65863533698e-20
1 2.99315302034e-19
1 2.57357976981e-19
1 3.52087228562e-19
1 1.69912005058e-19
1 2.52231523047e-19
1 1.07811961092e-19
1 6.01076089542e-19
1 2.28403721424e-19
1 9.09382748559e-20
1 5.37781356773e-19
1 1.68553841577e-19
1 3.30393849205e-19
1 1.44629361048e-19
1 2.83542182082e-19
1 4.91036537607e-19
1 1.86159388558e-19
1 2.87763210331e-19
1 2.18906580135e-19
1 1.37451105016e-19
1 5.46628929975e-19
1 1.12872121886e-19
1 2.52880822889e-19
1 2.59715738142e-19
1 2.11313380439e-19
1 1.80938205134e-19
1 3.94187207293e-19
1 1.50016390892e-19
1 4.03346615732e-19
1 2.01702253599e-19
1 7.90987953469e-20
1 1.55338992171e-19
1 1.58028761007e-19
1 3.20722930509e-19
1 2.02899678388e-19
1 2.17606521217e-19
1 1.72576877992e-19
1 1.00401399931e-19
1 1.88644000196e-19
1 2.58795639095e-19
1 4.56922169566e-19
1 1.95727418827e-19
1 3.49351491166e-19
1 2.56137135444e-19
1 4.28393600769e-19
1 1.78218619785e-19
1 1.88697770975e-19
1 2.99741302142e-19
1 3.31091580396e-19
1 5.28261461081e-19
1 1.56256460006e-19
1 1.47552961292e-19
1 4.48550867006e-19
1 1.88808141025e-19
1 1.50049216504e-19
1 2.40819863464e-19
1 1.38590578201e-19
1 3.95473365743e-19
1 2.82055379646e-19
1 1.76067321602e-19
1 2.21758832023e-19
1 4.75529407517e-19
1 5.28691693623e-19
1 4.05912069349e-19
1 2.8085716055e-19
1 2.2190157944e-19
1 3.8712399196e-19
1 3.64496203118e-19
1 3.1387001678e-19
1 5.47661700226e-19
1 4.02640093629e-19
1 6.4558378348e-19
1 3.74002876577e-19
1 4.37535951168e-19
1 2.33408336032e-19
1 3.58777407881e-19
1 2.21313079433e-19
1 3.17519163856e-19
1 1.9689003821e-19
1 2.39109290436e-19
1 4.76540356929e-19
1 3.34272982581e-19
1 4.1141754998e-19
1 1.53135893474e-19
1 1.59068214057e-19
1 2.33480205741e-19
1 2.7006176124e-19
1 2.6810005051e-19
1 1.04109349342e-19
1 4.3418679554e-19
1 2.14612628749e-19
1 5.74609745809e-19
1 3.58456573608e-19
1 1.06945938771e-19
1 1.38647146523e-19
1 2.37395963774e-19
1 3.17312976233e-19
1 1.74186508467e-19
1 2.86277796803e-19
1 1.97179854441e-19
1 1.64563534615e-19
1 6.12680073967e-19
1 1.88676614176e-19
1 2.96662626264e-19
1 3.42093763863e-19
1 2.32075622275e-19
1 4.400551211e-19
1 4.49275197e-19
1 1.88033017366e-19
1 1.46590357187e-19
1 5.81079727145e-19
1 1.42140107368e-19
1 1.57437696085e-19
1 3.0911399411e-19
1 1.44673556129e-19
1 9.6143571439e-20
1 1.19350075639e-19
1 4.19971174942e-19
1 4.94376731234e-19
1 5.42952957905e-19
1 1.47768787547e-19
1 2.58243502286e-19
1 1.86335303125e-19
1 1.28146251392e-19
1 1.04855439684e-19
1 3.85506510542e-19
1 2.92741789404e-19
1 6.20302659538e-19
1 8.03081327521e-20
1 2.04122428446e-19
1 7.49481129181e-19
1 3.36442195407e-19
1 1.63104348864e-19
1 1.07854076279e-19
1 1.7506541366e-19
1 2.5347798609e-19
1 4.98446784825e-19
1 4.12947447312e-19
1 3.8561147814e-19
1 1.53742607754e-19
1 3.23810816188e-19
1 2.11898580423e-19
1 4.22515943778e-19
1 1.12690824232e-19
1 2.33815165989e-19
1 2.72474044503e-19
1 2.10420193224e-19
1 4.28129625977e-19
1 1.76096172263e-19
1 2.49553302264e-19
1 2.70396410871e-19
1 1.69754186491e-19
1 2.76151422382e-19
1 2.19182197794e-19
1 2.16334078806e-19
1 3.52634653641e-19
1 1.10090216799e-19
1 2.09118389094e-19
1 3.18444951135e-19
At step 1040 out of 1600
1 1.70752384913e-19
1 1.65031125872e-19
1 1.78138608685e-19
1 1.48073295901e-19
1 1.52502344762e-19
1 5.86954495528e-20
1 5.90135585876e-19
1 2.91546640911e-19
1 3.49724624489e-19
1 2.86216952097e-19
1 3.25616411527e-19
1 2.66672039397e-19
1 1.86838841493e-19
1 3.94988628082e-19
1 3.73478583941e-19
1 3.9240239218e-19
1 2.17221623436e-19
1 2.64824431782e-19
1 4.00492660332e-19
1 2.78328749983e-19
1 2.03800441495e-19
1 5.43746907247e-19
1 3.91679741337e-19
1 1.71574249429e-19
1 1.60132856552e-19
1 1.94353609745e-19
1 3.71822407995e-19
1 4.3219157821e-19
1 6.56567723285e-19
1 3.72076308533e-19
1 4.91331053547e-19
1 2.50318954e-19
1 1.53957197379e-19
1 2.89266086969e-19
1 1.99093931426e-19
1 2.63451441356e-19
1 1.98790824282e-19
1 1.32553713389e-19
1 3.06769159727e-19
1 1.43738591985e-19
1 3.99239737787e-19
1 1.43016471734e-19
1 1.83012997419e-19
1 1.86228581817e-19
1 4.82762136503e-19
1 3.21427772465e-19
1 3.0509560009e-19
1 1.81294828268e-19
1 1.01111070641e-19
1 2.0077794265e-19
1 1.43933642505e-19
1 5.36496923234e-19
1 2.53613736646e-19
1 2.92074660582e-19
1 2.40211690719e-19
1 1.91737786166e-19
1 1.49570229155e-19
1 2.10930306149e-19
1 2.47675994108e-19
1 2.69968798861e-19
1 3.60575628287e-19
1 2.60840800714e-19
1 4.30261236052e-19
1 6.56010527453e-19
1 3.29782424848e-19
1 4.79557616383e-19
1 2.8039242001e-19
1 3.32665406478e-19
1 2.66460163706e-19
1 1.52132276135e-19
1 2.85237837465e-19
1 1.64613863873e-19
1 2.72547424759e-19
1 1.36798326296e-19
1 2.27996177649e-19
1 3.2737243503e-19
1 5.55443146755e-19
1 1.6769172198e-19
1 2.87444451409e-19
1 3.66243170411e-19
1 3.49192404526e-19
1 5.29353564143e-19
1 3.05284099098e-19
1 6.43815048162e-19
1 3.22597748435e-19
1 1.90527540641e-19
1 4.24719032196e-19
1 7.76410450719e-20
1 3.27658651928e-19
1 1.75318759117e-19
1 1.63699254072e-19
1 2.52745525369e-19
1 2.05329609892e-19
1 2.83866218191e-19
1 3.91985667872e-19
1 1.70672154411e-19
1 2.107739314e-19
1 2.15205789561e-19
1 2.18485026674e-19
1 6.35895309377e-19
1 2.59489220406e-19
1 1.70291699837e-19
1 2.57831472668e-19
1 3.66516865739e-19
1 3.66458668329e-19
1 4.00175971542e-19
1 1.49315632827e-19
1 3.50421182572e-19
1 9.51290686064e-20
1 1.22676999221e-19
1 2.36972703852e-19
1 1.19097903484e-19
1 2.22842920591e-19
1 2.77918379242e-19
1 3.21467272969e-19
1 5.15703593025e-19
1 2.88160310794e-19
1 3.14635710936e-19
1 5.71040142716e-19
1 4.04203903776e-19
1 3.74204757782e-19
1 2.35924746031e-19
1 1.80684684829e-19
1 2.0455482672e-19
1 5.00287002218e-19
1 2.42862862133e-19
1 3.09423270246e-19
1 2.42810286947e-19
1 1.5947132265e-19
1 5.03504175611e-19
1 6.10729651887e-19
1 8.14428753302e-19
1 2.20038429888e-19
1 4.04679445852e-19
1 3.82232053141e-19
1 1.51695557904e-19
1 1.81499768102e-19
1 3.60601491479e-19
1 1.46785522173e-19
1 1.87570411854e-19
1 1.80640937807e-19
1 4.22977359794e-19
1 4.15968020736e-19
1 3.63111836837e-19
1 4.28013063909e-19
1 3.05239100168e-19
1 2.37563605897e-19
1 3.68232915454e-19
1 3.74022609964e-19
1 2.36203294997e-19
1 3.89731879683e-19
1 3.87180533896e-19
1 2.66987565895e-19
1 1.46670249324e-19
1 4.0204974646e-19
1 9.88613245279e-20
1 4.00106470776e-19
1 1.68247731795e-19
1 2.40816208313e-19
1 1.62970612251e-19
At step 1120 out of 1600
1 9.82463718201e-20
1 2.02836820933e-19
1 1.57093329319e-19
1 1.75530055832e-19
1 2.28611290056e-19
1 1.63884080593e-19
1 3.33135299179e-19
1 1.48433210474e-19
1 2.59834511475e-19
1 7.5709212489e-19
1 3.67034475851e-19
1 3.43483547493e-19
1 2.18664616658e-19
1 3.86408621295e-19
1 5.18753326843e-19
1 3.86352911979e-19
1 8.63709370245e-20
1 2.31402904857e-19
1 3.9229148805e-19
1 1.89525304751e-19
1 4.71742153108e-19
1 3.44848765373e-19
1 3.04566296193e-19
1 2.36136082669e-19
1 2.34262106137e-19
1 1.08300190889e-19
1 1.42201066071e-19
1 2.02551422686e-19
1 2.08002900027e-19
1 3.31489226548e-19
1 1.16249909657e-19
1 2.51710150289e-19
1 2.59100345964e-19
1 1.69852735831e-19
1 1.87576606361e-19
1 3.98114359241e-19
1 3.84879119499e-19
1 5.37299791466e-19
1 1.33061053233e-19
1 1.66709486751e-19
1 1.57018341747e-19
1 3.07600907364e-19
1 3.53528661988e-19
1 1.59761352208e-19
1 2.37761430653e-19
1 1.79126148695e-19
1 6.97931240337e-19
1 1.59725283111e-19
1 1.42577612739e-19
1 4.22700934904e-19
1 3.51880248301e-19
1 3.83965452892e-19
1 1.73726570913e-19
1 2.40580008068e-19
1 1.31228095064e-19
1 2.22359411969e-19
1 4.94948901308e-19
1 2.45382847793e-19
1 2.34609437566e-19
1 2.74393119986e-19
1 2.74200860236e-19
1 2.79681174986e-19
1 1.9146638054e-19
1 2.31167374109e-19
1 2.77841703649e-19
1 3.07235434613e-19
1 1.46093222582e-19
1 1.59658539299e-19
1 3.42128052564e-19
1 1.39919698565e-19
1 2.37230350533e-19
1 1.50454906195e-19
1 3.44121581861e-19
1 1.78424878736e-19
1 1.51730217759e-19
1 3.48863232736e-19
1 6.95624888273e-19
1 2.52206956987e-19
1 8.83044567648e-20
1 3.27205117503e-19
1 2.86637570462e-19
1 3.20674628456e-19
1 3.39285456741e-19
1 4.70762170148e-19
1 7.29578090554e-19
1 3.21078144274e-19
1 2.08372066674e-19
1 6.72718684976e-19
1 2.43484184234e-19
1 4.93540268935e-19
1 2.07215576573e-19
1 1.74333881548e-19
1 5.16669292812e-19
1 7.1349003568e-19
1 2.36721433526e-19
1 4.05267444054e-19
1 1.43666584629e-19
1 1.80416799828e-19
1 2.85283543763e-19
1 3.6911420267e-19
1 3.40645254884e-19
1 1.80257673309e-19
1 3.52154229531e-19
1 5.43313531086e-20
1 3.84781280048e-19
1 4.10535300487e-19
1 4.06978889249e-19
1 1.13119323603e-19
1 1.92559887624e-19
1 2.95113060181e-19
1 1.92113773142e-19
1 1.26920958287e-19
1 1.56825565761e-19
1 2.56863741516e-19
1 3.95082796921e-19
1 2.37085607375e-19
1 1.34603907884e-19
1 2.09620480938e-19
1 3.11032851817e-19
1 2.62986244012e-19
1 2.06819012939e-19
1 1.76286614369e-19
1 3.84447302637e-19
1 3.29628226118e-19
1 2.482908816e-19
1 1.78951860996e-19
1 3.93870737854e-19
1 2.62142272193e-19
1 1.41716847949e-19
1 2.77954759801e-19
1 5.24101161843e-19
1 3.84704254632e-19
1 8.038330849e-19
1 3.08305061352e-19
1 3.0474966231e-19
1 2.73717578976e-19
1 2.04821063354e-19
1 1.89728865365e-19
1 2.57658863312e-19
1 2.03185779969e-19
1 2.26466241624e-19
1 4.87657029092e-19
1 6.08439635459e-19
1 4.00185069873e-19
1 2.63735717654e-19
1 2.23588730181e-19
1 3.73330204906e-19
1 1.75866346802e-19
1 2.95238772306e-19
1 3.10140034058e-19
1 2.69605534218e-19
1 6.36471863233e-19
1 1.99528626982e-19
1 2.51672781873e-19
1 8.75020315531e-20
1 1.79934841108e-19
1 3.51371226019e-19
1 1.56271689843e-19
1 3.57170922534e-19
1 1.71856061112e-19
At step 1200 out of 1600
1 2.90404366654e-19
1 1.3385542296e-19
1 5.86688840896e-19
1 1.43127765644e-19
1 2.01862639373e-19
1 3.6309260276e-19
1 3.05601754625e-19
1 2.0465747347e-19
1 2.53933588629e-19
1 1.94622382362e-19
1 5.46441050052e-19
1 9.54122521843e-20
1 4.49091055399e-19
1 5.52702907609e-19
1 1.70502603409e-19
1 1.99964208912e-19
1 5.68542077803e-19
1 2.70905364434e-19
1 1.10657348101e-19
1 1.20126742478e-19
1 3.87516157206e-19
1 1.97668115942e-19
1 2.24660744232e-19
1 7.24192543062e-19
1 4.13357020658e-19
1 4.23820931948e-19
1 4.30401630803e-19
1 5.80747436765e-19
1 1.51677047601e-19
1 3.29628359055e-19
1 2.37025509429e-19
1 2.37898620069e-19
1 1.16209818816e-19
1 3.94748787799e-19
1 2.85215827767e-19
1 1.86576072527e-19
1 5.07552995111e-19
1 1.61603669419e-19
1 3.18897545996e-19
1 5.76394023254e-19
1 3.58624097242e-19
1 3.22617116851e-19
1 2.68416560125e-19
1 3.22344603166e-19
1 3.35947571155e-19
1 8.59201430759e-20
1 2.65186646448e-19
1 3.00888505655e-19
1 2.58687915158e-19
1 4.74275495301e-19
1 1.40074314268e-19
1 2.21120674326e-19
1 6.52450702899e-19
1 2.18494509138e-19
1 2.28731571587e-19
1 2.5371770402e-19
1 2.58072045285e-19
1 3.36354120991e-19
1 1.36205883519e-19
1 1.27309747298e-19
1 5.9804684112e-19
1 1.63347675596e-19
1 2.67170427322e-19
1 3.17123136907e-19
1 2.97456404329e-19
1 2.86937082814e-19
1 3.61669002183e-19
1 6.11020481102e-19
1 2.70449021445e-19
1 1.60574302107e-19
1 2.65901201185e-19
1 1.14207380383e-19
1 1.71028580854e-19
1 4.92940486221e-19
1 4.11681233793e-19
1 2.95659099339e-19
1 1.40570332028e-19
1 9.34808140417e-20
1 3.37336209816e-19
1 5.51017754871e-19
1 1.97698107972e-19
1 3.20975677494e-19
1 1.84825397625e-19
1 2.35238155823e-19
1 2.1357442701e-19
1 1.90564079926e-19
1 2.04137815649e-19
1 3.49870821028e-19
1 2.22987064069e-19
1 5.4519014296e-19
1 1.7557628627e-19
1 3.31784389689e-19
1 1.43073652129e-19
1 2.143243425e-19
1 1.93144439067e-19
1 1.28209449954e-19
1 4.80742503784e-19
1 3.68984097052e-19
1 1.95619099228e-19
1 2.99565188416e-19
1 2.43017086524e-19
1 1.55922317474e-19
1 2.89321583968e-19
1 2.44298430893e-19
1 3.48115744288e-19
1 3.36850245463e-19
1 1.0772029755e-19
1 1.45550276651e-19
1 1.928290196e-19
1 2.93916472572e-19
1 8.73842649078e-20
1 5.15340318781e-19
1 1.87401640783e-19
1 2.78029654359e-19
1 5.07982683385e-19
1 2.56785074645e-19
1 4.43802424289e-19
1 2.12295598978e-19
1 3.50898966579e-19
1 3.11563860696e-19
1 1.94075466549e-19
1 1.33887303192e-19
1 2.6461179778e-19
1 2.86094127422e-19
1 4.30949691924e-19
1 1.4496385661e-19
1 1.39933985917e-19
1 3.13240704271e-19
1 5.18103768227e-19
1 1.47995605818e-19
1 9.00841381435e-20
1 4.57805556901e-19
1 1.14148488659e-19
1 5.1010273435e-19
1 1.45618287935e-19
1 2.53729904222e-19
1 2.49115805621e-19
1 9.43712858004e-20
1 2.08588927315e-19
1 5.51476870106e-19
1 3.26393763854e-19
1 2.32334030341e-19
1 3.78954041636e-19
1 2.22471450424e-19
1 2.6092492752e-19
1 3.03936125322e-19
1 2.88659644076e-19
1 4.9025940657e-19
1 1.30549163208e-19
1 1.82016210858e-19
1 2.81942723864e-19
1 2.12190261944e-19
1 2.24110035314e-19
1 2.54069864348e-19
1 1.62960443011e-19
1 2.14856881205e-19
1 1.86505037536e-19
1 2.84491333856e-19
1 2.72142018105e-19
1 1.34203090499e-19
At step 1280 out of 1600
1 2.21846889325e-19
1 3.34594950787e-19
1 2.73366658345e-19
1 4.35303707742e-19
1 2.44807694668e-19
1 1.91177647043e-19
1 3.2498766296e-19
1 3.14243373477e-19
1 3.59283364614e-19
1 1.72609928939e-19
1 1.92115648172e-19
1 2.5245165988e-19
1 1.94777444602e-19
1 3.02115831943e-19
1 2.39624337495e-19
1 2.39279073809e-19
1 4.83901149969e-19
1 2.44965822065e-19
1 4.51057775556e-19
1 4.31254896344e-19
1 3.07284255021e-19
1 2.55598693705e-19
1 2.9432515581e-19
1 3.47591652376e-19
1 4.31406628603e-19
1 4.27331582673e-19
1 4.45909292476e-19
1 2.67234140408e-19
1 4.61522328991e-19
1 1.70411788765e-19
1 8.91435061524e-20
1 2.86949001143e-19
1 5.74289491896e-19
1 2.73063871396e-19
1 6.70360433068e-20
1 2.35580300178e-19
1 1.71061981121e-19
1 2.3990602982e-19
1 4.07510439196e-19
1 1.84362744054e-19
1 3.60893425224e-19
1 1.95922311897e-19
1 2.21574110303e-19
1 1.79637780826e-19
1 5.97021409736e-19
1 2.78472104989e-19
1 1.59845816995e-19
1 1.25781710976e-19
1 1.81286907616e-19
1 2.9310494081e-19
1 1.50007571048e-19
1 1.79947910869e-19
1 4.24374612397e-19
1 4.49157464252e-19
1 1.35544413476e-19
1 3.16054274987e-19
1 4.26803648836e-19
1 8.02120793913e-19
1 2.98342119814e-19
1 1.29464507901e-19
1 2.96820938119e-19
1 3.32990129168e-19
1 1.96982883789e-19
1 1.99752814928e-19
1 5.11347741441e-19
1 3.98898547188e-19
1 3.39073516328e-19
1 4.00622333226e-19
1 2.87824438195e-19
1 1.60239587611e-19
1 1.34462219764e-19
1 3.96495302928e-19
1 1.16585364368e-19
1 4.35259680498e-19
1 2.85970979425e-19
1 1.64765702694e-19
1 2.4675333705e-19
1 2.62136604624e-19
1 4.46023512589e-19
1 5.17584404482e-19
1 5.66034718174e-20
1 1.75761941319e-19
1 2.06117967283e-19
1 1.06225595062e-19
1 3.21210572724e-19
1 8.09287302545e-20
1 2.21170643813e-19
1 3.60922977057e-19
1 3.31594169986e-19
1 1.42080125234e-19
1 2.1396266849e-19
1 7.29760809788e-19
1 1.85973554315e-19
1 3.47482322476e-19
1 1.28196758328e-19
1 1.25101545459e-19
1 4.48568548904e-19
1 1.81956401232e-19
1 6.31272323573e-19
1 3.24227817723e-19
1 5.49215642267e-19
1 1.47732743445e-19
1 2.93815059596e-19
1 6.87949036921e-19
1 2.33815586578e-19
1 1.1173888146e-19
1 3.18297524263e-19
1 3.88156337492e-19
1 3.05822232326e-19
1 4.30246790645e-19
1 1.59978047105e-19
1 2.04793298632e-19
1 2.25721873019e-19
1 2.44960759656e-19
1 6.03255963571e-19
1 4.88343566349e-19
1 2.46206221608e-19
1 2.48336257204e-19
1 1.70513760816e-19
1 1.65411061186e-19
1 1.5632346105e-19
1 1.72065163751e-19
1 3.84395527447e-19
1 5.35318476988e-19
1 2.55724726819e-19
1 2.80923623535e-19
1 2.4818562495e-19
1 2.877084937e-19
1 3.65397355602e-19
1 1.04302881149e-19
1 2.56614621271e-19
1 4.32582622162e-19
1 2.085817283e-19
1 1.69114645264e-19
1 1.57584950309e-19
1 2.57994636842e-19
1 2.23738918517e-19
1 6.90701437884e-19
1 4.48675002022e-19
1 1.03554516729e-19
1 1.77430500188e-19
1 7.28659719988e-19
1 5.60627059108e-19
1 2.9191911363e-19
1 1.54267508694e-19
1 2.96666649482e-19
1 4.63967053665e-19
1 2.34674559671e-19
1 4.89756893267e-19
1 6.31740331645e-19
1 4.14437707309e-19
1 1.65773563272e-19
1 2.88696274995e-19
1 3.19156265628e-19
1 1.25784262605e-19
1 2.63407114513e-19
1 4.08456983864e-19
1 2.4314105756e-19
1 2.1542531701e-19
1 3.34694570338e-19
At step 1360 out of 1600
1 2.94204968268e-19
1 1.9882202759e-19
1 3.56690375415e-19
1 8.13699516228e-20
1 2.19527662285e-19
1 1.40230754663e-19
1 6.86036946523e-19
1 5.1433835458e-19
1 7.71630913286e-19
1 3.37726547108e-19
1 1.98585412003e-19
1 2.40744267468e-19
1 1.65975427809e-19
1 1.7135875882e-19
1 1.886967253e-19
1 1.33535435563e-19
1 3.50959274756e-19
1 2.20083874798e-19
1 9.69230827335e-20
1 3.48122968477e-19
1 2.74305811403e-19
1 2.00223332722e-19
1 1.02524728777e-19
1 5.84675398334e-19
1 2.52284560462e-19
1 2.62303915748e-19
1 3.86481464425e-19
1 5.34334429567e-19
1 4.22143839466e-19
1 2.54770251928e-19
1 3.64277753576e-19
1 1.01873831475e-19
1 2.8183736573e-19
1 1.47815593729e-19
1 2.5853561064e-19
1 3.9984554038e-19
1 4.91239620609e-19
1 3.75190261521e-19
1 2.21707433513e-19
1 3.55604609469e-19
1 2.46783290861e-19
1 2.88248769968e-19
1 2.72341298104e-19
1 2.17315737536e-19
1 3.78399215391e-19
1 4.79205864022e-19
1 2.60321955191e-19
1 1.05579330396e-19
1 5.71650714617e-19
1 3.50955713044e-19
1 2.31289066558e-19
1 2.60636018003e-19
1 1.34526703544e-19
1 3.81269355117e-19
1 3.94714646998e-19
1 1.01459170952e-19
1 1.09776110941e-19
1 2.15700029302e-19
1 2.79608867818e-19
1 1.27417855762e-19
1 3.29921160367e-19
1 1.56613953123e-19
1 3.13723156654e-19
1 3.1558832459e-19
1 2.92682877423e-19
1 1.49191409744e-19
1 3.36254032764e-19
1 3.41544249958e-19
1 2.27421323858e-19
1 1.4868330769e-19
1 2.61107398449e-19
1 2.21653434345e-19
1 1.803525553e-19
1 5.81283111806e-20
1 2.6876412867e-19
1 3.71995317334e-19
1 1.8170382722e-19
1 3.87882269887e-19
1 2.8464486809e-19
1 1.15362377321e-19
1 3.66399126456e-19
1 4.30143540574e-19
1 5.47280315127e-19
1 4.4986564477e-19
1 1.49309541497e-19
1 8.72118068508e-20
1 1.28690924309e-19
1 2.13482740188e-19
1 3.14546632367e-19
1 8.43061897505e-20
1 3.41427921244e-19
1 5.46931600058e-19
1 2.89940209653e-19
1 1.13677775244e-19
1 2.75399262833e-19
1 4.53054957077e-19
1 1.38713106095e-19
1 8.55953970867e-20
1 2.96197181075e-19
1 2.0396489381e-19
1 6.45548390533e-19
1 4.24957377433e-19
1 3.00308036538e-19
1 1.16936532835e-19
1 6.04038109002e-19
1 4.22446680972e-19
1 2.10088922108e-19
1 3.99675295085e-19
1 3.80602663098e-19
1 2.83733836599e-19
1 2.74309196858e-19
1 3.4196612553e-19
1 3.00195753798e-19
1 4.70489816431e-19
1 2.48172820972e-19
1 2.15400839499e-19
1 1.88398692867e-19
1 3.24806177235e-19
1 3.45127513112e-19
1 4.85659169049e-19
1 5.68594601106e-19
1 2.84897006877e-19
1 4.91701992154e-19
1 1.26242763831e-19
1 3.27891495417e-19
1 3.14788566115e-19
1 4.62671161147e-19
1 3.71953799752e-19
1 9.93733387019e-20
1 2.35941854071e-19
1 1.41965508853e-19
1 5.02763319564e-19
1 5.36307352153e-19
1 2.56407648397e-19
1 2.3554204321e-19
1 2.39684223486e-19
1 3.03633682746e-19
1 2.64190958101e-19
1 3.38822338121e-19
1 4.00199350026e-19
1 3.29664190236e-19
1 1.2302057529e-19
1 1.81683985213e-19
1 3.01069254035e-19
1 1.99399440559e-19
1 2.55623755538e-19
1 7.32972810535e-19
1 1.99477453519e-19
1 2.63023423869e-19
1 4.38835505308e-19
1 3.62054917718e-19
1 2.89124171458e-19
1 3.33907668486e-19
1 5.07100114924e-19
1 3.41221777897e-19
1 1.68978770969e-19
1 2.17836647238e-19
1 6.93831482165e-19
1 1.89019391975e-19
1 4.29142750974e-19
At step 1440 out of 1600
1 1.36282194331e-19
1 2.73398503231e-19
1 3.48058796616e-19
1 1.76932604692e-19
1 2.81737533602e-19
1 3.43039657275e-19
1 3.71462977031e-19
1 3.79984172814e-19
1 7.26340796561e-19
1 4.33581517395e-19
1 3.54727305841e-19
1 1.93129493844e-19
1 1.63303170024e-19
1 2.50950865902e-19
1 2.89601977205e-19
1 3.16818779655e-19
1 2.24837887196e-19
1 4.00484250888e-19
1 3.28957885007e-19
1 1.22407349036e-19
1 8.28978035209e-20
1 5.0277907002e-19
1 3.59682937513e-19
1 2.56081730964e-19
1 2.48212701659e-19
1 2.92060313387e-19
1 2.27334575208e-19
1 1.08592286181e-19
1 2.63538332858e-19
1 1.19989835919e-19
1 1.60194126091e-19
1 1.48140842796e-19
1 4.78565116115e-19
1 1.5607552008e-19
1 3.20771556301e-19
1 9.08408239549e-20
1 2.39207878642e-19
1 1.61792789578e-19
1 5.60030363914e-19
1 4.97169532817e-19
1 8.60918950131e-19
1 2.51880323229e-19
1 3.09615806908e-19
1 3.4443231502e-19
1 1.19039983137e-19
1 4.25808201089e-19
1 1.51951580548e-19
1 2.98777550793e-19
1 3.67245020326e-19
1 4.3893145029e-19
1 1.73296258617e-19
1 1.93038433946e-19
1 3.90509463815e-19
1 1.78730820347e-19
1 4.57056677996e-19
1 2.65326559365e-19
1 5.77757596571e-19
1 6.59338522477e-19
1 4.15375612523e-19
1 4.19240720292e-19
1 2.98859742093e-19
1 1.52482875673e-19
1 2.82855559284e-19
1 9.48892389437e-20
1 3.44190614964e-19
1 2.83795441658e-19
1 2.40810831738e-19
1 2.73633203977e-19
1 4.16733870298e-19
1 2.85673998919e-19
1 3.81382862636e-19
1 3.14633127058e-19
1 4.9104112764e-19
1 2.31113400139e-19
1 3.92433274937e-19
1 4.59780045149e-19
1 2.00819702779e-19
1 4.08070332244e-19
1 2.94765725936e-19
1 2.64697802341e-19
1 4.22006064167e-19
1 1.71271465612e-19
1 2.94998343913e-19
1 2.88474655402e-19
1 2.48257222462e-19
1 1.90822335821e-19
1 2.87326503149e-19
1 2.64044860023e-19
1 7.34601887e-19
1 2.90365841089e-19
1 2.62993733544e-19
1 2.01949681103e-19
1 1.55673401858e-19
1 3.18794186563e-19
1 2.53036837158e-19
1 2.73064173962e-19
1 3.77165239678e-19
1 3.88420057637e-19
1 2.06609771988e-19
1 3.98617761463e-19
1 1.16706731723e-19
1 2.37111729105e-19
1 2.41406489759e-19
1 2.64908791573e-19
1 2.07457381144e-19
1 5.76813514987e-19
1 1.12061735126e-19
1 3.26050734682e-19
1 4.12092608609e-19
1 1.63248185327e-19
1 4.05622839699e-19
1 3.1167691218e-19
1 1.74301769897e-19
1 2.54969092151e-19
1 3.47922962175e-19
1 3.00579150986e-19
1 4.11778016364e-19
1 2.35893732928e-19
1 1.35787758047e-19
1 2.18544569573e-19
1 5.9842578756e-19
1 2.15949778688e-19
1 4.50527437758e-19
1 4.86973534103e-19
1 3.72820986011e-19
1 3.78420862016e-19
1 9.20138787939e-20
1 2.11268574738e-19
1 3.86877574035e-19
1 9.68139293998e-20
1 5.0481508614e-19
1 3.13490577233e-19
1 2.52288628942e-19
1 3.21718735058e-19
1 2.57234755025e-19
1 3.3756401521e-19
1 4.37804483769e-19
1 2.28407770442e-19
1 1.29529788032e-19
1 1.70511625679e-19
1 3.8524165128e-19
1 2.45486725385e-19
1 4.57708203182e-19
1 2.65985370514e-19
1 2.15525293171e-19
1 5.68692990245e-19
1 2.10629865076e-19
1 1.70669093892e-19
1 3.2620819093e-19
1 2.29301122362e-19
1 2.38433260133e-19
1 1.23527147107e-19
1 3.26964078151e-19
1 2.82328983715e-19
1 2.31017286747e-19
1 3.7140362419e-19
1 2.50601589597e-19
1 3.25673897487e-19
1 2.12987408823e-19
1 3.64334880081e-19
At step 1520 out of 1600
1 3.91237129098e-19
1 3.22474869079e-19
1 2.81611300399e-19
1 1.5628724646e-19
1 4.62954879639e-19
1 4.07798492452e-19
1 3.7926826111e-19
1 2.42312523391e-19
1 6.40840305488e-20
1 2.52401449663e-19
1 2.89554283199e-19
1 4.07522516989e-19
1 3.45657568407e-19
1 1.18124804957e-19
1 6.75998641577e-19
1 3.7008436225e-19
1 1.64953829929e-19
1 4.40682160522e-19
1 3.91197012545e-19
1 2.48014286664e-19
1 4.35708475561e-19
1 2.87550646362e-19
1 3.88118079402e-19
1 2.82925774171e-19
1 1.83655389142e-19
1 2.25310698952e-19
1 1.64073465171e-19
1 3.97931735239e-19
1 3.72582423388e-19
1 1.90781879218e-19
1 2.83364729809e-19
1 2.0236005906e-19
1 3.07510866129e-19
1 5.25423820536e-19
1 4.43161091434e-19
1 1.50107780246e-19
1 1.13167334379e-19
1 2.49100175514e-19
1 2.61892890951e-19
1 2.76483954761e-19
1 1.61840082314e-19
1 2.67152129198e-19
1 3.27863950555e-19
1 4.46719871789e-19
1 2.56202192913e-19
1 7.42238882729e-19
1 4.13354056864e-19
1 2.69724825249e-19
1 1.60615404487e-19
1 1.61714966094e-19
1 1.86991410817e-19
1 3.42412154747e-19
1 4.55473821149e-19
1 1.20238037331e-19
1 3.4696424037e-19
1 2.53919599288e-19
1 9.2780094889e-20
1 1.78678553576e-19
1 1.87144923194e-19
1 3.59511096768e-19
1 2.40540764541e-19
1 3.45095552208e-19
1 2.48817248855e-19
1 3.51278893611e-19
1 1.25525527953e-19
1 5.25690062188e-19
1 1.36024364201e-19
1 3.79471491841e-19
1 2.17831559136e-19
1 2.22013787192e-19
1 1.53141900592e-19
1 3.56475799683e-19
1 5.38807932364e-19
1 6.04719728729e-19
1 2.2637306408e-19
1 2.2515071887e-19
1 2.17785807409e-19
1 1.23398782841e-19
1 1.36268542076e-19
1 2.63618726547e-19
1 4.22557472301e-19
1 5.48068192078e-19
1 1.76766564201e-19
1 4.8831067563e-19
1 3.33826879468e-19
1 4.40458172411e-19
1 4.66275421021e-19
1 5.07252076468e-19
1 2.94309101049e-19
1 2.14948541675e-19
1 2.46560082837e-19
1 1.25036529075e-19
1 4.92816916192e-19
1 1.65143469765e-19
1 2.44670770203e-19
1 2.11838365941e-19
1 5.14213440158e-19
1 2.74666889538e-19
1 1.2498514325e-19
1 2.97771190902e-19
1 1.34791066506e-19
1 2.96203668226e-19
1 3.66904705514e-19
1 4.3648963928e-19
1 3.70055154523e-19
1 1.83282054046e-19
1 3.13527739408e-19
1 2.31993362751e-19
1 3.23599646818e-19
1 2.92506158068e-19
1 2.91778570286e-19
1 3.84811508854e-19
1 3.08014242966e-19
1 2.87029576609e-19
1 3.88086294993e-19
1 2.51545943916e-19
1 2.26741588362e-19
1 7.71717400091e-20
1 1.35858810368e-19
1 2.71996216262e-19
1 2.2965897412e-19
1 2.06420174479e-19
1 2.65242055919e-19
1 2.48990766904e-19
1 2.99209010507e-19
1 2.37721214034e-19
1 4.18011173661e-19
1 3.69489276653e-19
1 3.09736723938e-19
1 1.95141363055e-19
1 4.65914900189e-19
1 2.86985342927e-19
1 2.74177436901e-19
1 1.38586447737e-19
1 5.53694516699e-19
1 1.74071676143e-19
1 1.75067481403e-19
1 2.58464699916e-19
1 4.96023508376e-19
1 2.74850510868e-19
1 2.83011549572e-19
1 1.42841828288e-19
1 9.14695021501e-20
1 3.22584753063e-19
1 2.2706574638e-19
1 6.65874407317e-19
1 5.57072705545e-19
1 2.36593819864e-19
1 2.34370466233e-19
1 4.58596411455e-19
1 2.81696018997e-19
1 2.55870047377e-19
1 1.50461716423e-19
1 9.52889201968e-20
1 2.69609941453e-19
1 4.02206217695e-19
1 2.00867672682e-19
1 1.93941026014e-19
Finished timestepping. Total Time: 25.99 minutes.
Integrator Rejection rate: 0.0
